

<!DOCTYPE html>
<html>
<head>
<meta charset="UTF-8">
<meta name="viewport" content="width=device-width, initial-scale=1, shrink-to-fit=no">
<title></title>
<link rel="apple-touch-icon" href="https://cdn.jsdelivr.net/gh/extent-framework/extent-github-cdn@b00a2d0486596e73dd7326beacf352c639623a0e/commons/img/logo.png">
<link rel="shortcut icon" href="https://cdn.jsdelivr.net/gh/extent-framework/extent-github-cdn@b00a2d0486596e73dd7326beacf352c639623a0e/commons/img/logo.png">
<link href="https://cdn.jsdelivr.net/gh/extent-framework/extent-github-cdn@d6562a79075e061305ccfdb82f01e5e195e2d307/spark/css/spark-style.css" rel="stylesheet" />
<link href="https://stackpath.bootstrapcdn.com/font-awesome/4.7.0/css/font-awesome.min.css" rel="stylesheet">
<script src="https://cdn.jsdelivr.net/gh/extent-framework/extent-github-cdn@7cc78ce/spark/js/jsontree.js"></script>
<style type="text/css"></style></head><body class="spa bdd-report standard">
  <div class="app">
    <div class="layout">
<div class="header navbar">
<div class="vheader">
<div class="nav-logo">
<a href="#">
<div class="logo" style="background-image: url('https://cdn.jsdelivr.net/gh/extent-framework/extent-github-cdn@b00a2d0486596e73dd7326beacf352c639623a0e/commons/img/logo.png')"></div>
</a>
</div>
<ul class="nav-left">
<li class="search-box">
<a class="search-toggle" href="#">
<i class="search-icon fa fa-search"></i>
<i class="search-icon-close fa fa-close"></i>
</a>
</li>
<li class="search-input"><input id="search-tests" class="form-control" type="text" placeholder="Search..."></li>
</ul>
<ul class="nav-right">
<li class="m-r-10">
<a href="#"><span class="badge badge-primary"></span></a>
</li>
<li class="m-r-10">
<a href="#"><span class="badge badge-primary">Aug 12, 2024 11:20:45 PM</span></a>
</li>
</ul>
</div>
</div><div class="side-nav">
<div class="side-nav-inner">
<ul class="side-nav-menu">
<li class="nav-item dropdown" onclick="toggleView('test-view')">
<a id="nav-test" class="dropdown-toggle" href="#">
<span class="ico"><i class="fa fa-list"></i></span>
</a>
</li>
<li class="nav-item dropdown" onclick="toggleView('exception-view')">
<a id="nav-exception" class="dropdown-toggle" href="#">
<span class="ico"><i class="fa fa-bug"></i></span>
</a>
</li>
<li class="nav-item dropdown" onclick="toggleView('category-view')">
<a id="nav-category" class="dropdown-toggle" href="#">
<span class="ico"><i class="fa fa-tag"></i></span>
</a>
</li>
<li class="nav-item dropdown" onclick="toggleView('dashboard-view')">
<a id="nav-dashboard" class="dropdown-toggle" href="#">
<span class="ico"><i class="fa fa-bar-chart"></i></span>
</a>
</li>
</ul>
</div>
</div>      <div class="vcontainer">
        <div class="main-content">
<div class="test-wrapper row view test-view">
  <div class="test-list">
    <div class="test-list-tools">
<ul class="tools pull-left">
<li><a href="#"><span class="font-size-14">Tests</span></a></li>
</ul>
<ul class="tools text-right">
<li class="dropdown">
<a href="#" class="dropdown-toggle" data-toggle="dropdown"><i class="fa fa-exclamation-circle"></i></a>
<ul id="status-toggle" class="dropdown-menu dropdown-md p-v-0">
<a class="dropdown-item" status="fail" href="#"><span>Fail</span><span class="status danger"></span></a>
<div class="dropdown-divider"></div>
<a status="clear" class="dropdown-item" href="#"><span>Clear</span><span class="pull-right"><i class="fa fa-close"></i></span></a>
</ul>
</li>
<li class="dropdown">
<a href="#" class="dropdown-toggle" data-toggle="dropdown"><i class="fa fa-tag"></i></a>
<ul id="tag-toggle" class="dropdown-menu dropdown-md p-v-0">
<a class="dropdown-item" href="#">@test</a>
</ul>
</li>
</ul>
</div>    <div class="test-list-wrapper scrollable">
      <ul class="test-list-item">
        <li class="test-item"  status="fail" test-id="1"
          author=""
          tag=""
          device="">
          <div class="test-detail">
            <p class="name">Testing the Functionalities of Queue Page</p>
            <p class="text-sm">
              <span>11:20:46 PM</span> / <span>00:01:42:894</span>
              <span class="badge fail-bg log float-right">Fail</span>
            </p>
          </div>
          <div class="test-contents d-none">
<div class="detail-head">
<div class="p-v-10">
<div class="info">
<h5 class="test-status text-fail">Testing the Functionalities of Queue Page</h5>
<span class='badge badge-success'>08.12.2024 11:20:46 PM</span>
<span class='badge badge-danger'>08.12.2024 11:22:29 PM</span>
<span class='badge badge-default'>00:01:42:894</span>
&middot; <span class='uri-anchor badge badge-default'>#test-id=1</span>
<span class='badge badge-default pointer float-right ml-1 et'><i class="fa fa-chevron-down"></i></span>
<span class='badge badge-default pointer float-right ct'><i class="fa fa-chevron-up"></i></span>
</div>
<div class="m-t-10 m-l-5"></div>
</div>
</div>
<div class="accordion mt-4">
  <div class="card">
    <div class="card-header" role="tab">
      <div class="card-title">
        <div class="node" id="2"><span class="badge log pass-bg mr-2">Pass</span>Testing the Implementation of Queue in Python link in Queue Page</div>
      </div>
    </div>
        <div class="collapse">
          <div class="card-body">
              <div class="step pass-bg" title="stepDefinitions.SignInSteps.user_moves_to_home_page_after_login_to_application()">
                <span>Given User moves to home page after login to application</span>
      <div>
      </div>
              </div>
              <div class="step pass-bg" title="stepDefinitions.QueueSteps.the_user_clicks_the_queue_get_started_button()">
                <span>When The User clicks the Queue Get Started button</span>
      <div>
      </div>
              </div>
              <div class="step pass-bg" title="stepDefinitions.QueueSteps.the_user_should_navigate_to_the_queue_page()">
                <span>Then The User should navigate to the Queue Page</span>
      <div>
      </div>
              </div>
              <div class="step pass-bg" title="stepDefinitions.QueueSteps.the_user_is_in_the_queue_page()">
                <span>Given The user is in the Queue Page</span>
      <div>
      </div>
              </div>
              <div class="step pass-bg" title="stepDefinitions.QueueSteps.the_user_clicks_the_implementation_of_queue_in_python_link_in_the_queue_page()">
                <span>When The User clicks the Implementation of Queue in Python link  in the Queue Page</span>
      <div>
      </div>
              </div>
              <div class="step pass-bg" title="stepDefinitions.QueueSteps.the_user_should_be_navigate_to_the_implementation_of_queue_in_python_page()">
                <span>Then The user should be navigate to the Implementation of Queue in Python Page</span>
      <div>
      </div>
              </div>
          </div>
        </div>
  </div>
  <div class="card">
    <div class="card-header" role="tab">
      <div class="card-title">
        <div class="node" id="17"><span class="badge log pass-bg mr-2">Pass</span>Testing the Implementation using collections queue  link in Queue Page</div>
      </div>
    </div>
        <div class="collapse">
          <div class="card-body">
              <div class="step pass-bg" title="stepDefinitions.SignInSteps.user_moves_to_home_page_after_login_to_application()">
                <span>Given User moves to home page after login to application</span>
      <div>
      </div>
              </div>
              <div class="step pass-bg" title="stepDefinitions.QueueSteps.the_user_clicks_the_queue_get_started_button()">
                <span>When The User clicks the Queue Get Started button</span>
      <div>
      </div>
              </div>
              <div class="step pass-bg" title="stepDefinitions.QueueSteps.the_user_should_navigate_to_the_queue_page()">
                <span>Then The User should navigate to the Queue Page</span>
      <div>
      </div>
              </div>
              <div class="step pass-bg" title="stepDefinitions.QueueSteps.the_user_is_in_the_queue_page()">
                <span>Given The user is in the Queue Page</span>
      <div>
      </div>
              </div>
              <div class="step pass-bg" title="stepDefinitions.QueueSteps.the_user_clicks_the_implementation_using_collections_queue_link_in_queue_page()">
                <span>When The User clicks the  Implementation using collections queue link in Queue Page</span>
      <div>
      </div>
              </div>
              <div class="step pass-bg" title="stepDefinitions.QueueSteps.the_user_should_be_navigate_to_the_implementation_using_collections_queue_page()">
                <span>Then The user should be navigate to the Implementation using collections queue Page</span>
      <div>
      </div>
              </div>
          </div>
        </div>
  </div>
  <div class="card">
    <div class="card-header" role="tab">
      <div class="card-title">
        <div class="node" id="32"><span class="badge log fail-bg mr-2">Fail</span>Testing the Implementation using Array link Queue  Page</div>
      </div>
    </div>
        <div class="">
          <div class="card-body">
              <div class="step fail-bg" title="BEFORE">
                <span>stepDefinitions.Hooks.setup()</span>
      <div>
        <textarea disabled class="code-block">org.openqa.selenium.remote.NoSuchDriverException: Unable to obtain: chromedriver, error Command failed with code: -1073741819, executed: [--browser, chrome, --language-binding, java, --output, json]

Build info: version: '4.23.0', revision: '4df0a231af'
System info: os.name: 'Windows 11', os.arch: 'amd64', os.version: '10.0', java.version: '17.0.10'
Driver info: driver.version: ChromeDriver
	at org.openqa.selenium.remote.service.DriverFinder.getBinaryPaths(DriverFinder.java:121)
	at org.openqa.selenium.remote.service.DriverFinder.getDriverPath(DriverFinder.java:55)
	at org.openqa.selenium.chrome.ChromeDriver.generateExecutor(ChromeDriver.java:99)
	at org.openqa.selenium.chrome.ChromeDriver.<init>(ChromeDriver.java:88)
	at org.openqa.selenium.chrome.ChromeDriver.<init>(ChromeDriver.java:83)
	at org.openqa.selenium.chrome.ChromeDriver.<init>(ChromeDriver.java:51)
	at Factory.BaseClass.initializeBrowser(BaseClass.java:67)
	at stepDefinitions.Hooks.setup(Hooks.java:30)
Caused by: org.openqa.selenium.WebDriverException: Command failed with code: -1073741819, executed: [--browser, chrome, --language-binding, java, --output, json]

Build info: version: '4.23.0', revision: '4df0a231af'
System info: os.name: 'Windows 11', os.arch: 'amd64', os.version: '10.0', java.version: '17.0.10'
Driver info: driver.version: ChromeDriver
	at org.openqa.selenium.manager.SeleniumManager.runCommand(SeleniumManager.java:170)
	at org.openqa.selenium.manager.SeleniumManager.getBinaryPaths(SeleniumManager.java:247)
	at org.openqa.selenium.remote.service.DriverFinder.getBinaryPaths(DriverFinder.java:102)
	at org.openqa.selenium.remote.service.DriverFinder.getDriverPath(DriverFinder.java:55)
	at org.openqa.selenium.chrome.ChromeDriver.generateExecutor(ChromeDriver.java:99)
	at org.openqa.selenium.chrome.ChromeDriver.<init>(ChromeDriver.java:88)
	at org.openqa.selenium.chrome.ChromeDriver.<init>(ChromeDriver.java:83)
	at org.openqa.selenium.chrome.ChromeDriver.<init>(ChromeDriver.java:51)
	at Factory.BaseClass.initializeBrowser(BaseClass.java:67)
	at stepDefinitions.Hooks.setup(Hooks.java:30)
	at java.base/jdk.internal.reflect.NativeMethodAccessorImpl.invoke0(Native Method)
	at java.base/jdk.internal.reflect.NativeMethodAccessorImpl.invoke(NativeMethodAccessorImpl.java:77)
	at java.base/jdk.internal.reflect.DelegatingMethodAccessorImpl.invoke(DelegatingMethodAccessorImpl.java:43)
	at java.base/java.lang.reflect.Method.invoke(Method.java:568)
	at io.cucumber.java.Invoker.doInvoke(Invoker.java:66)
	at io.cucumber.java.Invoker.invoke(Invoker.java:24)
	at io.cucumber.java.AbstractGlueDefinition.invokeMethod(AbstractGlueDefinition.java:47)
	at io.cucumber.java.JavaHookDefinition.execute(JavaHookDefinition.java:64)
	at io.cucumber.core.runner.CoreHookDefinition.execute(CoreHookDefinition.java:46)
	at io.cucumber.core.runner.HookDefinitionMatch.runStep(HookDefinitionMatch.java:21)
	at io.cucumber.core.runner.ExecutionMode$1.execute(ExecutionMode.java:10)
	at io.cucumber.core.runner.TestStep.executeStep(TestStep.java:81)
	at io.cucumber.core.runner.TestStep.run(TestStep.java:53)
	at io.cucumber.core.runner.TestCase.run(TestCase.java:78)
	at io.cucumber.core.runner.Runner.runPickle(Runner.java:75)
	at io.cucumber.testng.TestNGCucumberRunner.lambda$runScenario$1(TestNGCucumberRunner.java:132)
	at io.cucumber.core.runtime.CucumberExecutionContext.lambda$runTestCase$5(CucumberExecutionContext.java:136)
	at io.cucumber.core.runtime.RethrowingThrowableCollector.executeAndThrow(RethrowingThrowableCollector.java:23)
	at io.cucumber.core.runtime.CucumberExecutionContext.runTestCase(CucumberExecutionContext.java:136)
	at io.cucumber.testng.TestNGCucumberRunner.runScenario(TestNGCucumberRunner.java:129)
	at io.cucumber.testng.AbstractTestNGCucumberTests.runScenario(AbstractTestNGCucumberTests.java:35)
	at java.base/jdk.internal.reflect.NativeMethodAccessorImpl.invoke0(Native Method)
	at java.base/jdk.internal.reflect.NativeMethodAccessorImpl.invoke(NativeMethodAccessorImpl.java:77)
	at java.base/jdk.internal.reflect.DelegatingMethodAccessorImpl.invoke(DelegatingMethodAccessorImpl.java:43)
	at java.base/java.lang.reflect.Method.invoke(Method.java:568)
	at org.testng.internal.invokers.MethodInvocationHelper.invokeMethod(MethodInvocationHelper.java:141)
	at org.testng.internal.invokers.TestInvoker.invokeMethod(TestInvoker.java:686)
	at org.testng.internal.invokers.TestInvoker.invokeTestMethod(TestInvoker.java:230)
	at org.testng.internal.invokers.MethodRunner.runInSequence(MethodRunner.java:63)
	at org.testng.internal.invokers.TestInvoker$MethodInvocationAgent.invoke(TestInvoker.java:992)
	at org.testng.internal.invokers.TestInvoker.invokeTestMethods(TestInvoker.java:203)
	at org.testng.internal.invokers.TestMethodWorker.invokeTestMethods(TestMethodWorker.java:154)
	at org.testng.internal.invokers.TestMethodWorker.run(TestMethodWorker.java:134)
	at java.base/java.util.ArrayList.forEach(ArrayList.java:1511)
	at org.testng.TestRunner.privateRun(TestRunner.java:739)
	at org.testng.TestRunner.run(TestRunner.java:614)
	at org.testng.SuiteRunner.runTest(SuiteRunner.java:421)
	at org.testng.SuiteRunner.runSequentially(SuiteRunner.java:413)
	at org.testng.SuiteRunner.privateRun(SuiteRunner.java:373)
	at org.testng.SuiteRunner.run(SuiteRunner.java:312)
	at org.testng.SuiteRunnerWorker.runSuite(SuiteRunnerWorker.java:52)
	at org.testng.SuiteRunnerWorker.run(SuiteRunnerWorker.java:95)
	at org.testng.TestNG.runSuitesSequentially(TestNG.java:1274)
	at org.testng.TestNG.runSuitesLocally(TestNG.java:1208)
	at org.testng.TestNG.runSuites(TestNG.java:1112)
	at org.testng.TestNG.run(TestNG.java:1079)
	at org.testng.remote.AbstractRemoteTestNG.run(AbstractRemoteTestNG.java:115)
	at org.testng.remote.RemoteTestNG.initAndRun(RemoteTestNG.java:293)
	at org.testng.remote.RemoteTestNG.main(RemoteTestNG.java:91)
</textarea>
      
      </div>
              </div>
              <div class="step skip-bg" title="stepDefinitions.SignInSteps.user_moves_to_home_page_after_login_to_application()">
                <span>Given User moves to home page after login to application</span>
      <div>Step skipped
      </div>
              </div>
              <div class="step skip-bg" title="stepDefinitions.QueueSteps.the_user_clicks_the_queue_get_started_button()">
                <span>When The User clicks the Queue Get Started button</span>
      <div>Step skipped
      </div>
              </div>
              <div class="step skip-bg" title="stepDefinitions.QueueSteps.the_user_should_navigate_to_the_queue_page()">
                <span>Then The User should navigate to the Queue Page</span>
      <div>Step skipped
      </div>
              </div>
              <div class="step skip-bg" title="stepDefinitions.QueueSteps.the_user_is_in_the_queue_page()">
                <span>Given The user is in the Queue Page</span>
      <div>Step skipped
      </div>
              </div>
              <div class="step skip-bg" title="stepDefinitions.QueueSteps.the_user_clicks_the_implementation_using_array_link_in_queue_page()">
                <span>When The User clicks the Implementation using Array link in Queue Page</span>
      <div>Step skipped
      </div>
              </div>
              <div class="step skip-bg" title="stepDefinitions.QueueSteps.the_user_should_be_navigate_to_the_implementation_using_array_page()">
                <span>Then The user should be navigate to the Implementation using Array Page</span>
      <div>Step skipped
      </div>
              </div>
              <div class="step fail-bg" title="AFTER">
                <span>stepDefinitions.Hooks.tearDown()</span>
      <div>
        <textarea disabled class="code-block">java.lang.NullPointerException: Cannot invoke "org.openqa.selenium.WebDriver.quit()" because "this.driver" is null
	at stepDefinitions.Hooks.tearDown(Hooks.java:43)
</textarea>
      
      </div>
              </div>
          </div>
        </div>
  </div>
  <div class="card">
    <div class="card-header" role="tab">
      <div class="card-title">
        <div class="node" id="47"><span class="badge log pass-bg mr-2">Pass</span>Testing the Queue Operations link in Queue Page</div>
      </div>
    </div>
        <div class="collapse">
          <div class="card-body">
              <div class="step pass-bg" title="stepDefinitions.SignInSteps.user_moves_to_home_page_after_login_to_application()">
                <span>Given User moves to home page after login to application</span>
      <div>
      </div>
              </div>
              <div class="step pass-bg" title="stepDefinitions.QueueSteps.the_user_clicks_the_queue_get_started_button()">
                <span>When The User clicks the Queue Get Started button</span>
      <div>
      </div>
              </div>
              <div class="step pass-bg" title="stepDefinitions.QueueSteps.the_user_should_navigate_to_the_queue_page()">
                <span>Then The User should navigate to the Queue Page</span>
      <div>
      </div>
              </div>
              <div class="step pass-bg" title="stepDefinitions.QueueSteps.the_user_is_in_the_queue_page()">
                <span>Given The user is in the Queue Page</span>
      <div>
      </div>
              </div>
              <div class="step pass-bg" title="stepDefinitions.QueueSteps.the_user_clicks_the_queue_operations_link_in_queue_page()">
                <span>When The User clicks the  Queue Operations link in Queue Page</span>
      <div>
      </div>
              </div>
              <div class="step pass-bg" title="stepDefinitions.QueueSteps.the_user_should_be_navigate_to_the_queue_operations_page()">
                <span>Then The user should be navigate to the Queue Operations Page</span>
      <div>
      </div>
              </div>
          </div>
        </div>
  </div>
  <div class="card">
    <div class="card-header" role="tab">
      <div class="card-title">
        <div class="node" id="62"><span class="badge log pass-bg mr-2">Pass</span>Testing the Implementation of Queue link from the Left panel links</div>
      </div>
    </div>
        <div class="collapse">
          <div class="card-body">
              <div class="step pass-bg" title="stepDefinitions.SignInSteps.user_moves_to_home_page_after_login_to_application()">
                <span>Given User moves to home page after login to application</span>
      <div>
      </div>
              </div>
              <div class="step pass-bg" title="stepDefinitions.QueueSteps.the_user_clicks_the_queue_get_started_button()">
                <span>When The User clicks the Queue Get Started button</span>
      <div>
      </div>
              </div>
              <div class="step pass-bg" title="stepDefinitions.QueueSteps.the_user_should_navigate_to_the_queue_page()">
                <span>Then The User should navigate to the Queue Page</span>
      <div>
      </div>
              </div>
              <div class="step pass-bg" title="stepDefinitions.QueueSteps.the_user_is_in_the_implementation_of_queue_page()">
                <span>Given The user is in the  Implementation of Queue Page</span>
      <div>
      </div>
              </div>
              <div class="step pass-bg" title="stepDefinitions.QueueSteps.the_user_clicks_the_implementation_of_queue_link_in_this_page()">
                <span>When The user clicks the Implementation of Queue link in this Page</span>
      <div>
      </div>
              </div>
              <div class="step pass-bg" title="stepDefinitions.QueueSteps.the_user_should_be_stayed_in_the_same_page()">
                <span>Then The user should be stayed in the same page</span>
      <div>
      </div>
              </div>
          </div>
        </div>
  </div>
  <div class="card">
    <div class="card-header" role="tab">
      <div class="card-title">
        <div class="node" id="77"><span class="badge log pass-bg mr-2">Pass</span>Testing the Implementation using collections.queue link  from the Left panel links</div>
      </div>
    </div>
        <div class="collapse">
          <div class="card-body">
              <div class="step pass-bg" title="stepDefinitions.SignInSteps.user_moves_to_home_page_after_login_to_application()">
                <span>Given User moves to home page after login to application</span>
      <div>
      </div>
              </div>
              <div class="step pass-bg" title="stepDefinitions.QueueSteps.the_user_clicks_the_queue_get_started_button()">
                <span>When The User clicks the Queue Get Started button</span>
      <div>
      </div>
              </div>
              <div class="step pass-bg" title="stepDefinitions.QueueSteps.the_user_should_navigate_to_the_queue_page()">
                <span>Then The User should navigate to the Queue Page</span>
      <div>
      </div>
              </div>
              <div class="step pass-bg" title="stepDefinitions.QueueSteps.the_user_is_in_the_implementation_of_queue_page()">
                <span>Given The user is in the  Implementation of Queue Page</span>
      <div>
      </div>
              </div>
              <div class="step pass-bg" title="stepDefinitions.QueueSteps.the_user_clicks_the_implementation_using_collections_queue_link_from_the_left_panel_links()">
                <span>When The user clicks the Implementation using collections.queue link from the left panel links</span>
      <div>
      </div>
              </div>
              <div class="step pass-bg" title="stepDefinitions.QueueSteps.the_user_should_be_navigate_to_the_implementation_using_collections_queue_page()">
                <span>Then The user should be navigate to the Implementation using collections queue Page</span>
      <div>
      </div>
              </div>
          </div>
        </div>
  </div>
  <div class="card">
    <div class="card-header" role="tab">
      <div class="card-title">
        <div class="node" id="92"><span class="badge log fail-bg mr-2">Fail</span>Testing the Implementation using Array link from the Left panel links</div>
      </div>
    </div>
        <div class="">
          <div class="card-body">
              <div class="step fail-bg" title="BEFORE">
                <span>stepDefinitions.Hooks.setup()</span>
      <div>
        <textarea disabled class="code-block">org.openqa.selenium.remote.NoSuchDriverException: Unable to obtain: chromedriver, error Command failed with code: -1073741819, executed: [--browser, chrome, --language-binding, java, --output, json]

Build info: version: '4.23.0', revision: '4df0a231af'
System info: os.name: 'Windows 11', os.arch: 'amd64', os.version: '10.0', java.version: '17.0.10'
Driver info: driver.version: ChromeDriver
	at org.openqa.selenium.remote.service.DriverFinder.getBinaryPaths(DriverFinder.java:121)
	at org.openqa.selenium.remote.service.DriverFinder.getDriverPath(DriverFinder.java:55)
	at org.openqa.selenium.chrome.ChromeDriver.generateExecutor(ChromeDriver.java:99)
	at org.openqa.selenium.chrome.ChromeDriver.<init>(ChromeDriver.java:88)
	at org.openqa.selenium.chrome.ChromeDriver.<init>(ChromeDriver.java:83)
	at org.openqa.selenium.chrome.ChromeDriver.<init>(ChromeDriver.java:51)
	at Factory.BaseClass.initializeBrowser(BaseClass.java:67)
	at stepDefinitions.Hooks.setup(Hooks.java:30)
Caused by: org.openqa.selenium.WebDriverException: Command failed with code: -1073741819, executed: [--browser, chrome, --language-binding, java, --output, json]

Build info: version: '4.23.0', revision: '4df0a231af'
System info: os.name: 'Windows 11', os.arch: 'amd64', os.version: '10.0', java.version: '17.0.10'
Driver info: driver.version: ChromeDriver
	at org.openqa.selenium.manager.SeleniumManager.runCommand(SeleniumManager.java:170)
	at org.openqa.selenium.manager.SeleniumManager.getBinaryPaths(SeleniumManager.java:247)
	at org.openqa.selenium.remote.service.DriverFinder.getBinaryPaths(DriverFinder.java:102)
	at org.openqa.selenium.remote.service.DriverFinder.getDriverPath(DriverFinder.java:55)
	at org.openqa.selenium.chrome.ChromeDriver.generateExecutor(ChromeDriver.java:99)
	at org.openqa.selenium.chrome.ChromeDriver.<init>(ChromeDriver.java:88)
	at org.openqa.selenium.chrome.ChromeDriver.<init>(ChromeDriver.java:83)
	at org.openqa.selenium.chrome.ChromeDriver.<init>(ChromeDriver.java:51)
	at Factory.BaseClass.initializeBrowser(BaseClass.java:67)
	at stepDefinitions.Hooks.setup(Hooks.java:30)
	at java.base/jdk.internal.reflect.NativeMethodAccessorImpl.invoke0(Native Method)
	at java.base/jdk.internal.reflect.NativeMethodAccessorImpl.invoke(NativeMethodAccessorImpl.java:77)
	at java.base/jdk.internal.reflect.DelegatingMethodAccessorImpl.invoke(DelegatingMethodAccessorImpl.java:43)
	at java.base/java.lang.reflect.Method.invoke(Method.java:568)
	at io.cucumber.java.Invoker.doInvoke(Invoker.java:66)
	at io.cucumber.java.Invoker.invoke(Invoker.java:24)
	at io.cucumber.java.AbstractGlueDefinition.invokeMethod(AbstractGlueDefinition.java:47)
	at io.cucumber.java.JavaHookDefinition.execute(JavaHookDefinition.java:64)
	at io.cucumber.core.runner.CoreHookDefinition.execute(CoreHookDefinition.java:46)
	at io.cucumber.core.runner.HookDefinitionMatch.runStep(HookDefinitionMatch.java:21)
	at io.cucumber.core.runner.ExecutionMode$1.execute(ExecutionMode.java:10)
	at io.cucumber.core.runner.TestStep.executeStep(TestStep.java:81)
	at io.cucumber.core.runner.TestStep.run(TestStep.java:53)
	at io.cucumber.core.runner.TestCase.run(TestCase.java:78)
	at io.cucumber.core.runner.Runner.runPickle(Runner.java:75)
	at io.cucumber.testng.TestNGCucumberRunner.lambda$runScenario$1(TestNGCucumberRunner.java:132)
	at io.cucumber.core.runtime.CucumberExecutionContext.lambda$runTestCase$5(CucumberExecutionContext.java:136)
	at io.cucumber.core.runtime.RethrowingThrowableCollector.executeAndThrow(RethrowingThrowableCollector.java:23)
	at io.cucumber.core.runtime.CucumberExecutionContext.runTestCase(CucumberExecutionContext.java:136)
	at io.cucumber.testng.TestNGCucumberRunner.runScenario(TestNGCucumberRunner.java:129)
	at io.cucumber.testng.AbstractTestNGCucumberTests.runScenario(AbstractTestNGCucumberTests.java:35)
	at java.base/jdk.internal.reflect.NativeMethodAccessorImpl.invoke0(Native Method)
	at java.base/jdk.internal.reflect.NativeMethodAccessorImpl.invoke(NativeMethodAccessorImpl.java:77)
	at java.base/jdk.internal.reflect.DelegatingMethodAccessorImpl.invoke(DelegatingMethodAccessorImpl.java:43)
	at java.base/java.lang.reflect.Method.invoke(Method.java:568)
	at org.testng.internal.invokers.MethodInvocationHelper.invokeMethod(MethodInvocationHelper.java:141)
	at org.testng.internal.invokers.TestInvoker.invokeMethod(TestInvoker.java:686)
	at org.testng.internal.invokers.TestInvoker.invokeTestMethod(TestInvoker.java:230)
	at org.testng.internal.invokers.MethodRunner.runInSequence(MethodRunner.java:63)
	at org.testng.internal.invokers.TestInvoker$MethodInvocationAgent.invoke(TestInvoker.java:992)
	at org.testng.internal.invokers.TestInvoker.invokeTestMethods(TestInvoker.java:203)
	at org.testng.internal.invokers.TestMethodWorker.invokeTestMethods(TestMethodWorker.java:154)
	at org.testng.internal.invokers.TestMethodWorker.run(TestMethodWorker.java:134)
	at java.base/java.util.ArrayList.forEach(ArrayList.java:1511)
	at org.testng.TestRunner.privateRun(TestRunner.java:739)
	at org.testng.TestRunner.run(TestRunner.java:614)
	at org.testng.SuiteRunner.runTest(SuiteRunner.java:421)
	at org.testng.SuiteRunner.runSequentially(SuiteRunner.java:413)
	at org.testng.SuiteRunner.privateRun(SuiteRunner.java:373)
	at org.testng.SuiteRunner.run(SuiteRunner.java:312)
	at org.testng.SuiteRunnerWorker.runSuite(SuiteRunnerWorker.java:52)
	at org.testng.SuiteRunnerWorker.run(SuiteRunnerWorker.java:95)
	at org.testng.TestNG.runSuitesSequentially(TestNG.java:1274)
	at org.testng.TestNG.runSuitesLocally(TestNG.java:1208)
	at org.testng.TestNG.runSuites(TestNG.java:1112)
	at org.testng.TestNG.run(TestNG.java:1079)
	at org.testng.remote.AbstractRemoteTestNG.run(AbstractRemoteTestNG.java:115)
	at org.testng.remote.RemoteTestNG.initAndRun(RemoteTestNG.java:293)
	at org.testng.remote.RemoteTestNG.main(RemoteTestNG.java:91)
</textarea>
      
      </div>
              </div>
              <div class="step skip-bg" title="stepDefinitions.SignInSteps.user_moves_to_home_page_after_login_to_application()">
                <span>Given User moves to home page after login to application</span>
      <div>Step skipped
      </div>
              </div>
              <div class="step skip-bg" title="stepDefinitions.QueueSteps.the_user_clicks_the_queue_get_started_button()">
                <span>When The User clicks the Queue Get Started button</span>
      <div>Step skipped
      </div>
              </div>
              <div class="step skip-bg" title="stepDefinitions.QueueSteps.the_user_should_navigate_to_the_queue_page()">
                <span>Then The User should navigate to the Queue Page</span>
      <div>Step skipped
      </div>
              </div>
              <div class="step skip-bg" title="stepDefinitions.QueueSteps.the_user_is_in_the_implementation_of_queue_page()">
                <span>Given The user is in the  Implementation of Queue Page</span>
      <div>Step skipped
      </div>
              </div>
              <div class="step skip-bg" title="stepDefinitions.QueueSteps.the_user_clicks_the_implementation_using_array_link_in_this_page_from_the_left_panel_links()">
                <span>When The user clicks the Implementation using Array link in this Page from the left panel links</span>
      <div>Step skipped
      </div>
              </div>
              <div class="step skip-bg" title="stepDefinitions.QueueSteps.the_user_should_be_navigate_to_the_implementation_using_array_page()">
                <span>Then The user should be navigate to the Implementation using Array Page</span>
      <div>Step skipped
      </div>
              </div>
              <div class="step fail-bg" title="AFTER">
                <span>stepDefinitions.Hooks.tearDown()</span>
      <div>
        <textarea disabled class="code-block">java.lang.NullPointerException: Cannot invoke "org.openqa.selenium.WebDriver.quit()" because "this.driver" is null
	at stepDefinitions.Hooks.tearDown(Hooks.java:43)
</textarea>
      
      </div>
              </div>
          </div>
        </div>
  </div>
  <div class="card">
    <div class="card-header" role="tab">
      <div class="card-title">
        <div class="node" id="107"><span class="badge log pass-bg mr-2">Pass</span>Testing the Queue Operations link from the Left panel links</div>
      </div>
    </div>
        <div class="collapse">
          <div class="card-body">
              <div class="step pass-bg" title="stepDefinitions.SignInSteps.user_moves_to_home_page_after_login_to_application()">
                <span>Given User moves to home page after login to application</span>
      <div>
      </div>
              </div>
              <div class="step pass-bg" title="stepDefinitions.QueueSteps.the_user_clicks_the_queue_get_started_button()">
                <span>When The User clicks the Queue Get Started button</span>
      <div>
      </div>
              </div>
              <div class="step pass-bg" title="stepDefinitions.QueueSteps.the_user_should_navigate_to_the_queue_page()">
                <span>Then The User should navigate to the Queue Page</span>
      <div>
      </div>
              </div>
              <div class="step pass-bg" title="stepDefinitions.QueueSteps.the_user_is_in_the_implementation_of_queue_page()">
                <span>Given The user is in the  Implementation of Queue Page</span>
      <div>
      </div>
              </div>
              <div class="step pass-bg" title="stepDefinitions.QueueSteps.the_user_clicks_the_queue_operations_link_in_this_page_from_the_left_panel_links()">
                <span>When The user clicks the Queue Operations link in this Page from the Left panel links</span>
      <div>
      </div>
              </div>
              <div class="step pass-bg" title="stepDefinitions.QueueSteps.the_user_should_be_navigate_to_the_queue_operations_page()">
                <span>Then The user should be navigate to the Queue Operations Page</span>
      <div>
      </div>
              </div>
          </div>
        </div>
  </div>
  <div class="card">
    <div class="card-header" role="tab">
      <div class="card-title">
        <div class="node" id="122"><span class="badge log pass-bg mr-2">Pass</span>Testing the Practice Questions link from the Left panel links</div>
      </div>
    </div>
        <div class="collapse">
          <div class="card-body">
              <div class="step pass-bg" title="stepDefinitions.SignInSteps.user_moves_to_home_page_after_login_to_application()">
                <span>Given User moves to home page after login to application</span>
      <div>
      </div>
              </div>
              <div class="step pass-bg" title="stepDefinitions.QueueSteps.the_user_clicks_the_queue_get_started_button()">
                <span>When The User clicks the Queue Get Started button</span>
      <div>
      </div>
              </div>
              <div class="step pass-bg" title="stepDefinitions.QueueSteps.the_user_should_navigate_to_the_queue_page()">
                <span>Then The User should navigate to the Queue Page</span>
      <div>
      </div>
              </div>
              <div class="step pass-bg" title="stepDefinitions.QueueSteps.the_user_is_in_the_implementation_of_queue_page()">
                <span>Given The user is in the  Implementation of Queue Page</span>
      <div>
      </div>
              </div>
              <div class="step pass-bg" title="stepDefinitions.QueueSteps.the_user_clicks_the_practice_questions_link_in_this_page()">
                <span>When The user clicks the Practice Questions link in this Page</span>
      <div>
      </div>
              </div>
              <div class="step pass-bg" title="stepDefinitions.QueueSteps.the_user_should_be_navigate_to_the_practice_questions_page()">
                <span>Then The user should be navigate to the  Practice Questions Page</span>
      <div>
      </div>
              </div>
          </div>
        </div>
  </div>
  <div class="card">
    <div class="card-header" role="tab">
      <div class="card-title">
        <div class="node" id="137"><span class="badge log fail-bg mr-2">Fail</span>Testing the Try here in Implementation of Queue in Python Page</div>
      </div>
    </div>
        <div class="">
          <div class="card-body">
              <div class="step fail-bg" title="BEFORE">
                <span>stepDefinitions.Hooks.setup()</span>
      <div>
        <textarea disabled class="code-block">org.openqa.selenium.remote.NoSuchDriverException: Unable to obtain: chromedriver, error Command failed with code: -1073741819, executed: [--browser, chrome, --language-binding, java, --output, json]

Build info: version: '4.23.0', revision: '4df0a231af'
System info: os.name: 'Windows 11', os.arch: 'amd64', os.version: '10.0', java.version: '17.0.10'
Driver info: driver.version: ChromeDriver
	at org.openqa.selenium.remote.service.DriverFinder.getBinaryPaths(DriverFinder.java:121)
	at org.openqa.selenium.remote.service.DriverFinder.getDriverPath(DriverFinder.java:55)
	at org.openqa.selenium.chrome.ChromeDriver.generateExecutor(ChromeDriver.java:99)
	at org.openqa.selenium.chrome.ChromeDriver.<init>(ChromeDriver.java:88)
	at org.openqa.selenium.chrome.ChromeDriver.<init>(ChromeDriver.java:83)
	at org.openqa.selenium.chrome.ChromeDriver.<init>(ChromeDriver.java:51)
	at Factory.BaseClass.initializeBrowser(BaseClass.java:67)
	at stepDefinitions.Hooks.setup(Hooks.java:30)
Caused by: org.openqa.selenium.WebDriverException: Command failed with code: -1073741819, executed: [--browser, chrome, --language-binding, java, --output, json]

Build info: version: '4.23.0', revision: '4df0a231af'
System info: os.name: 'Windows 11', os.arch: 'amd64', os.version: '10.0', java.version: '17.0.10'
Driver info: driver.version: ChromeDriver
	at org.openqa.selenium.manager.SeleniumManager.runCommand(SeleniumManager.java:170)
	at org.openqa.selenium.manager.SeleniumManager.getBinaryPaths(SeleniumManager.java:247)
	at org.openqa.selenium.remote.service.DriverFinder.getBinaryPaths(DriverFinder.java:102)
	at org.openqa.selenium.remote.service.DriverFinder.getDriverPath(DriverFinder.java:55)
	at org.openqa.selenium.chrome.ChromeDriver.generateExecutor(ChromeDriver.java:99)
	at org.openqa.selenium.chrome.ChromeDriver.<init>(ChromeDriver.java:88)
	at org.openqa.selenium.chrome.ChromeDriver.<init>(ChromeDriver.java:83)
	at org.openqa.selenium.chrome.ChromeDriver.<init>(ChromeDriver.java:51)
	at Factory.BaseClass.initializeBrowser(BaseClass.java:67)
	at stepDefinitions.Hooks.setup(Hooks.java:30)
	at java.base/jdk.internal.reflect.NativeMethodAccessorImpl.invoke0(Native Method)
	at java.base/jdk.internal.reflect.NativeMethodAccessorImpl.invoke(NativeMethodAccessorImpl.java:77)
	at java.base/jdk.internal.reflect.DelegatingMethodAccessorImpl.invoke(DelegatingMethodAccessorImpl.java:43)
	at java.base/java.lang.reflect.Method.invoke(Method.java:568)
	at io.cucumber.java.Invoker.doInvoke(Invoker.java:66)
	at io.cucumber.java.Invoker.invoke(Invoker.java:24)
	at io.cucumber.java.AbstractGlueDefinition.invokeMethod(AbstractGlueDefinition.java:47)
	at io.cucumber.java.JavaHookDefinition.execute(JavaHookDefinition.java:64)
	at io.cucumber.core.runner.CoreHookDefinition.execute(CoreHookDefinition.java:46)
	at io.cucumber.core.runner.HookDefinitionMatch.runStep(HookDefinitionMatch.java:21)
	at io.cucumber.core.runner.ExecutionMode$1.execute(ExecutionMode.java:10)
	at io.cucumber.core.runner.TestStep.executeStep(TestStep.java:81)
	at io.cucumber.core.runner.TestStep.run(TestStep.java:53)
	at io.cucumber.core.runner.TestCase.run(TestCase.java:78)
	at io.cucumber.core.runner.Runner.runPickle(Runner.java:75)
	at io.cucumber.testng.TestNGCucumberRunner.lambda$runScenario$1(TestNGCucumberRunner.java:132)
	at io.cucumber.core.runtime.CucumberExecutionContext.lambda$runTestCase$5(CucumberExecutionContext.java:136)
	at io.cucumber.core.runtime.RethrowingThrowableCollector.executeAndThrow(RethrowingThrowableCollector.java:23)
	at io.cucumber.core.runtime.CucumberExecutionContext.runTestCase(CucumberExecutionContext.java:136)
	at io.cucumber.testng.TestNGCucumberRunner.runScenario(TestNGCucumberRunner.java:129)
	at io.cucumber.testng.AbstractTestNGCucumberTests.runScenario(AbstractTestNGCucumberTests.java:35)
	at java.base/jdk.internal.reflect.NativeMethodAccessorImpl.invoke0(Native Method)
	at java.base/jdk.internal.reflect.NativeMethodAccessorImpl.invoke(NativeMethodAccessorImpl.java:77)
	at java.base/jdk.internal.reflect.DelegatingMethodAccessorImpl.invoke(DelegatingMethodAccessorImpl.java:43)
	at java.base/java.lang.reflect.Method.invoke(Method.java:568)
	at org.testng.internal.invokers.MethodInvocationHelper.invokeMethod(MethodInvocationHelper.java:141)
	at org.testng.internal.invokers.TestInvoker.invokeMethod(TestInvoker.java:686)
	at org.testng.internal.invokers.TestInvoker.invokeTestMethod(TestInvoker.java:230)
	at org.testng.internal.invokers.MethodRunner.runInSequence(MethodRunner.java:63)
	at org.testng.internal.invokers.TestInvoker$MethodInvocationAgent.invoke(TestInvoker.java:992)
	at org.testng.internal.invokers.TestInvoker.invokeTestMethods(TestInvoker.java:203)
	at org.testng.internal.invokers.TestMethodWorker.invokeTestMethods(TestMethodWorker.java:154)
	at org.testng.internal.invokers.TestMethodWorker.run(TestMethodWorker.java:134)
	at java.base/java.util.ArrayList.forEach(ArrayList.java:1511)
	at org.testng.TestRunner.privateRun(TestRunner.java:739)
	at org.testng.TestRunner.run(TestRunner.java:614)
	at org.testng.SuiteRunner.runTest(SuiteRunner.java:421)
	at org.testng.SuiteRunner.runSequentially(SuiteRunner.java:413)
	at org.testng.SuiteRunner.privateRun(SuiteRunner.java:373)
	at org.testng.SuiteRunner.run(SuiteRunner.java:312)
	at org.testng.SuiteRunnerWorker.runSuite(SuiteRunnerWorker.java:52)
	at org.testng.SuiteRunnerWorker.run(SuiteRunnerWorker.java:95)
	at org.testng.TestNG.runSuitesSequentially(TestNG.java:1274)
	at org.testng.TestNG.runSuitesLocally(TestNG.java:1208)
	at org.testng.TestNG.runSuites(TestNG.java:1112)
	at org.testng.TestNG.run(TestNG.java:1079)
	at org.testng.remote.AbstractRemoteTestNG.run(AbstractRemoteTestNG.java:115)
	at org.testng.remote.RemoteTestNG.initAndRun(RemoteTestNG.java:293)
	at org.testng.remote.RemoteTestNG.main(RemoteTestNG.java:91)
</textarea>
      
      </div>
              </div>
              <div class="step skip-bg" title="stepDefinitions.SignInSteps.user_moves_to_home_page_after_login_to_application()">
                <span>Given User moves to home page after login to application</span>
      <div>Step skipped
      </div>
              </div>
              <div class="step skip-bg" title="stepDefinitions.QueueSteps.the_user_clicks_the_queue_get_started_button()">
                <span>When The User clicks the Queue Get Started button</span>
      <div>Step skipped
      </div>
              </div>
              <div class="step skip-bg" title="stepDefinitions.QueueSteps.the_user_should_navigate_to_the_queue_page()">
                <span>Then The User should navigate to the Queue Page</span>
      <div>Step skipped
      </div>
              </div>
              <div class="step skip-bg" title="stepDefinitions.QueueSteps.the_user_is_in_the_implementation_of_queue_page()">
                <span>Given The user is in the  Implementation of Queue Page</span>
      <div>Step skipped
      </div>
              </div>
              <div class="step skip-bg" title="stepDefinitions.DataStructureSteps.the_user_clicks_the_try_here_button_in_this_page()">
                <span>When The user clicks the Try here button in this Page</span>
      <div>Step skipped
      </div>
              </div>
              <div class="step skip-bg" title="stepDefinitions.DataStructureSteps.the_user_should_be_redirected_to_python_editor_page()">
                <span>Then The User should be redirected to Python Editor page</span>
      <div>Step skipped
      </div>
              </div>
              <div class="step fail-bg" title="AFTER">
                <span>stepDefinitions.Hooks.tearDown()</span>
      <div>
        <textarea disabled class="code-block">java.lang.NullPointerException: Cannot invoke "org.openqa.selenium.WebDriver.quit()" because "this.driver" is null
	at stepDefinitions.Hooks.tearDown(Hooks.java:43)
</textarea>
      
      </div>
              </div>
          </div>
        </div>
  </div>
  <div class="card">
    <div class="card-header" role="tab">
      <div class="card-title">
        <div class="node" id="152"><span class="badge log pass-bg mr-2">Pass</span>Testing the Implementation of Queue Python Editor with Valid codes</div>
      </div>
    </div>
        <div class="collapse">
          <div class="card-body">
              <div class="step pass-bg" title="stepDefinitions.SignInSteps.user_moves_to_home_page_after_login_to_application()">
                <span>Given User moves to home page after login to application</span>
      <div>
      </div>
              </div>
              <div class="step pass-bg" title="stepDefinitions.QueueSteps.the_user_clicks_the_queue_get_started_button()">
                <span>When The User clicks the Queue Get Started button</span>
      <div>
      </div>
              </div>
              <div class="step pass-bg" title="stepDefinitions.QueueSteps.the_user_should_navigate_to_the_queue_page()">
                <span>Then The User should navigate to the Queue Page</span>
      <div>
      </div>
              </div>
              <div class="step pass-bg" title="stepDefinitions.QueueSteps.the_user_is_in_the_implementation_of_queue_editor_page()">
                <span>Given The User is in the Implementation of Queue  Editor Page</span>
      <div>
      </div>
              </div>
              <div class="step pass-bg" title="stepDefinitions.DataStructureSteps.the_user_write_the_valid_python_code_in_editor_and_clicks_run_button()">
                <span>When The user write the Valid python code in Editor and Clicks Run button</span>
      <div>
      </div>
              </div>
              <div class="step pass-bg" title="stepDefinitions.DataStructureSteps.the_user_should_be_able_to_see_the_output_in_the_console()">
                <span>Then The User should be able to see the output in the console</span>
      <div>
      </div>
              </div>
          </div>
        </div>
  </div>
  <div class="card">
    <div class="card-header" role="tab">
      <div class="card-title">
        <div class="node" id="167"><span class="badge log pass-bg mr-2">Pass</span>Testing the Implementation of Queue Python Try Editor page without any Python codes</div>
      </div>
    </div>
        <div class="collapse">
          <div class="card-body">
              <div class="step pass-bg" title="stepDefinitions.SignInSteps.user_moves_to_home_page_after_login_to_application()">
                <span>Given User moves to home page after login to application</span>
      <div>
      </div>
              </div>
              <div class="step pass-bg" title="stepDefinitions.QueueSteps.the_user_clicks_the_queue_get_started_button()">
                <span>When The User clicks the Queue Get Started button</span>
      <div>
      </div>
              </div>
              <div class="step pass-bg" title="stepDefinitions.QueueSteps.the_user_should_navigate_to_the_queue_page()">
                <span>Then The User should navigate to the Queue Page</span>
      <div>
      </div>
              </div>
              <div class="step pass-bg" title="stepDefinitions.QueueSteps.the_user_is_in_the_implementation_of_queue_editor_page()">
                <span>Given The User is in the Implementation of Queue  Editor Page</span>
      <div>
      </div>
              </div>
              <div class="step pass-bg" title="stepDefinitions.DataStructureSteps.the_user_clicks_the_run_without_any_codes()">
                <span>When The user clicks the Run without any Codes</span>
      <div>
      </div>
              </div>
              <div class="step pass-bg" title="stepDefinitions.DataStructureSteps.the_user_should_should_be_in_the_same_page_with_no_error_message()">
                <span>Then The User should should be in the same page with No error message</span>
      <div>
      </div>
              </div>
          </div>
        </div>
  </div>
  <div class="card">
    <div class="card-header" role="tab">
      <div class="card-title">
        <div class="node" id="182"><span class="badge log pass-bg mr-2">Pass</span>Testing the Implementation of Queue Python Editor with InValid codes</div>
      </div>
    </div>
        <div class="collapse">
          <div class="card-body">
              <div class="step pass-bg" title="stepDefinitions.SignInSteps.user_moves_to_home_page_after_login_to_application()">
                <span>Given User moves to home page after login to application</span>
      <div>
      </div>
              </div>
              <div class="step pass-bg" title="stepDefinitions.QueueSteps.the_user_clicks_the_queue_get_started_button()">
                <span>When The User clicks the Queue Get Started button</span>
      <div>
      </div>
              </div>
              <div class="step pass-bg" title="stepDefinitions.QueueSteps.the_user_should_navigate_to_the_queue_page()">
                <span>Then The User should navigate to the Queue Page</span>
      <div>
      </div>
              </div>
              <div class="step pass-bg" title="stepDefinitions.QueueSteps.the_user_is_in_the_implementation_of_queue_editor_page()">
                <span>Given The User is in the Implementation of Queue  Editor Page</span>
      <div>
      </div>
              </div>
              <div class="step pass-bg" title="stepDefinitions.DataStructureSteps.the_user_write_the_valid_python_code_in_editor_and_clicks_run_button()">
                <span>When The user write the Valid python code in Editor and Clicks Run button</span>
      <div>
      </div>
              </div>
              <div class="step pass-bg" title="stepDefinitions.DataStructureSteps.the_user_should_be_able_to_see_the_output_in_the_console()">
                <span>Then The User should be able to see the output in the console</span>
      <div>
      </div>
              </div>
          </div>
        </div>
  </div>
  <div class="card">
    <div class="card-header" role="tab">
      <div class="card-title">
        <div class="node" id="197"><span class="badge log pass-bg mr-2">Pass</span>Testing the Try here in Implementation using collections.queue in Python Page</div>
      </div>
    </div>
        <div class="collapse">
          <div class="card-body">
              <div class="step pass-bg" title="stepDefinitions.SignInSteps.user_moves_to_home_page_after_login_to_application()">
                <span>Given User moves to home page after login to application</span>
      <div>
      </div>
              </div>
              <div class="step pass-bg" title="stepDefinitions.QueueSteps.the_user_clicks_the_queue_get_started_button()">
                <span>When The User clicks the Queue Get Started button</span>
      <div>
      </div>
              </div>
              <div class="step pass-bg" title="stepDefinitions.QueueSteps.the_user_should_navigate_to_the_queue_page()">
                <span>Then The User should navigate to the Queue Page</span>
      <div>
      </div>
              </div>
              <div class="step pass-bg" title="stepDefinitions.QueueSteps.the_user_is_in_the_implementation_using_collections_queue_page()">
                <span>Given The User is in the Implementation using collections.queue Page</span>
      <div>
      </div>
              </div>
              <div class="step pass-bg" title="stepDefinitions.DataStructureSteps.the_user_clicks_the_try_here_button_in_this_page()">
                <span>When The user clicks the Try here button in this Page</span>
      <div>
      </div>
              </div>
              <div class="step pass-bg" title="stepDefinitions.DataStructureSteps.the_user_should_be_redirected_to_python_editor_page()">
                <span>Then The User should be redirected to Python Editor page</span>
      <div>
      </div>
              </div>
          </div>
        </div>
  </div>
  <div class="card">
    <div class="card-header" role="tab">
      <div class="card-title">
        <div class="node" id="212"><span class="badge log pass-bg mr-2">Pass</span>Testing the Implementation using collections.queue page Python Editor with Valid codes</div>
      </div>
    </div>
        <div class="collapse">
          <div class="card-body">
              <div class="step pass-bg" title="stepDefinitions.SignInSteps.user_moves_to_home_page_after_login_to_application()">
                <span>Given User moves to home page after login to application</span>
      <div>
      </div>
              </div>
              <div class="step pass-bg" title="stepDefinitions.QueueSteps.the_user_clicks_the_queue_get_started_button()">
                <span>When The User clicks the Queue Get Started button</span>
      <div>
      </div>
              </div>
              <div class="step pass-bg" title="stepDefinitions.QueueSteps.the_user_should_navigate_to_the_queue_page()">
                <span>Then The User should navigate to the Queue Page</span>
      <div>
      </div>
              </div>
              <div class="step pass-bg" title="stepDefinitions.QueueSteps.the_user_is_in_the_implementation_using_collections_queue_python_editor_page()">
                <span>Given The User is in the Implementation using collections.queue Python Editor Page</span>
      <div>
      </div>
              </div>
              <div class="step pass-bg" title="stepDefinitions.DataStructureSteps.the_user_write_the_valid_python_code_in_editor_and_clicks_run_button()">
                <span>When The user write the Valid python code in Editor and Clicks Run button</span>
      <div>
      </div>
              </div>
              <div class="step pass-bg" title="stepDefinitions.DataStructureSteps.the_user_should_be_able_to_see_the_output_in_the_console()">
                <span>Then The User should be able to see the output in the console</span>
      <div>
      </div>
              </div>
          </div>
        </div>
  </div>
  <div class="card">
    <div class="card-header" role="tab">
      <div class="card-title">
        <div class="node" id="227"><span class="badge log pass-bg mr-2">Pass</span>Testing the Implementation using collections.queue Python Try Editor page without any Python codes</div>
      </div>
    </div>
        <div class="collapse">
          <div class="card-body">
              <div class="step pass-bg" title="stepDefinitions.SignInSteps.user_moves_to_home_page_after_login_to_application()">
                <span>Given User moves to home page after login to application</span>
      <div>
      </div>
              </div>
              <div class="step pass-bg" title="stepDefinitions.QueueSteps.the_user_clicks_the_queue_get_started_button()">
                <span>When The User clicks the Queue Get Started button</span>
      <div>
      </div>
              </div>
              <div class="step pass-bg" title="stepDefinitions.QueueSteps.the_user_should_navigate_to_the_queue_page()">
                <span>Then The User should navigate to the Queue Page</span>
      <div>
      </div>
              </div>
              <div class="step pass-bg" title="stepDefinitions.QueueSteps.the_user_is_in_the_implementation_using_collections_queue_python_editor_page()">
                <span>Given The User is in the Implementation using collections.queue Python Editor Page</span>
      <div>
      </div>
              </div>
              <div class="step pass-bg" title="stepDefinitions.DataStructureSteps.the_user_clicks_the_run_without_any_codes()">
                <span>When The user clicks the Run without any Codes</span>
      <div>
      </div>
              </div>
              <div class="step pass-bg" title="stepDefinitions.DataStructureSteps.the_user_should_should_be_in_the_same_page_with_no_error_message()">
                <span>Then The User should should be in the same page with No error message</span>
      <div>
      </div>
              </div>
          </div>
        </div>
  </div>
  <div class="card">
    <div class="card-header" role="tab">
      <div class="card-title">
        <div class="node" id="242"><span class="badge log pass-bg mr-2">Pass</span>Testing the Implementation using collections.queue PY_Editor with InValid codes</div>
      </div>
    </div>
        <div class="collapse">
          <div class="card-body">
              <div class="step pass-bg" title="stepDefinitions.SignInSteps.user_moves_to_home_page_after_login_to_application()">
                <span>Given User moves to home page after login to application</span>
      <div>
      </div>
              </div>
              <div class="step pass-bg" title="stepDefinitions.QueueSteps.the_user_clicks_the_queue_get_started_button()">
                <span>When The User clicks the Queue Get Started button</span>
      <div>
      </div>
              </div>
              <div class="step pass-bg" title="stepDefinitions.QueueSteps.the_user_should_navigate_to_the_queue_page()">
                <span>Then The User should navigate to the Queue Page</span>
      <div>
      </div>
              </div>
              <div class="step pass-bg" title="stepDefinitions.QueueSteps.the_user_is_in_the_implementation_using_collections_queue_python_editor_page()">
                <span>Given The User is in the Implementation using collections.queue Python Editor Page</span>
      <div>
      </div>
              </div>
              <div class="step pass-bg" title="stepDefinitions.DataStructureSteps.the_user_write_the_in_valid_python_code_in_editor_and_clicks_run_button()">
                <span>When The user write the InValid python code in Editor and Clicks Run button</span>
      <div>
      </div>
              </div>
              <div class="step pass-bg" title="stepDefinitions.DataStructureSteps.the_user_should_be_able_to_see_error_message_in_the_pop_message()">
                <span>Then The User should be able to see error message in the pop message</span>
      <div>
      </div>
              </div>
          </div>
        </div>
  </div>
  <div class="card">
    <div class="card-header" role="tab">
      <div class="card-title">
        <div class="node" id="257"><span class="badge log pass-bg mr-2">Pass</span>Testing the Try here in Implementation using array in Python Page</div>
      </div>
    </div>
        <div class="collapse">
          <div class="card-body">
              <div class="step pass-bg" title="stepDefinitions.SignInSteps.user_moves_to_home_page_after_login_to_application()">
                <span>Given User moves to home page after login to application</span>
      <div>
      </div>
              </div>
              <div class="step pass-bg" title="stepDefinitions.QueueSteps.the_user_clicks_the_queue_get_started_button()">
                <span>When The User clicks the Queue Get Started button</span>
      <div>
      </div>
              </div>
              <div class="step pass-bg" title="stepDefinitions.QueueSteps.the_user_should_navigate_to_the_queue_page()">
                <span>Then The User should navigate to the Queue Page</span>
      <div>
      </div>
              </div>
              <div class="step pass-bg" title="stepDefinitions.QueueSteps.the_user_is_in_the_implementation_using_array_page()">
                <span>Given The User is in the Implementation using array Page</span>
      <div>
      </div>
              </div>
              <div class="step pass-bg" title="stepDefinitions.DataStructureSteps.the_user_clicks_the_try_here_button_in_this_page()">
                <span>When The user clicks the Try here button in this Page</span>
      <div>
      </div>
              </div>
              <div class="step pass-bg" title="stepDefinitions.DataStructureSteps.the_user_should_be_redirected_to_python_editor_page()">
                <span>Then The User should be redirected to Python Editor page</span>
      <div>
      </div>
              </div>
          </div>
        </div>
  </div>
  <div class="card">
    <div class="card-header" role="tab">
      <div class="card-title">
        <div class="node" id="272"><span class="badge log pass-bg mr-2">Pass</span>Testing the Implementation using array page Python Editor with Valid codes</div>
      </div>
    </div>
        <div class="collapse">
          <div class="card-body">
              <div class="step pass-bg" title="stepDefinitions.SignInSteps.user_moves_to_home_page_after_login_to_application()">
                <span>Given User moves to home page after login to application</span>
      <div>
      </div>
              </div>
              <div class="step pass-bg" title="stepDefinitions.QueueSteps.the_user_clicks_the_queue_get_started_button()">
                <span>When The User clicks the Queue Get Started button</span>
      <div>
      </div>
              </div>
              <div class="step pass-bg" title="stepDefinitions.QueueSteps.the_user_should_navigate_to_the_queue_page()">
                <span>Then The User should navigate to the Queue Page</span>
      <div>
      </div>
              </div>
              <div class="step pass-bg" title="stepDefinitions.QueueSteps.the_user_is_in_the_implementation_using_array_page_python_editor()">
                <span>Given The User is in the Implementation using array Page Python Editor</span>
      <div>
      </div>
              </div>
              <div class="step pass-bg" title="stepDefinitions.DataStructureSteps.the_user_write_the_valid_python_code_in_editor_and_clicks_run_button()">
                <span>When The user write the Valid python code in Editor and Clicks Run button</span>
      <div>
      </div>
              </div>
              <div class="step pass-bg" title="stepDefinitions.DataStructureSteps.the_user_should_be_able_to_see_the_output_in_the_console()">
                <span>Then The User should be able to see the output in the console</span>
      <div>
      </div>
              </div>
          </div>
        </div>
  </div>
  <div class="card">
    <div class="card-header" role="tab">
      <div class="card-title">
        <div class="node" id="287"><span class="badge log pass-bg mr-2">Pass</span>Testing the Implementation using array Python Try Editor page without any Python codes</div>
      </div>
    </div>
        <div class="collapse">
          <div class="card-body">
              <div class="step pass-bg" title="stepDefinitions.SignInSteps.user_moves_to_home_page_after_login_to_application()">
                <span>Given User moves to home page after login to application</span>
      <div>
      </div>
              </div>
              <div class="step pass-bg" title="stepDefinitions.QueueSteps.the_user_clicks_the_queue_get_started_button()">
                <span>When The User clicks the Queue Get Started button</span>
      <div>
      </div>
              </div>
              <div class="step pass-bg" title="stepDefinitions.QueueSteps.the_user_should_navigate_to_the_queue_page()">
                <span>Then The User should navigate to the Queue Page</span>
      <div>
      </div>
              </div>
              <div class="step pass-bg" title="stepDefinitions.QueueSteps.the_user_is_in_the_implementation_using_array_page_python_editor()">
                <span>Given The User is in the Implementation using array Page Python Editor</span>
      <div>
      </div>
              </div>
              <div class="step pass-bg" title="stepDefinitions.DataStructureSteps.the_user_clicks_the_run_without_any_codes()">
                <span>When The user clicks the Run without any Codes</span>
      <div>
      </div>
              </div>
              <div class="step pass-bg" title="stepDefinitions.DataStructureSteps.the_user_should_should_be_in_the_same_page_with_no_error_message()">
                <span>Then The User should should be in the same page with No error message</span>
      <div>
      </div>
              </div>
          </div>
        </div>
  </div>
  <div class="card">
    <div class="card-header" role="tab">
      <div class="card-title">
        <div class="node" id="302"><span class="badge log pass-bg mr-2">Pass</span>Testing the Implementation using array Python Editor with InValid codes</div>
      </div>
    </div>
        <div class="collapse">
          <div class="card-body">
              <div class="step pass-bg" title="stepDefinitions.SignInSteps.user_moves_to_home_page_after_login_to_application()">
                <span>Given User moves to home page after login to application</span>
      <div>
      </div>
              </div>
              <div class="step pass-bg" title="stepDefinitions.QueueSteps.the_user_clicks_the_queue_get_started_button()">
                <span>When The User clicks the Queue Get Started button</span>
      <div>
      </div>
              </div>
              <div class="step pass-bg" title="stepDefinitions.QueueSteps.the_user_should_navigate_to_the_queue_page()">
                <span>Then The User should navigate to the Queue Page</span>
      <div>
      </div>
              </div>
              <div class="step pass-bg" title="stepDefinitions.QueueSteps.the_user_is_in_the_implementation_using_array_page_python_editor()">
                <span>Given The User is in the Implementation using array Page Python Editor</span>
      <div>
      </div>
              </div>
              <div class="step pass-bg" title="stepDefinitions.DataStructureSteps.the_user_write_the_in_valid_python_code_in_editor_and_clicks_run_button()">
                <span>When The user write the InValid python code in Editor and Clicks Run button</span>
      <div>
      </div>
              </div>
              <div class="step pass-bg" title="stepDefinitions.DataStructureSteps.the_user_should_be_able_to_see_error_message_in_the_pop_message()">
                <span>Then The User should be able to see error message in the pop message</span>
      <div>
      </div>
              </div>
          </div>
        </div>
  </div>
  <div class="card">
    <div class="card-header" role="tab">
      <div class="card-title">
        <div class="node" id="317"><span class="badge log pass-bg mr-2">Pass</span>Testing the Try here in Queue Operations in Python Page</div>
      </div>
    </div>
        <div class="collapse">
          <div class="card-body">
              <div class="step pass-bg" title="stepDefinitions.SignInSteps.user_moves_to_home_page_after_login_to_application()">
                <span>Given User moves to home page after login to application</span>
      <div>
      </div>
              </div>
              <div class="step pass-bg" title="stepDefinitions.QueueSteps.the_user_clicks_the_queue_get_started_button()">
                <span>When The User clicks the Queue Get Started button</span>
      <div>
      </div>
              </div>
              <div class="step pass-bg" title="stepDefinitions.QueueSteps.the_user_should_navigate_to_the_queue_page()">
                <span>Then The User should navigate to the Queue Page</span>
      <div>
      </div>
              </div>
              <div class="step pass-bg" title="stepDefinitions.QueueSteps.the_user_is_in_the_queue_operations_page()">
                <span>Given The User is in the Queue Operations Page</span>
      <div>
      </div>
              </div>
              <div class="step pass-bg" title="stepDefinitions.DataStructureSteps.the_user_clicks_the_try_here_button_in_this_page()">
                <span>When The user clicks the Try here button in this Page</span>
      <div>
      </div>
              </div>
              <div class="step pass-bg" title="stepDefinitions.DataStructureSteps.the_user_should_be_redirected_to_python_editor_page()">
                <span>Then The User should be redirected to Python Editor page</span>
      <div>
      </div>
              </div>
          </div>
        </div>
  </div>
  <div class="card">
    <div class="card-header" role="tab">
      <div class="card-title">
        <div class="node" id="332"><span class="badge log pass-bg mr-2">Pass</span>Testing the Queue Operations Python Editor with Valid codes</div>
      </div>
    </div>
        <div class="collapse">
          <div class="card-body">
              <div class="step pass-bg" title="stepDefinitions.SignInSteps.user_moves_to_home_page_after_login_to_application()">
                <span>Given User moves to home page after login to application</span>
      <div>
      </div>
              </div>
              <div class="step pass-bg" title="stepDefinitions.QueueSteps.the_user_clicks_the_queue_get_started_button()">
                <span>When The User clicks the Queue Get Started button</span>
      <div>
      </div>
              </div>
              <div class="step pass-bg" title="stepDefinitions.QueueSteps.the_user_should_navigate_to_the_queue_page()">
                <span>Then The User should navigate to the Queue Page</span>
      <div>
      </div>
              </div>
              <div class="step pass-bg" title="stepDefinitions.QueueSteps.the_user_is_in_the_queue_operations_page_python_editor_page()">
                <span>Given The User is in the Queue Operations Page Python Editor Page</span>
      <div>
      </div>
              </div>
              <div class="step pass-bg" title="stepDefinitions.DataStructureSteps.the_user_write_the_valid_python_code_in_editor_and_clicks_run_button()">
                <span>When The user write the Valid python code in Editor and Clicks Run button</span>
      <div>
      </div>
              </div>
              <div class="step pass-bg" title="stepDefinitions.DataStructureSteps.the_user_should_be_able_to_see_the_output_in_the_console()">
                <span>Then The User should be able to see the output in the console</span>
      <div>
      </div>
              </div>
          </div>
        </div>
  </div>
  <div class="card">
    <div class="card-header" role="tab">
      <div class="card-title">
        <div class="node" id="347"><span class="badge log pass-bg mr-2">Pass</span>Testing the Queue Operations  Python Try Editor page without any Python codes</div>
      </div>
    </div>
        <div class="collapse">
          <div class="card-body">
              <div class="step pass-bg" title="stepDefinitions.SignInSteps.user_moves_to_home_page_after_login_to_application()">
                <span>Given User moves to home page after login to application</span>
      <div>
      </div>
              </div>
              <div class="step pass-bg" title="stepDefinitions.QueueSteps.the_user_clicks_the_queue_get_started_button()">
                <span>When The User clicks the Queue Get Started button</span>
      <div>
      </div>
              </div>
              <div class="step pass-bg" title="stepDefinitions.QueueSteps.the_user_should_navigate_to_the_queue_page()">
                <span>Then The User should navigate to the Queue Page</span>
      <div>
      </div>
              </div>
              <div class="step pass-bg" title="stepDefinitions.QueueSteps.the_user_is_in_the_queue_operations_page_python_editor_page()">
                <span>Given The User is in the Queue Operations Page Python Editor Page</span>
      <div>
      </div>
              </div>
              <div class="step pass-bg" title="stepDefinitions.DataStructureSteps.the_user_clicks_the_run_without_any_codes()">
                <span>When The user clicks the Run without any Codes</span>
      <div>
      </div>
              </div>
              <div class="step pass-bg" title="stepDefinitions.DataStructureSteps.the_user_should_should_be_in_the_same_page_with_no_error_message()">
                <span>Then The User should should be in the same page with No error message</span>
      <div>
      </div>
              </div>
          </div>
        </div>
  </div>
  <div class="card">
    <div class="card-header" role="tab">
      <div class="card-title">
        <div class="node" id="362"><span class="badge log pass-bg mr-2">Pass</span>Testing the Queue Operations Python Editor with InValid codes</div>
      </div>
    </div>
        <div class="collapse">
          <div class="card-body">
              <div class="step pass-bg" title="stepDefinitions.SignInSteps.user_moves_to_home_page_after_login_to_application()">
                <span>Given User moves to home page after login to application</span>
      <div>
      </div>
              </div>
              <div class="step pass-bg" title="stepDefinitions.QueueSteps.the_user_clicks_the_queue_get_started_button()">
                <span>When The User clicks the Queue Get Started button</span>
      <div>
      </div>
              </div>
              <div class="step pass-bg" title="stepDefinitions.QueueSteps.the_user_should_navigate_to_the_queue_page()">
                <span>Then The User should navigate to the Queue Page</span>
      <div>
      </div>
              </div>
              <div class="step pass-bg" title="stepDefinitions.QueueSteps.the_user_is_in_the_queue_operations_page_python_editor_page()">
                <span>Given The User is in the Queue Operations Page Python Editor Page</span>
      <div>
      </div>
              </div>
              <div class="step pass-bg" title="stepDefinitions.DataStructureSteps.the_user_write_the_in_valid_python_code_in_editor_and_clicks_run_button()">
                <span>When The user write the InValid python code in Editor and Clicks Run button</span>
      <div>
      </div>
              </div>
              <div class="step pass-bg" title="stepDefinitions.DataStructureSteps.the_user_should_be_able_to_see_error_message_in_the_pop_message()">
                <span>Then The User should be able to see error message in the pop message</span>
      <div>
      </div>
              </div>
          </div>
        </div>
  </div>
</div>
          </div>
        </li>
      </ul>
    </div>
  </div>
<div class="test-content scrollable">
<div class="test-content-tools">
<ul><li><a class="back-to-test" href="#"><i class="fa fa-arrow-left"></i></a></li></ul>
</div>
<div class="test-content-detail"><div class="detail-body"></div></div>
</div></div>
<div class="test-wrapper row view exception-view attributes-view">
<div class="test-list">
<div class="test-list-tools">
<ul class="tools pull-left"><li><a href=""><span class="font-size-14">Exception</span></a></li></ul>
<ul class="tools text-right"><li><a href="#"><span class="badge badge-primary">2</span></a></li></ul>
</div>
<div class="test-list-wrapper scrollable">
<ul class="test-list-item">
<li class="test-item">
<div class="test-detail">
<span class="meta">
<span class='badge log badge-danger'>3</span>
</span>
<p class="name">java.lang.NullPointerException</p>
<p class="duration text-sm">3 tests</p>
</div>
<div class="test-contents d-none">
<div class="info">
<h4>java.lang.NullPointerException</h4>
<span status="fail" class='badge log badge-danger'>3 failed</span>
</div>
<table class='table table-sm mt-4'>
<thead>
<tr>
<th class="status-col">Status</th>
<th class="timestamp-col">Timestamp</th>
<th>TestName</th>
</tr>
</thead>
<tbody>
<tr class="tag-test-status" status="fail">
<td><span class="badge log fail-bg">Fail</span></td>
<td>23:20:57 PM</td>
<td>
<a href="#" class="linked" test-id='1' id='46'>stepDefinitions.Hooks.tearDown()</a>
<div class="">
<span class="badge badge-default">Testing the Functionalities of Queue Page.Testing the Implementation using Array link Queue Page.stepDefinitions.Hooks.tearDown()</span>
</div>
</td>
</tr>
<tr class="tag-test-status" status="fail">
<td><span class="badge log fail-bg">Fail</span></td>
<td>23:21:14 PM</td>
<td>
<a href="#" class="linked" test-id='1' id='106'>stepDefinitions.Hooks.tearDown()</a>
<div class="">
<span class="badge badge-default">Testing the Functionalities of Queue Page.Testing the Implementation using Array link from the Left panel links.stepDefinitions.Hooks.tearDown()</span>
</div>
</td>
</tr>
<tr class="tag-test-status" status="fail">
<td><span class="badge log fail-bg">Fail</span></td>
<td>23:21:25 PM</td>
<td>
<a href="#" class="linked" test-id='1' id='151'>stepDefinitions.Hooks.tearDown()</a>
<div class="">
<span class="badge badge-default">Testing the Functionalities of Queue Page.Testing the Try here in Implementation of Queue in Python Page.stepDefinitions.Hooks.tearDown()</span>
</div>
</td>
</tr>
</tbody>
</table>
</div>
</li>
<li class="test-item">
<div class="test-detail">
<span class="meta">
<span class='badge log badge-danger'>3</span>
</span>
<p class="name">org.openqa.selenium.remote.NoSuchDriverException</p>
<p class="duration text-sm">3 tests</p>
</div>
<div class="test-contents d-none">
<div class="info">
<h4>org.openqa.selenium.remote.NoSuchDriverException</h4>
<span status="fail" class='badge log badge-danger'>3 failed</span>
</div>
<table class='table table-sm mt-4'>
<thead>
<tr>
<th class="status-col">Status</th>
<th class="timestamp-col">Timestamp</th>
<th>TestName</th>
</tr>
</thead>
<tbody>
<tr class="tag-test-status" status="fail">
<td><span class="badge log fail-bg">Fail</span></td>
<td>23:20:54 PM</td>
<td>
<a href="#" class="linked" test-id='1' id='33'>stepDefinitions.Hooks.setup()</a>
<div class="">
<span class="badge badge-default">Testing the Functionalities of Queue Page.Testing the Implementation using Array link Queue Page.stepDefinitions.Hooks.setup()</span>
</div>
</td>
</tr>
<tr class="tag-test-status" status="fail">
<td><span class="badge log fail-bg">Fail</span></td>
<td>23:21:09 PM</td>
<td>
<a href="#" class="linked" test-id='1' id='93'>stepDefinitions.Hooks.setup()</a>
<div class="">
<span class="badge badge-default">Testing the Functionalities of Queue Page.Testing the Implementation using Array link from the Left panel links.stepDefinitions.Hooks.setup()</span>
</div>
</td>
</tr>
<tr class="tag-test-status" status="fail">
<td><span class="badge log fail-bg">Fail</span></td>
<td>23:21:22 PM</td>
<td>
<a href="#" class="linked" test-id='1' id='138'>stepDefinitions.Hooks.setup()</a>
<div class="">
<span class="badge badge-default">Testing the Functionalities of Queue Page.Testing the Try here in Implementation of Queue in Python Page.stepDefinitions.Hooks.setup()</span>
</div>
</td>
</tr>
</tbody>
</table>
</div>
</li>
</ul>
</div>
</div>
<div class="test-content scrollable">
<div class="test-content-detail">
<div class="detail-body"></div>
</div>
</div>
</div><div class="test-wrapper row view category-view attributes-view">
<div class="test-list">
<div class="test-list-tools">
<ul class="tools pull-left"><li><a href=""><span class="font-size-14">Category</span></a></li></ul>
<ul class="tools text-right"><li><a href="#"><span class="badge badge-primary">1</span></a></li></ul>
</div>
<div class="test-list-wrapper scrollable">
<ul class="test-list-item">
<li class="test-item">
<div class="test-detail">
<span class="meta">
<span class='badge log pass-bg'>1</span>
</span>
<p class="name">@test</p>
<p class="duration text-sm">1 tests</p>
</div>
<div class="test-contents d-none">
<div class="info">
<h4>@test</h4>
<span status="pass" class='badge log pass-bg'>1 passed</span>
</div>
<table class='table table-sm mt-4'>
<thead>
<tr>
<th class="status-col">Status</th>
<th class="timestamp-col">Timestamp</th>
<th>TestName</th>
</tr>
</thead>
<tbody>
<tr class="tag-test-status" status="pass">
<td><span class="badge log pass-bg">Pass</span></td>
<td>23:20:51 PM</td>
<td>
<a href="#" class="linked" test-id='1' id='17'>Testing the Implementation using collections queue link in Queue Page</a>
<div class="">
<span class="badge badge-default">Testing the Functionalities of Queue Page.Testing the Implementation using collections queue link in Queue Page</span>
</div>
</td>
</tr>
</tbody>
</table>
</div>
</li>
</ul>
</div>
</div>
<div class="test-content scrollable">
<div class="test-content-detail">
<div class="detail-body"></div>
</div>
</div>
</div><div class="container-fluid p-4 view dashboard-view">
<div class="row">
<div class="col-md-3">
<div class="card"><div class="card-body">
<p class="m-b-0">Started</p>
<h3>Aug 12, 2024 11:20:45 PM</h3>
</div></div>
</div>
<div class="col-md-3">
<div class="card"><div class="card-body">
<p class="m-b-0">Ended</p>
<h3>Aug 12, 2024 11:22:29 PM</h3>
</div></div>
</div>
<div class="col-md-3">
<div class="card"><div class="card-body">
<p class="m-b-0 text-pass">Features Passed</p>
<h3>0</h3>
</div></div>
</div>
<div class="col-md-3">
<div class="card"><div class="card-body">
<p class="m-b-0 text-fail">Features Failed</p>
<h3>1</h3>
</div></div>
</div>
</div>
<div class="row">
<div class="col-md-4">
<div class="card">
<div class="card-header">
<h6 class="card-title">Features</h6>
</div>
<div class="card-body">
<div class="">
<canvas id='parent-analysis' width='115' height='90'></canvas>
</div>
</div>
<div class="card-footer">
<div><small data-tooltip='0%'>
<b>0</b> features passed
</small>
</div>
<div>
<small data-tooltip='100%'><b>1</b> features failed,
<b>0</b> skipped, <b data-tooltip='0%'>0</b> others
</small>
</div>
</div>
</div>
</div>
<div class="col-md-4">
<div class="card">
<div class="card-header">
<h6 class="card-title">Scenarios</h6>
</div>
<div class="card-body">
<div class="">
<canvas id='child-analysis' width='115' height='90'></canvas>
</div>
</div>
<div class="card-footer">
<div><small data-tooltip='88%'><b>22</b> scenarios passed</small></div>
<div>
<small data-tooltip='12%'><b>3</b> scenarios failed,
<b>0</b> skipped, <b data-tooltip='%'>0</b> others
</small>
</div>
</div>
</div>
</div>
<div class="col-md-4">
<div class="card">
<div class="card-header">
<h6 class="card-title">Steps</h6>
</div>
<div class="card-body">
<div class="">
<canvas id='grandchild-analysis' width='115' height='90'></canvas>
</div>
</div>
<div class="card-footer">
<div><small data-tooltip='84%'><b>132</b> steps passed</small></div>
<div>
<small data-tooltip='3%'><b>6</b> steps failed,
<b>18</b> skipped, <b data-tooltip='%'>0</b> others
</small>
</div>
</div>
</div>
</div>
</div>
<div class="row"><div class="col-md-12">
<div class="card"><div class="card-header"><p>Timeline</p></div>
<div class="card-body pt-0"><div>
<canvas id="timeline" height="120"></canvas>
</div></div>
</div>
</div></div>
<script>
var timeline = {
"Testing the Functionalities of Queue Page":102.894
};
</script>
<div class="row">
<div class="col-lg-6 col-md-12 category-container">
<div class="card">
<div class="card-header"><p>Tags</p></div>
<div class="card-body pb-0 pt-0"><table class="table table-sm table-bordered">
<thead><tr class="bg-gray"><th>Name</th><th>Passed</th><th>Failed</th><th>Skipped</th><th>Others</th><th>Passed %</th></tr></thead><tbody>
<tr>
<td>@test</td>
<td>1</td>
<td>0</td>
<td>0</td>
<td>0</td>
<td>100%</td>
</tr>
</tbody>
</table></div>
</div>
</div>
</div>
</div>
<script>
var statusGroup = {
parentCount: 5,
passParent: 0,
failParent: 1,
warningParent: 0,
skipParent: 0,
childCount: 5,
passChild: 22,
failChild: 3,
warningChild: 0,
skipChild: 0,
infoChild: 0,
grandChildCount: 5,
passGrandChild: 132,
failGrandChild: 6,
warningGrandChild: 0,
skipGrandChild: 18,
infoGrandChild: 0,
eventsCount: 5,
};
</script>        </div>
      </div>
    </div>
  </div>
<script src="https://cdn.jsdelivr.net/gh/extent-framework/extent-github-cdn@d6562a79075e061305ccfdb82f01e5e195e2d307/spark/js/spark-script.js"></script>
<script type="text/javascript"></script></body>
</html>