{"uuid":"7f2b3e9e-bd3b-4268-b8fc-cda3f6631fb2","historyId":"342c5e1e7915d15484645886c90b74df","testCaseId":"54ba69d0a692ee3ec651ceb1b66f299","fullName":"./FeatureFiles/Register.feature:41","labels":[{"name":"host","value":"AnbuPC"},{"name":"thread","value":"26960@AnbuPC.main(1)"},{"name":"feature","value":"To test the functionality of Register page"},{"name":"story","value":"Test to register a new user with unaccepted password details"},{"name":"suite","value":"To test the functionality of Register page"},{"name":"testClass","value":"Test to register a new user with unaccepted password details"},{"name":"framework","value":"cucumber4jvm"},{"name":"language","value":"java"},{"name":"gherkin_uri","value":"file:///C:/NumpyNinja/NN_DS_Algo/DS_ALGO_August_Currently%20Working/NN_DS_ALGO_SDET-WARRIORS/./FeatureFiles/Register.feature"},{"name":"package","value":"FeatureFiles.Register_feature.To test the functionality of Register page"}],"links":[],"name":"Test to register a new user with unaccepted password details","status":"failed","statusDetails":{"known":false,"muted":false,"flaky":false,"message":"expected [true] but found [false]","trace":"java.lang.AssertionError: expected [true] but found [false]\r\n\tat org.testng.Assert.fail(Assert.java:111)\r\n\tat org.testng.Assert.failNotEquals(Assert.java:1578)\r\n\tat org.testng.Assert.assertTrue(Assert.java:57)\r\n\tat org.testng.Assert.assertTrue(Assert.java:67)\r\n\tat stepDefinitions.RegisterSteps.error_message_stating_password_setting_rules_should_be_displayed(RegisterSteps.java:156)\r\n\tat ✽.Error message stating password setting rules should be displayed(file:///C:/NumpyNinja/NN_DS_Algo/DS_ALGO_August_Currently%20Working/NN_DS_ALGO_SDET-WARRIORS/./FeatureFiles/Register.feature:36)\r\n"},"stage":"finished","steps":[{"name":"Given User clicks the GetStarted button at start page","status":"passed","statusDetails":{"known":false,"muted":false,"flaky":false},"stage":"finished","steps":[],"attachments":[],"parameters":[],"start":1724041557882,"stop":1724041558255},{"name":"stepDefinitions.Hooks.addScreenshot(io.cucumber.java.Scenario)","status":"passed","statusDetails":{"known":false,"muted":false,"flaky":false},"stage":"finished","steps":[],"attachments":[],"parameters":[],"start":1724041558255,"stop":1724041558255},{"name":"And User clicks the Register link at home page","status":"passed","statusDetails":{"known":false,"muted":false,"flaky":false},"stage":"finished","steps":[],"attachments":[],"parameters":[],"start":1724041558255,"stop":1724041558402},{"name":"stepDefinitions.Hooks.addScreenshot(io.cucumber.java.Scenario)","status":"passed","statusDetails":{"known":false,"muted":false,"flaky":false},"stage":"finished","steps":[],"attachments":[],"parameters":[],"start":1724041558402,"stop":1724041558402},{"name":"Given User provides valid username \"jgfgfggfh\" but unaccepted password \"12345678\" data","status":"passed","statusDetails":{"known":false,"muted":false,"flaky":false},"stage":"finished","steps":[],"attachments":[],"parameters":[],"start":1724041558402,"stop":1724041558575},{"name":"stepDefinitions.Hooks.addScreenshot(io.cucumber.java.Scenario)","status":"passed","statusDetails":{"known":false,"muted":false,"flaky":false},"stage":"finished","steps":[],"attachments":[],"parameters":[],"start":1724041558575,"stop":1724041558576},{"name":"When User clicks the Register button","status":"passed","statusDetails":{"known":false,"muted":false,"flaky":false},"stage":"finished","steps":[],"attachments":[],"parameters":[],"start":1724041558576,"stop":1724041558710},{"name":"stepDefinitions.Hooks.addScreenshot(io.cucumber.java.Scenario)","status":"passed","statusDetails":{"known":false,"muted":false,"flaky":false},"stage":"finished","steps":[],"attachments":[],"parameters":[],"start":1724041558710,"stop":1724041558711},{"name":"Then Error message stating password setting rules should be displayed","status":"failed","statusDetails":{"known":false,"muted":false,"flaky":false,"message":"expected [true] but found [false]","trace":"java.lang.AssertionError: expected [true] but found [false]\r\n\tat org.testng.Assert.fail(Assert.java:111)\r\n\tat org.testng.Assert.failNotEquals(Assert.java:1578)\r\n\tat org.testng.Assert.assertTrue(Assert.java:57)\r\n\tat org.testng.Assert.assertTrue(Assert.java:67)\r\n\tat stepDefinitions.RegisterSteps.error_message_stating_password_setting_rules_should_be_displayed(RegisterSteps.java:156)\r\n\tat ✽.Error message stating password setting rules should be displayed(file:///C:/NumpyNinja/NN_DS_Algo/DS_ALGO_August_Currently%20Working/NN_DS_ALGO_SDET-WARRIORS/./FeatureFiles/Register.feature:36)\r\n"},"stage":"finished","steps":[],"attachments":[],"parameters":[],"start":1724041558711,"stop":1724041558735},{"name":"stepDefinitions.Hooks.addScreenshot(io.cucumber.java.Scenario)","status":"broken","statusDetails":{"known":false,"muted":false,"flaky":false,"message":"class java.lang.ThreadLocal cannot be cast to class org.openqa.selenium.TakesScreenshot (java.lang.ThreadLocal is in module java.base of loader 'bootstrap'; org.openqa.selenium.TakesScreenshot is in unnamed module of loader 'app')","trace":"java.lang.ClassCastException: class java.lang.ThreadLocal cannot be cast to class org.openqa.selenium.TakesScreenshot (java.lang.ThreadLocal is in module java.base of loader 'bootstrap'; org.openqa.selenium.TakesScreenshot is in unnamed module of loader 'app')\r\n\tat stepDefinitions.Hooks.addScreenshot(Hooks.java:51)\r\n"},"stage":"finished","steps":[],"attachments":[],"parameters":[],"start":1724041558736,"stop":1724041558738}],"attachments":[],"parameters":[{"name":"username","value":"jgfgfggfh"},{"name":"password","value":"12345678"}],"start":1724041556030,"stop":1724041558866}