{"uuid":"aa25475d-ad39-4441-968c-7422ea9a480b","historyId":"295f653d272b35d7e54c921a93ff9e72","testCaseId":"44709c46382850a7a6756a1489269aaa","fullName":"./FeatureFiles/Array.feature:284","labels":[{"name":"tag","value":"test"},{"name":"host","value":"AnbuPC"},{"name":"thread","value":"1092@AnbuPC.main(1)"},{"name":"feature","value":"Testing the functionalities of Array Page"},{"name":"story","value":"Testing the Submit button with valid codes in Max Consecutive one Page Python Editor"},{"name":"suite","value":"Testing the functionalities of Array Page"},{"name":"testClass","value":"Testing the Submit button with valid codes in Max Consecutive one Page Python Editor"},{"name":"framework","value":"cucumber4jvm"},{"name":"language","value":"java"},{"name":"gherkin_uri","value":"file:///C:/NumpyNinja/NN_DS_Algo/DS_ALGO_August_Currently%20Working/NN_DS_ALGO_SDET-WARRIORS/./FeatureFiles/Array.feature"},{"name":"package","value":"FeatureFiles.Array_feature.Testing the functionalities of Array Page"}],"links":[],"name":"Testing the Submit button with valid codes in Max Consecutive one Page Python Editor","status":"failed","statusDetails":{"known":false,"muted":false,"flaky":false,"message":"expected [false] but found [true]","trace":"java.lang.AssertionError: expected [false] but found [true]\r\n\tat org.testng.Assert.fail(Assert.java:111)\r\n\tat org.testng.Assert.failNotEquals(Assert.java:1578)\r\n\tat org.testng.Assert.assertEqualsImpl(Assert.java:150)\r\n\tat org.testng.Assert.assertEquals(Assert.java:132)\r\n\tat org.testng.Assert.assertEquals(Assert.java:1067)\r\n\tat org.testng.Assert.assertEquals(Assert.java:1031)\r\n\tat org.testng.Assert.assertEquals(Assert.java:1077)\r\n\tat pageObjects.ArrayPage.ExcelData_PythonEditor_OutPutConsole_Validation(ArrayPage.java:230)\r\n\tat stepDefinitions.ArraySteps.the_user_should_see_the_success_message_in_the_console_for_max_consecutive_one_page(ArraySteps.java:513)\r\n\tat ✽.The user should see the success message '<Success_RowNumer_10>' in the console for Max Consecutive one Page(file:///C:/NumpyNinja/NN_DS_Algo/DS_ALGO_August_Currently%20Working/NN_DS_ALGO_SDET-WARRIORS/./FeatureFiles/Array.feature:288)\r\n"},"stage":"finished","steps":[{"name":"Given User moves to home page after login to application","status":"passed","statusDetails":{"known":false,"muted":false,"flaky":false},"stage":"finished","steps":[],"attachments":[],"parameters":[],"start":1724023920157,"stop":1724023921159},{"name":"stepDefinitions.Hooks.addScreenshot(io.cucumber.java.Scenario)","status":"passed","statusDetails":{"known":false,"muted":false,"flaky":false},"stage":"finished","steps":[],"attachments":[],"parameters":[],"start":1724023921160,"stop":1724023921161},{"name":"When The User clicks the Array Get Started button","status":"passed","statusDetails":{"known":false,"muted":false,"flaky":false},"stage":"finished","steps":[],"attachments":[],"parameters":[],"start":1724023921163,"stop":1724023921316},{"name":"stepDefinitions.Hooks.addScreenshot(io.cucumber.java.Scenario)","status":"passed","statusDetails":{"known":false,"muted":false,"flaky":false},"stage":"finished","steps":[],"attachments":[],"parameters":[],"start":1724023921316,"stop":1724023921317},{"name":"Then The User should navigate to the Array Page","status":"passed","statusDetails":{"known":false,"muted":false,"flaky":false},"stage":"finished","steps":[],"attachments":[],"parameters":[],"start":1724023921317,"stop":1724023921328},{"name":"stepDefinitions.Hooks.addScreenshot(io.cucumber.java.Scenario)","status":"passed","statusDetails":{"known":false,"muted":false,"flaky":false},"stage":"finished","steps":[],"attachments":[],"parameters":[],"start":1724023921328,"stop":1724023921328},{"name":"Given The user is in the Max consecutive one Python Editor Page","status":"passed","statusDetails":{"known":false,"muted":false,"flaky":false},"stage":"finished","steps":[],"attachments":[],"parameters":[],"start":1724023921329,"stop":1724023922068},{"name":"stepDefinitions.Hooks.addScreenshot(io.cucumber.java.Scenario)","status":"passed","statusDetails":{"known":false,"muted":false,"flaky":false},"stage":"finished","steps":[],"attachments":[],"parameters":[],"start":1724023922074,"stop":1724023922074},{"name":"When The user clicks the submit button with '<rowNumber>' Valid Codes in Max Consecutive one Page","status":"passed","statusDetails":{"known":false,"muted":false,"flaky":false},"stage":"finished","steps":[],"attachments":[],"parameters":[],"start":1724023922075,"stop":1724023924291},{"name":"stepDefinitions.Hooks.addScreenshot(io.cucumber.java.Scenario)","status":"passed","statusDetails":{"known":false,"muted":false,"flaky":false},"stage":"finished","steps":[],"attachments":[],"parameters":[],"start":1724023924291,"stop":1724023924293},{"name":"Then The user should see the success message '<Success_RowNumer_10>' in the console for Max Consecutive one Page","status":"failed","statusDetails":{"known":false,"muted":false,"flaky":false,"message":"expected [false] but found [true]","trace":"java.lang.AssertionError: expected [false] but found [true]\r\n\tat org.testng.Assert.fail(Assert.java:111)\r\n\tat org.testng.Assert.failNotEquals(Assert.java:1578)\r\n\tat org.testng.Assert.assertEqualsImpl(Assert.java:150)\r\n\tat org.testng.Assert.assertEquals(Assert.java:132)\r\n\tat org.testng.Assert.assertEquals(Assert.java:1067)\r\n\tat org.testng.Assert.assertEquals(Assert.java:1031)\r\n\tat org.testng.Assert.assertEquals(Assert.java:1077)\r\n\tat pageObjects.ArrayPage.ExcelData_PythonEditor_OutPutConsole_Validation(ArrayPage.java:230)\r\n\tat stepDefinitions.ArraySteps.the_user_should_see_the_success_message_in_the_console_for_max_consecutive_one_page(ArraySteps.java:513)\r\n\tat ✽.The user should see the success message '<Success_RowNumer_10>' in the console for Max Consecutive one Page(file:///C:/NumpyNinja/NN_DS_Algo/DS_ALGO_August_Currently%20Working/NN_DS_ALGO_SDET-WARRIORS/./FeatureFiles/Array.feature:288)\r\n"},"stage":"finished","steps":[],"attachments":[],"parameters":[],"start":1724023924293,"stop":1724023924351},{"name":"stepDefinitions.Hooks.addScreenshot(io.cucumber.java.Scenario)","status":"broken","statusDetails":{"known":false,"muted":false,"flaky":false,"message":"class java.lang.ThreadLocal cannot be cast to class org.openqa.selenium.TakesScreenshot (java.lang.ThreadLocal is in module java.base of loader 'bootstrap'; org.openqa.selenium.TakesScreenshot is in unnamed module of loader 'app')","trace":"java.lang.ClassCastException: class java.lang.ThreadLocal cannot be cast to class org.openqa.selenium.TakesScreenshot (java.lang.ThreadLocal is in module java.base of loader 'bootstrap'; org.openqa.selenium.TakesScreenshot is in unnamed module of loader 'app')\r\n\tat stepDefinitions.Hooks.addScreenshot(Hooks.java:51)\r\n"},"stage":"finished","steps":[],"attachments":[],"parameters":[],"start":1724023924352,"stop":1724023924353}],"attachments":[],"parameters":[],"start":1724023917916,"stop":1724023924525}