{"uuid":"cf6e8364-7433-4d04-b330-0c00e6782d52","historyId":"44dbd557fac91c1ca50537aac2be88c3","testCaseId":"cc468b18229c09b3f27c1aec8fe09b66","fullName":"./FeatureFiles/Array.feature:307","labels":[{"name":"tag","value":"test"},{"name":"host","value":"AnbuPC"},{"name":"thread","value":"9948@AnbuPC.main(1)"},{"name":"feature","value":"Testing the functionalities of Array Page"},{"name":"story","value":"Testing the Submit button valid codes in Squares of a Sorted Array"},{"name":"suite","value":"Testing the functionalities of Array Page"},{"name":"testClass","value":"Testing the Submit button valid codes in Squares of a Sorted Array"},{"name":"framework","value":"cucumber4jvm"},{"name":"language","value":"java"},{"name":"gherkin_uri","value":"file:///C:/NumpyNinja/NN_DS_Algo/DS_ALGO_August_Currently%20Working/NN_DS_ALGO_SDET-WARRIORS/./FeatureFiles/Array.feature"},{"name":"package","value":"FeatureFiles.Array_feature.Testing the functionalities of Array Page"}],"links":[],"name":"Testing the Submit button valid codes in Squares of a Sorted Array","status":"failed","statusDetails":{"known":false,"muted":false,"flaky":false,"message":"expected [false] but found [true]","trace":"java.lang.AssertionError: expected [false] but found [true]\r\n\tat org.testng.Assert.fail(Assert.java:111)\r\n\tat org.testng.Assert.failNotEquals(Assert.java:1578)\r\n\tat org.testng.Assert.assertEqualsImpl(Assert.java:150)\r\n\tat org.testng.Assert.assertEquals(Assert.java:132)\r\n\tat org.testng.Assert.assertEquals(Assert.java:1067)\r\n\tat org.testng.Assert.assertEquals(Assert.java:1031)\r\n\tat org.testng.Assert.assertEquals(Assert.java:1077)\r\n\tat pageObjects.ArrayPage.ExcelData_PythonEditor_OutPutConsole_Validation(ArrayPage.java:230)\r\n\tat stepDefinitions.ArraySteps.the_should_see_the_successful_message_in_the_console_in_the_console_for_squares_of_a_sorted_array_page(ArraySteps.java:551)\r\n\tat ✽.The should see the  successful message in the console '<Success_RowNumer_12>' in the console for Squares of a sorted Array Page(file:///C:/NumpyNinja/NN_DS_Algo/DS_ALGO_August_Currently%20Working/NN_DS_ALGO_SDET-WARRIORS/./FeatureFiles/Array.feature:311)\r\n"},"stage":"finished","steps":[{"name":"Given User moves to home page after login to application","status":"passed","statusDetails":{"known":false,"muted":false,"flaky":false},"stage":"finished","steps":[],"attachments":[],"parameters":[],"start":1724023674370,"stop":1724023675390},{"name":"stepDefinitions.Hooks.addScreenshot(io.cucumber.java.Scenario)","status":"passed","statusDetails":{"known":false,"muted":false,"flaky":false},"stage":"finished","steps":[],"attachments":[],"parameters":[],"start":1724023675392,"stop":1724023675396},{"name":"When The User clicks the Array Get Started button","status":"passed","statusDetails":{"known":false,"muted":false,"flaky":false},"stage":"finished","steps":[],"attachments":[],"parameters":[],"start":1724023675398,"stop":1724023675555},{"name":"stepDefinitions.Hooks.addScreenshot(io.cucumber.java.Scenario)","status":"passed","statusDetails":{"known":false,"muted":false,"flaky":false},"stage":"finished","steps":[],"attachments":[],"parameters":[],"start":1724023675555,"stop":1724023675555},{"name":"Then The User should navigate to the Array Page","status":"passed","statusDetails":{"known":false,"muted":false,"flaky":false},"stage":"finished","steps":[],"attachments":[],"parameters":[],"start":1724023675556,"stop":1724023675567},{"name":"stepDefinitions.Hooks.addScreenshot(io.cucumber.java.Scenario)","status":"passed","statusDetails":{"known":false,"muted":false,"flaky":false},"stage":"finished","steps":[],"attachments":[],"parameters":[],"start":1724023675570,"stop":1724023675570},{"name":"Given The User is  in the Squares of Sorted array Page Python Editor","status":"passed","statusDetails":{"known":false,"muted":false,"flaky":false},"stage":"finished","steps":[],"attachments":[],"parameters":[],"start":1724023675571,"stop":1724023676355},{"name":"stepDefinitions.Hooks.addScreenshot(io.cucumber.java.Scenario)","status":"passed","statusDetails":{"known":false,"muted":false,"flaky":false},"stage":"finished","steps":[],"attachments":[],"parameters":[],"start":1724023676356,"stop":1724023676356},{"name":"When The user clicks the Submit button with '<rownumber>' Valid codes in Squares of a sorted Array Page","status":"passed","statusDetails":{"known":false,"muted":false,"flaky":false},"stage":"finished","steps":[],"attachments":[],"parameters":[],"start":1724023676357,"stop":1724023677970},{"name":"stepDefinitions.Hooks.addScreenshot(io.cucumber.java.Scenario)","status":"passed","statusDetails":{"known":false,"muted":false,"flaky":false},"stage":"finished","steps":[],"attachments":[],"parameters":[],"start":1724023677970,"stop":1724023677971},{"name":"Then The should see the  successful message in the console '<Success_RowNumer_12>' in the console for Squares of a sorted Array Page","status":"failed","statusDetails":{"known":false,"muted":false,"flaky":false,"message":"expected [false] but found [true]","trace":"java.lang.AssertionError: expected [false] but found [true]\r\n\tat org.testng.Assert.fail(Assert.java:111)\r\n\tat org.testng.Assert.failNotEquals(Assert.java:1578)\r\n\tat org.testng.Assert.assertEqualsImpl(Assert.java:150)\r\n\tat org.testng.Assert.assertEquals(Assert.java:132)\r\n\tat org.testng.Assert.assertEquals(Assert.java:1067)\r\n\tat org.testng.Assert.assertEquals(Assert.java:1031)\r\n\tat org.testng.Assert.assertEquals(Assert.java:1077)\r\n\tat pageObjects.ArrayPage.ExcelData_PythonEditor_OutPutConsole_Validation(ArrayPage.java:230)\r\n\tat stepDefinitions.ArraySteps.the_should_see_the_successful_message_in_the_console_in_the_console_for_squares_of_a_sorted_array_page(ArraySteps.java:551)\r\n\tat ✽.The should see the  successful message in the console '<Success_RowNumer_12>' in the console for Squares of a sorted Array Page(file:///C:/NumpyNinja/NN_DS_Algo/DS_ALGO_August_Currently%20Working/NN_DS_ALGO_SDET-WARRIORS/./FeatureFiles/Array.feature:311)\r\n"},"stage":"finished","steps":[],"attachments":[],"parameters":[],"start":1724023677971,"stop":1724023678029},{"name":"stepDefinitions.Hooks.addScreenshot(io.cucumber.java.Scenario)","status":"broken","statusDetails":{"known":false,"muted":false,"flaky":false,"message":"class java.lang.ThreadLocal cannot be cast to class org.openqa.selenium.TakesScreenshot (java.lang.ThreadLocal is in module java.base of loader 'bootstrap'; org.openqa.selenium.TakesScreenshot is in unnamed module of loader 'app')","trace":"java.lang.ClassCastException: class java.lang.ThreadLocal cannot be cast to class org.openqa.selenium.TakesScreenshot (java.lang.ThreadLocal is in module java.base of loader 'bootstrap'; org.openqa.selenium.TakesScreenshot is in unnamed module of loader 'app')\r\n\tat stepDefinitions.Hooks.addScreenshot(Hooks.java:51)\r\n"},"stage":"finished","steps":[],"attachments":[],"parameters":[],"start":1724023678029,"stop":1724023678031}],"attachments":[],"parameters":[],"start":1724023673147,"stop":1724023678197}