<html>
<head>
<title>TestNG:  Parallel Testing</title>
<link href="../testng.css" rel="stylesheet" type="text/css" />
<link href="../my-testng.css" rel="stylesheet" type="text/css" />

<style type="text/css">
.log { display: none;} 
.stack-trace { display: none;} 
</style>
<script type="text/javascript">
<!--
function flip(e) {
  current = e.style.display;
  if (current == 'block') {
    e.style.display = 'none';
    return 0;
  }
  else {
    e.style.display = 'block';
    return 1;
  }
}

function toggleBox(szDivId, elem, msg1, msg2)
{
  var res = -1;  if (document.getElementById) {
    res = flip(document.getElementById(szDivId));
  }
  else if (document.all) {
    // this is the way old msie versions work
    res = flip(document.all[szDivId]);
  }
  if(elem) {
    if(res == 0) elem.innerHTML = msg1; else elem.innerHTML = msg2;
  }

}

function toggleAllBoxes() {
  if (document.getElementsByTagName) {
    d = document.getElementsByTagName('div');
    for (i = 0; i < d.length; i++) {
      if (d[i].className == 'log') {
        flip(d[i]);
      }
    }
  }
}

// -->
</script>

</head>
<body>
<h2 align='center'>Parallel Testing</h2><table border='1' align="center">
<tr>
<td>Tests passed/Failed/Skipped:</td><td>110/7/0</td>
</tr><tr>
<td>Started on:</td><td>Sun Aug 18 20:53:35 EDT 2024</td>
</tr>
<tr><td>Total time:</td><td>206 seconds (206394 ms)</td>
</tr><tr>
<td>Included groups:</td><td></td>
</tr><tr>
<td>Excluded groups:</td><td></td>
</tr>
</table><p/>
<small><i>(Hover the method name to see the test class name)</i></small><p/>
<table width='100%' border='1' class='invocation-failed'>
<tr><td colspan='4' align='center'><b>FAILED TESTS</b></td></tr>
<tr><td><b>Test method</b></td>
<td><b>Attribute(s)</b></td>
<td width="30%"><b>Exception</b></td>
<td width="10%"><b>Time (seconds)</b></td>
<td><b>Instance</b></td>
</tr>
<tr>
<td title='testRunner.TestRunnerParallel.runScenario()'><b>runScenario</b><br>Test class: testRunner.TestRunnerParallel<br>Test method: Runs Cucumber Scenarios<br>Parameters: "Test to register a new user with unaccepted password details", "To test the functionality of Register page"</td>
<td><div><pre>java.lang.AssertionError: expected [true] but found [false]
	at stepDefinitions.RegisterSteps.error_message_stating_password_setting_rules_should_be_displayed(RegisterSteps.java:156)
	at ✽.Error message stating password setting rules should be displayed(file:///C:/Users/kpsge/OneDrive/Desktop/MathuDSALGO-8.12%20latest/NN_DS_ALGO_SDET-WARRIORS/./FeatureFiles/Register.feature:36)
... Removed 4 stack frames</pre></div><a href='#' onClick='toggleBox("stack-trace866600052", this, "Click to show all stack frames", "Click to hide stack frames")'>Click to show all stack frames</a>
<div class='stack-trace' id='stack-trace866600052'><pre>java.lang.AssertionError: expected [true] but found [false]
	at org.testng.Assert.fail(Assert.java:111)
	at org.testng.Assert.failNotEquals(Assert.java:1578)
	at org.testng.Assert.assertTrue(Assert.java:57)
	at org.testng.Assert.assertTrue(Assert.java:67)
	at stepDefinitions.RegisterSteps.error_message_stating_password_setting_rules_should_be_displayed(RegisterSteps.java:156)
	at ✽.Error message stating password setting rules should be displayed(file:///C:/Users/kpsge/OneDrive/Desktop/MathuDSALGO-8.12%20latest/NN_DS_ALGO_SDET-WARRIORS/./FeatureFiles/Register.feature:36)
</pre></div></td>
<td>6</td>
<td>testRunner.TestRunnerParallel@1b919693</td></tr>
<tr>
<td title='testRunner.TestRunnerParallel.runScenario()'><b>runScenario</b><br>Test class: testRunner.TestRunnerParallel<br>Test method: Runs Cucumber Scenarios<br>Parameters: "Test to register a new user with an existing username", "To test the functionality of Register page"</td>
<td><div><pre>java.lang.AssertionError: expected [true] but found [false]
	at stepDefinitions.RegisterSteps.error_message_stating_username_already_exists_should_be_displayed(RegisterSteps.java:125)
	at ✽.Error message stating username already exists should be displayed(file:///C:/Users/kpsge/OneDrive/Desktop/MathuDSALGO-8.12%20latest/NN_DS_ALGO_SDET-WARRIORS/./FeatureFiles/Register.feature:30)
... Removed 4 stack frames</pre></div><a href='#' onClick='toggleBox("stack-trace1831187905", this, "Click to show all stack frames", "Click to hide stack frames")'>Click to show all stack frames</a>
<div class='stack-trace' id='stack-trace1831187905'><pre>java.lang.AssertionError: expected [true] but found [false]
	at org.testng.Assert.fail(Assert.java:111)
	at org.testng.Assert.failNotEquals(Assert.java:1578)
	at org.testng.Assert.assertTrue(Assert.java:57)
	at org.testng.Assert.assertTrue(Assert.java:67)
	at stepDefinitions.RegisterSteps.error_message_stating_username_already_exists_should_be_displayed(RegisterSteps.java:125)
	at ✽.Error message stating username already exists should be displayed(file:///C:/Users/kpsge/OneDrive/Desktop/MathuDSALGO-8.12%20latest/NN_DS_ALGO_SDET-WARRIORS/./FeatureFiles/Register.feature:30)
</pre></div></td>
<td>5</td>
<td>testRunner.TestRunnerParallel@1b919693</td></tr>
<tr>
<td title='testRunner.TestRunnerParallel.runScenario()'><b>runScenario</b><br>Test class: testRunner.TestRunnerParallel<br>Test method: Runs Cucumber Scenarios<br>Parameters: "Test to register a new user with unaccepted password details", "To test the functionality of Register page"</td>
<td><div><pre>java.lang.AssertionError: expected [true] but found [false]
	at stepDefinitions.RegisterSteps.error_message_stating_password_setting_rules_should_be_displayed(RegisterSteps.java:156)
	at ✽.Error message stating password setting rules should be displayed(file:///C:/Users/kpsge/OneDrive/Desktop/MathuDSALGO-8.12%20latest/NN_DS_ALGO_SDET-WARRIORS/./FeatureFiles/Register.feature:36)
... Removed 4 stack frames</pre></div><a href='#' onClick='toggleBox("stack-trace1783053810", this, "Click to show all stack frames", "Click to hide stack frames")'>Click to show all stack frames</a>
<div class='stack-trace' id='stack-trace1783053810'><pre>java.lang.AssertionError: expected [true] but found [false]
	at org.testng.Assert.fail(Assert.java:111)
	at org.testng.Assert.failNotEquals(Assert.java:1578)
	at org.testng.Assert.assertTrue(Assert.java:57)
	at org.testng.Assert.assertTrue(Assert.java:67)
	at stepDefinitions.RegisterSteps.error_message_stating_password_setting_rules_should_be_displayed(RegisterSteps.java:156)
	at ✽.Error message stating password setting rules should be displayed(file:///C:/Users/kpsge/OneDrive/Desktop/MathuDSALGO-8.12%20latest/NN_DS_ALGO_SDET-WARRIORS/./FeatureFiles/Register.feature:36)
</pre></div></td>
<td>4</td>
<td>testRunner.TestRunnerParallel@1b919693</td></tr>
<tr>
<td title='testRunner.TestRunnerParallel.runScenario()'><b>runScenario</b><br>Test class: testRunner.TestRunnerParallel<br>Test method: Runs Cucumber Scenarios<br>Parameters: "Testing the click of Numpy Ninja link from Home page moves to the Start page AFTER Sign In", "To test the features of Home Page"</td>
<td><div><pre>org.openqa.selenium.NoSuchElementException: no such element: Unable to locate element: {&quot;method&quot;:&quot;xpath&quot;,&quot;selector&quot;:&quot;//p[normalize-space()=&apos;Copyright@NumpyNinja2021&apos;]&quot;}
  (Session info: chrome=127.0.6533.120)
For documentation on this error, please visit: https://www.selenium.dev/documentation/webdriver/troubleshooting/errors#no-such-element-exception
Build info: version: &apos;4.23.0&apos;, revision: &apos;4df0a231af&apos;
System info: os.name: &apos;Windows 11&apos;, os.arch: &apos;amd64&apos;, os.version: &apos;10.0&apos;, java.version: &apos;22.0.1&apos;
Driver info: org.openqa.selenium.chrome.ChromeDriver
Command: [068722c5ea13773557cb4282de58e56f, findElement {using=xpath, value=//p[normalize-space()=&apos;Copyright@NumpyNinja2021&apos;]}]
Capabilities {acceptInsecureCerts: false, browserName: chrome, browserVersion: 127.0.6533.120, chrome: {chromedriverVersion: 127.0.6533.119 (bdef6783a05..., userDataDir: C:\Users\kpsge\AppData\Loca...}, fedcm:accounts: true, goog:chromeOptions: {debuggerAddress: localhost:54488}, networkConnectionEnabled: false, pageLoadStrategy: normal, platformName: windows, proxy: Proxy(), se:cdp: ws://localhost:54488/devtoo..., se:cdpVersion: 127.0.6533.120, setWindowRect: true, strictFileInteractability: false, timeouts: {implicit: 0, pageLoad: 300000, script: 30000}, unhandledPromptBehavior: dismiss and notify, webauthn:extension:credBlob: true, webauthn:extension:largeBlob: true, webauthn:extension:minPinLength: true, webauthn:extension:prf: true, webauthn:virtualAuthenticators: true}
Session ID: 068722c5ea13773557cb4282de58e56f
	at org.openqa.selenium.remote.ErrorCodec.decode(ErrorCodec.java:167)
	at org.openqa.selenium.remote.codec.w3c.W3CHttpResponseCodec.decode(W3CHttpResponseCodec.java:138)
	at org.openqa.selenium.remote.codec.w3c.W3CHttpResponseCodec.decode(W3CHttpResponseCodec.java:50)
	at org.openqa.selenium.remote.HttpCommandExecutor.execute(HttpCommandExecutor.java:190)
	at org.openqa.selenium.remote.service.DriverCommandExecutor.invokeExecute(DriverCommandExecutor.java:216)
	at org.openqa.selenium.remote.service.DriverCommandExecutor.execute(DriverCommandExecutor.java:174)
	at org.openqa.selenium.remote.RemoteWebDriver.execute(RemoteWebDriver.java:527)
	at org.openqa.selenium.remote.ElementLocation$ElementFinder$2.findElement(ElementLocation.java:165)
	at org.openqa.selenium.remote.ElementLocation.findElement(ElementLocation.java:59)
	at org.openqa.selenium.remote.RemoteWebDriver.findElement(RemoteWebDriver.java:357)
	at org.openqa.selenium.remote.RemoteWebDriver.findElement(RemoteWebDriver.java:351)
	at org.openqa.selenium.support.ThreadGuard$WebDriverInvocationHandler.invokeUnderlying(ThreadGuard.java:99)
	at org.openqa.selenium.support.ThreadGuard$WebDriverInvocationHandler.invoke(ThreadGuard.java:91)
	at jdk.proxy2/jdk.proxy2.$Proxy41.findElement(Unknown Source)
	at org.openqa.selenium.support.pagefactory.DefaultElementLocator.findElement(DefaultElementLocator.java:68)
	at org.openqa.selenium.support.pagefactory.internal.LocatingElementHandler.invoke(LocatingElementHandler.java:38)
	at jdk.proxy2/jdk.proxy2.$Proxy45.isDisplayed(Unknown Source)
	at pageObjects.GetStartedPage.checkStartPageDisplay(GetStartedPage.java:35)
	at stepDefinitions.HomePageSteps.the_start_page_should_be_displayed(HomePageSteps.java:131)
	at ✽.The Start page should be displayed.(file:///C:/Users/kpsge/OneDrive/Desktop/MathuDSALGO-8.12%20latest/NN_DS_ALGO_SDET-WARRIORS/./FeatureFiles/Home.feature:87)
... Removed 5 stack frames</pre></div><a href='#' onClick='toggleBox("stack-trace561045370", this, "Click to show all stack frames", "Click to hide stack frames")'>Click to show all stack frames</a>
<div class='stack-trace' id='stack-trace561045370'><pre>org.openqa.selenium.NoSuchElementException: no such element: Unable to locate element: {&quot;method&quot;:&quot;xpath&quot;,&quot;selector&quot;:&quot;//p[normalize-space()=&apos;Copyright@NumpyNinja2021&apos;]&quot;}
  (Session info: chrome=127.0.6533.120)
For documentation on this error, please visit: https://www.selenium.dev/documentation/webdriver/troubleshooting/errors#no-such-element-exception
Build info: version: &apos;4.23.0&apos;, revision: &apos;4df0a231af&apos;
System info: os.name: &apos;Windows 11&apos;, os.arch: &apos;amd64&apos;, os.version: &apos;10.0&apos;, java.version: &apos;22.0.1&apos;
Driver info: org.openqa.selenium.chrome.ChromeDriver
Command: [068722c5ea13773557cb4282de58e56f, findElement {using=xpath, value=//p[normalize-space()=&apos;Copyright@NumpyNinja2021&apos;]}]
Capabilities {acceptInsecureCerts: false, browserName: chrome, browserVersion: 127.0.6533.120, chrome: {chromedriverVersion: 127.0.6533.119 (bdef6783a05..., userDataDir: C:\Users\kpsge\AppData\Loca...}, fedcm:accounts: true, goog:chromeOptions: {debuggerAddress: localhost:54488}, networkConnectionEnabled: false, pageLoadStrategy: normal, platformName: windows, proxy: Proxy(), se:cdp: ws://localhost:54488/devtoo..., se:cdpVersion: 127.0.6533.120, setWindowRect: true, strictFileInteractability: false, timeouts: {implicit: 0, pageLoad: 300000, script: 30000}, unhandledPromptBehavior: dismiss and notify, webauthn:extension:credBlob: true, webauthn:extension:largeBlob: true, webauthn:extension:minPinLength: true, webauthn:extension:prf: true, webauthn:virtualAuthenticators: true}
Session ID: 068722c5ea13773557cb4282de58e56f
	at java.base/jdk.internal.reflect.DirectConstructorHandleAccessor.newInstance(DirectConstructorHandleAccessor.java:62)
	at java.base/java.lang.reflect.Constructor.newInstanceWithCaller(Constructor.java:502)
	at java.base/java.lang.reflect.Constructor.newInstance(Constructor.java:486)
	at org.openqa.selenium.remote.ErrorCodec.decode(ErrorCodec.java:167)
	at org.openqa.selenium.remote.codec.w3c.W3CHttpResponseCodec.decode(W3CHttpResponseCodec.java:138)
	at org.openqa.selenium.remote.codec.w3c.W3CHttpResponseCodec.decode(W3CHttpResponseCodec.java:50)
	at org.openqa.selenium.remote.HttpCommandExecutor.execute(HttpCommandExecutor.java:190)
	at org.openqa.selenium.remote.service.DriverCommandExecutor.invokeExecute(DriverCommandExecutor.java:216)
	at org.openqa.selenium.remote.service.DriverCommandExecutor.execute(DriverCommandExecutor.java:174)
	at org.openqa.selenium.remote.RemoteWebDriver.execute(RemoteWebDriver.java:527)
	at org.openqa.selenium.remote.ElementLocation$ElementFinder$2.findElement(ElementLocation.java:165)
	at org.openqa.selenium.remote.ElementLocation.findElement(ElementLocation.java:59)
	at org.openqa.selenium.remote.RemoteWebDriver.findElement(RemoteWebDriver.java:357)
	at org.openqa.selenium.remote.RemoteWebDriver.findElement(RemoteWebDriver.java:351)
	at java.base/jdk.internal.reflect.DirectMethodHandleAccessor.invoke(DirectMethodHandleAccessor.java:103)
	at java.base/java.lang.reflect.Method.invoke(Method.java:580)
	at org.openqa.selenium.support.ThreadGuard$WebDriverInvocationHandler.invokeUnderlying(ThreadGuard.java:99)
	at org.openqa.selenium.support.ThreadGuard$WebDriverInvocationHandler.invoke(ThreadGuard.java:91)
	at jdk.proxy2/jdk.proxy2.$Proxy41.findElement(Unknown Source)
	at org.openqa.selenium.support.pagefactory.DefaultElementLocator.findElement(DefaultElementLocator.java:68)
	at org.openqa.selenium.support.pagefactory.internal.LocatingElementHandler.invoke(LocatingElementHandler.java:38)
	at jdk.proxy2/jdk.proxy2.$Proxy45.isDisplayed(Unknown Source)
	at pageObjects.GetStartedPage.checkStartPageDisplay(GetStartedPage.java:35)
	at stepDefinitions.HomePageSteps.the_start_page_should_be_displayed(HomePageSteps.java:131)
	at ✽.The Start page should be displayed.(file:///C:/Users/kpsge/OneDrive/Desktop/MathuDSALGO-8.12%20latest/NN_DS_ALGO_SDET-WARRIORS/./FeatureFiles/Home.feature:87)
</pre></div></td>
<td>15</td>
<td>testRunner.TestRunnerParallel@1b919693</td></tr>
<tr>
<td title='testRunner.TestRunnerParallel.runScenario()'><b>runScenario</b><br>Test class: testRunner.TestRunnerParallel<br>Test method: Runs Cucumber Scenarios<br>Parameters: "Testing the Implementation of Queue Python Editor with Valid codes", "Testing the Functionalities of Queue Page"</td>
<td><div><pre>org.openqa.selenium.remote.UnreachableBrowserException: Error communicating with the remote browser. It may have died.
Build info: version: &apos;4.23.0&apos;, revision: &apos;4df0a231af&apos;
System info: os.name: &apos;Windows 11&apos;, os.arch: &apos;amd64&apos;, os.version: &apos;10.0&apos;, java.version: &apos;22.0.1&apos;
Driver info: org.openqa.selenium.chrome.ChromeDriver
Command: [7e24de0dbe9636da9484376f9588b9d7, findElement [using, value]]
Capabilities {acceptInsecureCerts: false, browserName: chrome, browserVersion: 127.0.6533.120, chrome: {chromedriverVersion: 127.0.6533.119 (bdef6783a05..., userDataDir: C:\Users\kpsge\AppData\Loca...}, fedcm:accounts: true, goog:chromeOptions: {debuggerAddress: localhost:54993}, networkConnectionEnabled: false, pageLoadStrategy: normal, platformName: windows, proxy: Proxy(), se:cdp: ws://localhost:54993/devtoo..., se:cdpVersion: 127.0.6533.120, setWindowRect: true, strictFileInteractability: false, timeouts: {implicit: 0, pageLoad: 300000, script: 30000}, unhandledPromptBehavior: dismiss and notify, webauthn:extension:credBlob: true, webauthn:extension:largeBlob: true, webauthn:extension:minPinLength: true, webauthn:extension:prf: true, webauthn:virtualAuthenticators: true}
Session ID: 7e24de0dbe9636da9484376f9588b9d7
	at org.openqa.selenium.remote.RemoteWebDriver.execute(RemoteWebDriver.java:554)
	at org.openqa.selenium.remote.ElementLocation$ElementFinder$2.findElement(ElementLocation.java:165)
	at org.openqa.selenium.remote.ElementLocation.findElement(ElementLocation.java:59)
	at org.openqa.selenium.remote.RemoteWebDriver.findElement(RemoteWebDriver.java:357)
	at org.openqa.selenium.remote.RemoteWebDriver.findElement(RemoteWebDriver.java:351)
	at org.openqa.selenium.support.ThreadGuard$WebDriverInvocationHandler.invokeUnderlying(ThreadGuard.java:99)
	at org.openqa.selenium.support.ThreadGuard$WebDriverInvocationHandler.invoke(ThreadGuard.java:91)
	at jdk.proxy2/jdk.proxy2.$Proxy41.findElement(Unknown Source)
	at pageObjects.DataStructurePage.Click_DS_PythonEditor_Runbtn_ValidCodes(DataStructurePage.java:116)
	at stepDefinitions.DataStructureSteps.the_user_write_the_valid_python_code_in_editor_and_clicks_run_button(DataStructureSteps.java:144)
	at ✽.The user write the Valid python code in Editor and Clicks Run button(file:///C:/Users/kpsge/OneDrive/Desktop/MathuDSALGO-8.12%20latest/NN_DS_ALGO_SDET-WARRIORS/./FeatureFiles/Queue.feature:83)
Caused by: java.io.UncheckedIOException: java.io.IOException: HTTP/1.1 header parser received no bytes
	at org.openqa.selenium.remote.http.jdk.JdkHttpClient.execute0(JdkHttpClient.java:439)
	at org.openqa.selenium.remote.http.AddSeleniumUserAgent.lambda$apply$0(AddSeleniumUserAgent.java:42)
	at org.openqa.selenium.remote.http.Filter.lambda$andFinally$1(Filter.java:55)
	at org.openqa.selenium.remote.http.jdk.JdkHttpClient.execute(JdkHttpClient.java:355)
	at org.openqa.selenium.remote.HttpCommandExecutor.execute(HttpCommandExecutor.java:187)
	at org.openqa.selenium.remote.service.DriverCommandExecutor.invokeExecute(DriverCommandExecutor.java:216)
	at org.openqa.selenium.remote.service.DriverCommandExecutor.execute(DriverCommandExecutor.java:174)
	at org.openqa.selenium.remote.RemoteWebDriver.execute(RemoteWebDriver.java:527)
	at org.openqa.selenium.remote.ElementLocation$ElementFinder$2.findElement(ElementLocation.java:165)
	at org.openqa.selenium.remote.ElementLocation.findElement(ElementLocation.java:59)
	at org.openqa.selenium.remote.RemoteWebDriver.findElement(RemoteWebDriver.java:357)
	at org.openqa.selenium.remote.RemoteWebDriver.findElement(RemoteWebDriver.java:351)
	at org.openqa.selenium.support.ThreadGuard$WebDriverInvocationHandler.invokeUnderlying(ThreadGuard.java:99)
	at org.openqa.selenium.support.ThreadGuard$WebDriverInvocationHandler.invoke(ThreadGuard.java:91)
	at jdk.proxy2/jdk.proxy2.$Proxy41.findElement(Unknown Source)
	at pageObjects.DataStructurePage.Click_DS_PythonEditor_Runbtn_ValidCodes(DataStructurePage.java:116)
	at stepDefinitions.DataStructureSteps.the_user_write_the_valid_python_code_in_editor_and_clicks_run_button(DataStructureSteps.java:144)
	at io.cucumber.java.Invoker.doInvoke(Invoker.java:66)
	at io.cucumber.java.Invoker.invoke(Invoker.java:24)
	at io.cucumber.java.AbstractGlueDefinition.invokeMethod(AbstractGlueDefinition.java:47)
	at io.cucumber.java.JavaStepDefinition.execute(JavaStepDefinition.java:29)
	at io.cucumber.core.runner.CoreStepDefinition.execute(CoreStepDefinition.java:66)
	at io.cucumber.core.runner.PickleStepDefinitionMatch.runStep(PickleStepDefinitionMatch.java:63)
	at io.cucumber.core.runner.ExecutionMode$1.execute(ExecutionMode.java:10)
	at io.cucumber.core.runner.TestStep.executeStep(TestStep.java:81)
	at io.cucumber.core.runner.TestStep.run(TestStep.java:53)
	at io.cucumber.core.runner.PickleStepTestStep.run(PickleStepTestStep.java:51)
	at io.cucumber.core.runner.TestCase.run(TestCase.java:84)
	at io.cucumber.core.runner.Runner.runPickle(Runner.java:75)
	at io.cucumber.testng.TestNGCucumberRunner.lambda$runScenario$1(TestNGCucumberRunner.java:132)
	at io.cucumber.core.runtime.CucumberExecutionContext.lambda$runTestCase$5(CucumberExecutionContext.java:136)
	at io.cucumber.core.runtime.RethrowingThrowableCollector.executeAndThrow(RethrowingThrowableCollector.java:23)
	at io.cucumber.core.runtime.CucumberExecutionContext.runTestCase(CucumberExecutionContext.java:136)
	at io.cucumber.testng.TestNGCucumberRunner.runScenario(TestNGCucumberRunner.java:129)
	at io.cucumber.testng.AbstractTestNGCucumberTests.runScenario(AbstractTestNGCucumberTests.java:35)
	at java.base/java.util.concurrent.ThreadPoolExecutor.runWorker(ThreadPoolExecutor.java:1144)
	at java.base/java.util.concurrent.ThreadPoolExecutor$Worker.run(ThreadPoolExecutor.java:642)
	at java.base/java.lang.Thread.run(Thread.java:1570)
Caused by: java.io.IOException: HTTP/1.1 header parser received no bytes
	at java.net.http/jdk.internal.net.http.common.Utils.wrapWithExtraDetail(Utils.java:440)
	at java.net.http/jdk.internal.net.http.Http1Response$HeadersReader.onReadError(Http1Response.java:590)
	at java.net.http/jdk.internal.net.http.Http1AsyncReceiver.checkForErrors(Http1AsyncReceiver.java:302)
	at java.net.http/jdk.internal.net.http.Http1AsyncReceiver.flush(Http1AsyncReceiver.java:268)
	at java.net.http/jdk.internal.net.http.common.SequentialScheduler$LockingRestartableTask.run(SequentialScheduler.java:182)
	at java.net.http/jdk.internal.net.http.common.SequentialScheduler$CompleteRestartableTask.run(SequentialScheduler.java:149)
	at java.net.http/jdk.internal.net.http.common.SequentialScheduler$SchedulableTask.run(SequentialScheduler.java:207)
	... 3 more
Caused by: java.io.EOFException: EOF reached while reading
	at java.net.http/jdk.internal.net.http.Http1AsyncReceiver$Http1TubeSubscriber.onComplete(Http1AsyncReceiver.java:601)
	at java.net.http/jdk.internal.net.http.SocketTube$InternalReadPublisher$ReadSubscription.signalCompletion(SocketTube.java:648)
	at java.net.http/jdk.internal.net.http.SocketTube$InternalReadPublisher$InternalReadSubscription.read(SocketTube.java:853)
	at java.net.http/jdk.internal.net.http.SocketTube$SocketFlowTask.run(SocketTube.java:181)
	at java.net.http/jdk.internal.net.http.common.SequentialScheduler$SchedulableTask.run(SequentialScheduler.java:207)
	at java.net.http/jdk.internal.net.http.common.SequentialScheduler.runOrSchedule(SequentialScheduler.java:280)
	at java.net.http/jdk.internal.net.http.common.SequentialScheduler.runOrSchedule(SequentialScheduler.java:233)
	at java.net.http/jdk.internal.net.http.SocketTube$InternalReadPublisher$InternalReadSubscription.signalReadable(SocketTube.java:782)
	at java.net.http/jdk.internal.net.http.SocketTube$InternalReadPublisher$ReadEvent.signalEvent(SocketTube.java:965)
	at java.net.http/jdk.internal.net.http.SocketTube$SocketFlowEvent.handle(SocketTube.java:253)
	at java.net.http/jdk.internal.net.http.HttpClientImpl$SelectorManager.handleEvent(HttpClientImpl.java:1476)
	at java.net.http/jdk.internal.net.http.HttpClientImpl$SelectorManager.lambda$run$3(HttpClientImpl.java:1421)
	at java.base/java.util.ArrayList.forEach(ArrayList.java:1597)
	at java.net.http/jdk.internal.net.http.HttpClientImpl$SelectorManager.run(HttpClientImpl.java:1421)
... Removed 13 stack frames</pre></div><a href='#' onClick='toggleBox("stack-trace1792037598", this, "Click to show all stack frames", "Click to hide stack frames")'>Click to show all stack frames</a>
<div class='stack-trace' id='stack-trace1792037598'><pre>org.openqa.selenium.remote.UnreachableBrowserException: Error communicating with the remote browser. It may have died.
Build info: version: &apos;4.23.0&apos;, revision: &apos;4df0a231af&apos;
System info: os.name: &apos;Windows 11&apos;, os.arch: &apos;amd64&apos;, os.version: &apos;10.0&apos;, java.version: &apos;22.0.1&apos;
Driver info: org.openqa.selenium.chrome.ChromeDriver
Command: [7e24de0dbe9636da9484376f9588b9d7, findElement [using, value]]
Capabilities {acceptInsecureCerts: false, browserName: chrome, browserVersion: 127.0.6533.120, chrome: {chromedriverVersion: 127.0.6533.119 (bdef6783a05..., userDataDir: C:\Users\kpsge\AppData\Loca...}, fedcm:accounts: true, goog:chromeOptions: {debuggerAddress: localhost:54993}, networkConnectionEnabled: false, pageLoadStrategy: normal, platformName: windows, proxy: Proxy(), se:cdp: ws://localhost:54993/devtoo..., se:cdpVersion: 127.0.6533.120, setWindowRect: true, strictFileInteractability: false, timeouts: {implicit: 0, pageLoad: 300000, script: 30000}, unhandledPromptBehavior: dismiss and notify, webauthn:extension:credBlob: true, webauthn:extension:largeBlob: true, webauthn:extension:minPinLength: true, webauthn:extension:prf: true, webauthn:virtualAuthenticators: true}
Session ID: 7e24de0dbe9636da9484376f9588b9d7
	at org.openqa.selenium.remote.RemoteWebDriver.execute(RemoteWebDriver.java:554)
	at org.openqa.selenium.remote.ElementLocation$ElementFinder$2.findElement(ElementLocation.java:165)
	at org.openqa.selenium.remote.ElementLocation.findElement(ElementLocation.java:59)
	at org.openqa.selenium.remote.RemoteWebDriver.findElement(RemoteWebDriver.java:357)
	at org.openqa.selenium.remote.RemoteWebDriver.findElement(RemoteWebDriver.java:351)
	at java.base/jdk.internal.reflect.DirectMethodHandleAccessor.invoke(DirectMethodHandleAccessor.java:103)
	at java.base/java.lang.reflect.Method.invoke(Method.java:580)
	at org.openqa.selenium.support.ThreadGuard$WebDriverInvocationHandler.invokeUnderlying(ThreadGuard.java:99)
	at org.openqa.selenium.support.ThreadGuard$WebDriverInvocationHandler.invoke(ThreadGuard.java:91)
	at jdk.proxy2/jdk.proxy2.$Proxy41.findElement(Unknown Source)
	at pageObjects.DataStructurePage.Click_DS_PythonEditor_Runbtn_ValidCodes(DataStructurePage.java:116)
	at stepDefinitions.DataStructureSteps.the_user_write_the_valid_python_code_in_editor_and_clicks_run_button(DataStructureSteps.java:144)
	at ✽.The user write the Valid python code in Editor and Clicks Run button(file:///C:/Users/kpsge/OneDrive/Desktop/MathuDSALGO-8.12%20latest/NN_DS_ALGO_SDET-WARRIORS/./FeatureFiles/Queue.feature:83)
Caused by: java.io.UncheckedIOException: java.io.IOException: HTTP/1.1 header parser received no bytes
	at org.openqa.selenium.remote.http.jdk.JdkHttpClient.execute0(JdkHttpClient.java:439)
	at org.openqa.selenium.remote.http.AddSeleniumUserAgent.lambda$apply$0(AddSeleniumUserAgent.java:42)
	at org.openqa.selenium.remote.http.Filter.lambda$andFinally$1(Filter.java:55)
	at org.openqa.selenium.remote.http.jdk.JdkHttpClient.execute(JdkHttpClient.java:355)
	at org.openqa.selenium.remote.HttpCommandExecutor.execute(HttpCommandExecutor.java:187)
	at org.openqa.selenium.remote.service.DriverCommandExecutor.invokeExecute(DriverCommandExecutor.java:216)
	at org.openqa.selenium.remote.service.DriverCommandExecutor.execute(DriverCommandExecutor.java:174)
	at org.openqa.selenium.remote.RemoteWebDriver.execute(RemoteWebDriver.java:527)
	at org.openqa.selenium.remote.ElementLocation$ElementFinder$2.findElement(ElementLocation.java:165)
	at org.openqa.selenium.remote.ElementLocation.findElement(ElementLocation.java:59)
	at org.openqa.selenium.remote.RemoteWebDriver.findElement(RemoteWebDriver.java:357)
	at org.openqa.selenium.remote.RemoteWebDriver.findElement(RemoteWebDriver.java:351)
	at java.base/jdk.internal.reflect.DirectMethodHandleAccessor.invoke(DirectMethodHandleAccessor.java:103)
	at java.base/java.lang.reflect.Method.invoke(Method.java:580)
	at org.openqa.selenium.support.ThreadGuard$WebDriverInvocationHandler.invokeUnderlying(ThreadGuard.java:99)
	at org.openqa.selenium.support.ThreadGuard$WebDriverInvocationHandler.invoke(ThreadGuard.java:91)
	at jdk.proxy2/jdk.proxy2.$Proxy41.findElement(Unknown Source)
	at pageObjects.DataStructurePage.Click_DS_PythonEditor_Runbtn_ValidCodes(DataStructurePage.java:116)
	at stepDefinitions.DataStructureSteps.the_user_write_the_valid_python_code_in_editor_and_clicks_run_button(DataStructureSteps.java:144)
	at java.base/jdk.internal.reflect.DirectMethodHandleAccessor.invoke(DirectMethodHandleAccessor.java:103)
	at java.base/java.lang.reflect.Method.invoke(Method.java:580)
	at io.cucumber.java.Invoker.doInvoke(Invoker.java:66)
	at io.cucumber.java.Invoker.invoke(Invoker.java:24)
	at io.cucumber.java.AbstractGlueDefinition.invokeMethod(AbstractGlueDefinition.java:47)
	at io.cucumber.java.JavaStepDefinition.execute(JavaStepDefinition.java:29)
	at io.cucumber.core.runner.CoreStepDefinition.execute(CoreStepDefinition.java:66)
	at io.cucumber.core.runner.PickleStepDefinitionMatch.runStep(PickleStepDefinitionMatch.java:63)
	at io.cucumber.core.runner.ExecutionMode$1.execute(ExecutionMode.java:10)
	at io.cucumber.core.runner.TestStep.executeStep(TestStep.java:81)
	at io.cucumber.core.runner.TestStep.run(TestStep.java:53)
	at io.cucumber.core.runner.PickleStepTestStep.run(PickleStepTestStep.java:51)
	at io.cucumber.core.runner.TestCase.run(TestCase.java:84)
	at io.cucumber.core.runner.Runner.runPickle(Runner.java:75)
	at io.cucumber.testng.TestNGCucumberRunner.lambda$runScenario$1(TestNGCucumberRunner.java:132)
	at io.cucumber.core.runtime.CucumberExecutionContext.lambda$runTestCase$5(CucumberExecutionContext.java:136)
	at io.cucumber.core.runtime.RethrowingThrowableCollector.executeAndThrow(RethrowingThrowableCollector.java:23)
	at io.cucumber.core.runtime.CucumberExecutionContext.runTestCase(CucumberExecutionContext.java:136)
	at io.cucumber.testng.TestNGCucumberRunner.runScenario(TestNGCucumberRunner.java:129)
	at io.cucumber.testng.AbstractTestNGCucumberTests.runScenario(AbstractTestNGCucumberTests.java:35)
	at java.base/jdk.internal.reflect.DirectMethodHandleAccessor.invoke(DirectMethodHandleAccessor.java:103)
	at java.base/java.lang.reflect.Method.invoke(Method.java:580)
	at org.testng.internal.invokers.MethodInvocationHelper.invokeMethod(MethodInvocationHelper.java:141)
	at org.testng.internal.invokers.TestInvoker.invokeMethod(TestInvoker.java:686)
	at org.testng.internal.invokers.TestInvoker.invokeTestMethod(TestInvoker.java:230)
	at org.testng.internal.invokers.TestMethodWithDataProviderMethodWorker.call(TestMethodWithDataProviderMethodWorker.java:81)
	at org.testng.internal.thread.Async$AsyncTask.run(Async.java:34)
	at java.base/java.util.concurrent.ThreadPoolExecutor.runWorker(ThreadPoolExecutor.java:1144)
	at java.base/java.util.concurrent.ThreadPoolExecutor$Worker.run(ThreadPoolExecutor.java:642)
	at java.base/java.lang.Thread.run(Thread.java:1570)
Caused by: java.io.IOException: HTTP/1.1 header parser received no bytes
	at java.net.http/jdk.internal.net.http.common.Utils.wrapWithExtraDetail(Utils.java:440)
	at java.net.http/jdk.internal.net.http.Http1Response$HeadersReader.onReadError(Http1Response.java:590)
	at java.net.http/jdk.internal.net.http.Http1AsyncReceiver.checkForErrors(Http1AsyncReceiver.java:302)
	at java.net.http/jdk.internal.net.http.Http1AsyncReceiver.flush(Http1AsyncReceiver.java:268)
	at java.net.http/jdk.internal.net.http.common.SequentialScheduler$LockingRestartableTask.run(SequentialScheduler.java:182)
	at java.net.http/jdk.internal.net.http.common.SequentialScheduler$CompleteRestartableTask.run(SequentialScheduler.java:149)
	at java.net.http/jdk.internal.net.http.common.SequentialScheduler$SchedulableTask.run(SequentialScheduler.java:207)
	... 3 more
Caused by: java.io.EOFException: EOF reached while reading
	at java.net.http/jdk.internal.net.http.Http1AsyncReceiver$Http1TubeSubscriber.onComplete(Http1AsyncReceiver.java:601)
	at java.net.http/jdk.internal.net.http.SocketTube$InternalReadPublisher$ReadSubscription.signalCompletion(SocketTube.java:648)
	at java.net.http/jdk.internal.net.http.SocketTube$InternalReadPublisher$InternalReadSubscription.read(SocketTube.java:853)
	at java.net.http/jdk.internal.net.http.SocketTube$SocketFlowTask.run(SocketTube.java:181)
	at java.net.http/jdk.internal.net.http.common.SequentialScheduler$SchedulableTask.run(SequentialScheduler.java:207)
	at java.net.http/jdk.internal.net.http.common.SequentialScheduler.runOrSchedule(SequentialScheduler.java:280)
	at java.net.http/jdk.internal.net.http.common.SequentialScheduler.runOrSchedule(SequentialScheduler.java:233)
	at java.net.http/jdk.internal.net.http.SocketTube$InternalReadPublisher$InternalReadSubscription.signalReadable(SocketTube.java:782)
	at java.net.http/jdk.internal.net.http.SocketTube$InternalReadPublisher$ReadEvent.signalEvent(SocketTube.java:965)
	at java.net.http/jdk.internal.net.http.SocketTube$SocketFlowEvent.handle(SocketTube.java:253)
	at java.net.http/jdk.internal.net.http.HttpClientImpl$SelectorManager.handleEvent(HttpClientImpl.java:1476)
	at java.net.http/jdk.internal.net.http.HttpClientImpl$SelectorManager.lambda$run$3(HttpClientImpl.java:1421)
	at java.base/java.util.ArrayList.forEach(ArrayList.java:1597)
	at java.net.http/jdk.internal.net.http.HttpClientImpl$SelectorManager.run(HttpClientImpl.java:1421)
</pre></div></td>
<td>5</td>
<td>testRunner.TestRunnerParallel@1b919693</td></tr>
<tr>
<td title='testRunner.TestRunnerParallel.runScenario()'><b>runScenario</b><br>Test class: testRunner.TestRunnerParallel<br>Test method: Runs Cucumber Scenarios<br>Parameters: "Testing the click of Numpy Ninja link from Home page WITHOUT Signing In moves to the Start page", "To test the features of Home Page"</td>
<td><div><pre>org.openqa.selenium.NoSuchElementException: no such element: Unable to locate element: {&quot;method&quot;:&quot;xpath&quot;,&quot;selector&quot;:&quot;//p[normalize-space()=&apos;Copyright@NumpyNinja2021&apos;]&quot;}
  (Session info: chrome=127.0.6533.120)
For documentation on this error, please visit: https://www.selenium.dev/documentation/webdriver/troubleshooting/errors#no-such-element-exception
Build info: version: &apos;4.23.0&apos;, revision: &apos;4df0a231af&apos;
System info: os.name: &apos;Windows 11&apos;, os.arch: &apos;amd64&apos;, os.version: &apos;10.0&apos;, java.version: &apos;22.0.1&apos;
Driver info: org.openqa.selenium.chrome.ChromeDriver
Command: [9b3f52397d70b90e1810893d2807fec5, findElement {using=xpath, value=//p[normalize-space()=&apos;Copyright@NumpyNinja2021&apos;]}]
Capabilities {acceptInsecureCerts: false, browserName: chrome, browserVersion: 127.0.6533.120, chrome: {chromedriverVersion: 127.0.6533.119 (bdef6783a05..., userDataDir: C:\Users\kpsge\AppData\Loca...}, fedcm:accounts: true, goog:chromeOptions: {debuggerAddress: localhost:54490}, networkConnectionEnabled: false, pageLoadStrategy: normal, platformName: windows, proxy: Proxy(), se:cdp: ws://localhost:54490/devtoo..., se:cdpVersion: 127.0.6533.120, setWindowRect: true, strictFileInteractability: false, timeouts: {implicit: 0, pageLoad: 300000, script: 30000}, unhandledPromptBehavior: dismiss and notify, webauthn:extension:credBlob: true, webauthn:extension:largeBlob: true, webauthn:extension:minPinLength: true, webauthn:extension:prf: true, webauthn:virtualAuthenticators: true}
Session ID: 9b3f52397d70b90e1810893d2807fec5
	at org.openqa.selenium.remote.ErrorCodec.decode(ErrorCodec.java:167)
	at org.openqa.selenium.remote.codec.w3c.W3CHttpResponseCodec.decode(W3CHttpResponseCodec.java:138)
	at org.openqa.selenium.remote.codec.w3c.W3CHttpResponseCodec.decode(W3CHttpResponseCodec.java:50)
	at org.openqa.selenium.remote.HttpCommandExecutor.execute(HttpCommandExecutor.java:190)
	at org.openqa.selenium.remote.service.DriverCommandExecutor.invokeExecute(DriverCommandExecutor.java:216)
	at org.openqa.selenium.remote.service.DriverCommandExecutor.execute(DriverCommandExecutor.java:174)
	at org.openqa.selenium.remote.RemoteWebDriver.execute(RemoteWebDriver.java:527)
	at org.openqa.selenium.remote.ElementLocation$ElementFinder$2.findElement(ElementLocation.java:165)
	at org.openqa.selenium.remote.ElementLocation.findElement(ElementLocation.java:59)
	at org.openqa.selenium.remote.RemoteWebDriver.findElement(RemoteWebDriver.java:357)
	at org.openqa.selenium.remote.RemoteWebDriver.findElement(RemoteWebDriver.java:351)
	at org.openqa.selenium.support.ThreadGuard$WebDriverInvocationHandler.invokeUnderlying(ThreadGuard.java:99)
	at org.openqa.selenium.support.ThreadGuard$WebDriverInvocationHandler.invoke(ThreadGuard.java:91)
	at jdk.proxy2/jdk.proxy2.$Proxy41.findElement(Unknown Source)
	at org.openqa.selenium.support.pagefactory.DefaultElementLocator.findElement(DefaultElementLocator.java:68)
	at org.openqa.selenium.support.pagefactory.internal.LocatingElementHandler.invoke(LocatingElementHandler.java:38)
	at jdk.proxy2/jdk.proxy2.$Proxy45.isDisplayed(Unknown Source)
	at pageObjects.GetStartedPage.checkStartPageDisplay(GetStartedPage.java:35)
	at stepDefinitions.HomePageSteps.the_start_page_should_be_displayed(HomePageSteps.java:131)
	at ✽.The Start page should be displayed.(file:///C:/Users/kpsge/OneDrive/Desktop/MathuDSALGO-8.12%20latest/NN_DS_ALGO_SDET-WARRIORS/./FeatureFiles/Home.feature:92)
... Removed 5 stack frames</pre></div><a href='#' onClick='toggleBox("stack-trace566757863", this, "Click to show all stack frames", "Click to hide stack frames")'>Click to show all stack frames</a>
<div class='stack-trace' id='stack-trace566757863'><pre>org.openqa.selenium.NoSuchElementException: no such element: Unable to locate element: {&quot;method&quot;:&quot;xpath&quot;,&quot;selector&quot;:&quot;//p[normalize-space()=&apos;Copyright@NumpyNinja2021&apos;]&quot;}
  (Session info: chrome=127.0.6533.120)
For documentation on this error, please visit: https://www.selenium.dev/documentation/webdriver/troubleshooting/errors#no-such-element-exception
Build info: version: &apos;4.23.0&apos;, revision: &apos;4df0a231af&apos;
System info: os.name: &apos;Windows 11&apos;, os.arch: &apos;amd64&apos;, os.version: &apos;10.0&apos;, java.version: &apos;22.0.1&apos;
Driver info: org.openqa.selenium.chrome.ChromeDriver
Command: [9b3f52397d70b90e1810893d2807fec5, findElement {using=xpath, value=//p[normalize-space()=&apos;Copyright@NumpyNinja2021&apos;]}]
Capabilities {acceptInsecureCerts: false, browserName: chrome, browserVersion: 127.0.6533.120, chrome: {chromedriverVersion: 127.0.6533.119 (bdef6783a05..., userDataDir: C:\Users\kpsge\AppData\Loca...}, fedcm:accounts: true, goog:chromeOptions: {debuggerAddress: localhost:54490}, networkConnectionEnabled: false, pageLoadStrategy: normal, platformName: windows, proxy: Proxy(), se:cdp: ws://localhost:54490/devtoo..., se:cdpVersion: 127.0.6533.120, setWindowRect: true, strictFileInteractability: false, timeouts: {implicit: 0, pageLoad: 300000, script: 30000}, unhandledPromptBehavior: dismiss and notify, webauthn:extension:credBlob: true, webauthn:extension:largeBlob: true, webauthn:extension:minPinLength: true, webauthn:extension:prf: true, webauthn:virtualAuthenticators: true}
Session ID: 9b3f52397d70b90e1810893d2807fec5
	at java.base/jdk.internal.reflect.DirectConstructorHandleAccessor.newInstance(DirectConstructorHandleAccessor.java:62)
	at java.base/java.lang.reflect.Constructor.newInstanceWithCaller(Constructor.java:502)
	at java.base/java.lang.reflect.Constructor.newInstance(Constructor.java:486)
	at org.openqa.selenium.remote.ErrorCodec.decode(ErrorCodec.java:167)
	at org.openqa.selenium.remote.codec.w3c.W3CHttpResponseCodec.decode(W3CHttpResponseCodec.java:138)
	at org.openqa.selenium.remote.codec.w3c.W3CHttpResponseCodec.decode(W3CHttpResponseCodec.java:50)
	at org.openqa.selenium.remote.HttpCommandExecutor.execute(HttpCommandExecutor.java:190)
	at org.openqa.selenium.remote.service.DriverCommandExecutor.invokeExecute(DriverCommandExecutor.java:216)
	at org.openqa.selenium.remote.service.DriverCommandExecutor.execute(DriverCommandExecutor.java:174)
	at org.openqa.selenium.remote.RemoteWebDriver.execute(RemoteWebDriver.java:527)
	at org.openqa.selenium.remote.ElementLocation$ElementFinder$2.findElement(ElementLocation.java:165)
	at org.openqa.selenium.remote.ElementLocation.findElement(ElementLocation.java:59)
	at org.openqa.selenium.remote.RemoteWebDriver.findElement(RemoteWebDriver.java:357)
	at org.openqa.selenium.remote.RemoteWebDriver.findElement(RemoteWebDriver.java:351)
	at java.base/jdk.internal.reflect.DirectMethodHandleAccessor.invoke(DirectMethodHandleAccessor.java:103)
	at java.base/java.lang.reflect.Method.invoke(Method.java:580)
	at org.openqa.selenium.support.ThreadGuard$WebDriverInvocationHandler.invokeUnderlying(ThreadGuard.java:99)
	at org.openqa.selenium.support.ThreadGuard$WebDriverInvocationHandler.invoke(ThreadGuard.java:91)
	at jdk.proxy2/jdk.proxy2.$Proxy41.findElement(Unknown Source)
	at org.openqa.selenium.support.pagefactory.DefaultElementLocator.findElement(DefaultElementLocator.java:68)
	at org.openqa.selenium.support.pagefactory.internal.LocatingElementHandler.invoke(LocatingElementHandler.java:38)
	at jdk.proxy2/jdk.proxy2.$Proxy45.isDisplayed(Unknown Source)
	at pageObjects.GetStartedPage.checkStartPageDisplay(GetStartedPage.java:35)
	at stepDefinitions.HomePageSteps.the_start_page_should_be_displayed(HomePageSteps.java:131)
	at ✽.The Start page should be displayed.(file:///C:/Users/kpsge/OneDrive/Desktop/MathuDSALGO-8.12%20latest/NN_DS_ALGO_SDET-WARRIORS/./FeatureFiles/Home.feature:92)
</pre></div></td>
<td>13</td>
<td>testRunner.TestRunnerParallel@1b919693</td></tr>
<tr>
<td title='testRunner.TestRunnerParallel.runScenario()'><b>runScenario</b><br>Test class: testRunner.TestRunnerParallel<br>Test method: Runs Cucumber Scenarios<br>Parameters: "Test to register a new user with unaccepted password details", "To test the functionality of Register page"</td>
<td><div><pre>java.lang.AssertionError: expected [true] but found [false]
	at stepDefinitions.RegisterSteps.error_message_stating_password_setting_rules_should_be_displayed(RegisterSteps.java:156)
	at ✽.Error message stating password setting rules should be displayed(file:///C:/Users/kpsge/OneDrive/Desktop/MathuDSALGO-8.12%20latest/NN_DS_ALGO_SDET-WARRIORS/./FeatureFiles/Register.feature:36)
... Removed 4 stack frames</pre></div><a href='#' onClick='toggleBox("stack-trace905496839", this, "Click to show all stack frames", "Click to hide stack frames")'>Click to show all stack frames</a>
<div class='stack-trace' id='stack-trace905496839'><pre>java.lang.AssertionError: expected [true] but found [false]
	at org.testng.Assert.fail(Assert.java:111)
	at org.testng.Assert.failNotEquals(Assert.java:1578)
	at org.testng.Assert.assertTrue(Assert.java:57)
	at org.testng.Assert.assertTrue(Assert.java:67)
	at stepDefinitions.RegisterSteps.error_message_stating_password_setting_rules_should_be_displayed(RegisterSteps.java:156)
	at ✽.Error message stating password setting rules should be displayed(file:///C:/Users/kpsge/OneDrive/Desktop/MathuDSALGO-8.12%20latest/NN_DS_ALGO_SDET-WARRIORS/./FeatureFiles/Register.feature:36)
</pre></div></td>
<td>6</td>
<td>testRunner.TestRunnerParallel@1b919693</td></tr>
</table><p>
<table width='100%' border='1' class='invocation-passed'>
<tr><td colspan='4' align='center'><b>PASSED TESTS</b></td></tr>
<tr><td><b>Test method</b></td>
<td><b>Attribute(s)</b></td>
<td width="30%"><b>Exception</b></td>
<td width="10%"><b>Time (seconds)</b></td>
<td><b>Instance</b></td>
</tr>
<tr>
<td title='testRunner.TestRunnerParallel.runScenario()'><b>runScenario</b><br>Test class: testRunner.TestRunnerParallel<br>Test method: Runs Cucumber Scenarios<br>Parameters: "Testing the click of Numpy Ninja link from "Queue" topic page moves to the Start page AFTER Sign In", "To test the features of Home Page"</td>
<td></td>
<td>6</td>
<td>testRunner.TestRunnerParallel@1b919693</td></tr>
<tr>
<td title='testRunner.TestRunnerParallel.runScenario()'><b>runScenario</b><br>Test class: testRunner.TestRunnerParallel<br>Test method: Runs Cucumber Scenarios<br>Parameters: "Testing the click of Numpy Ninja link from "DataStructure" topic page moves to the Start page AFTER Sign In", "To test the features of Home Page"</td>
<td></td>
<td>5</td>
<td>testRunner.TestRunnerParallel@1b919693</td></tr>
<tr>
<td title='testRunner.TestRunnerParallel.runScenario()'><b>runScenario</b><br>Test class: testRunner.TestRunnerParallel<br>Test method: Runs Cucumber Scenarios<br>Parameters: "Testing the Queue Operations link from the Left panel links", "Testing the Functionalities of Queue Page"</td>
<td></td>
<td>6</td>
<td>testRunner.TestRunnerParallel@1b919693</td></tr>
<tr>
<td title='testRunner.TestRunnerParallel.runScenario()'><b>runScenario</b><br>Test class: testRunner.TestRunnerParallel<br>Test method: Runs Cucumber Scenarios<br>Parameters: "Testing the click of Numpy Ninja link from "Array" topic page moves to the Start page AFTER Sign In", "To test the features of Home Page"</td>
<td></td>
<td>6</td>
<td>testRunner.TestRunnerParallel@1b919693</td></tr>
<tr>
<td title='testRunner.TestRunnerParallel.runScenario()'><b>runScenario</b><br>Test class: testRunner.TestRunnerParallel<br>Test method: Runs Cucumber Scenarios<br>Parameters: "Testing the Implementation of Queue link from the Left panel links", "Testing the Functionalities of Queue Page"</td>
<td></td>
<td>7</td>
<td>testRunner.TestRunnerParallel@1b919693</td></tr>
<tr>
<td title='testRunner.TestRunnerParallel.runScenario()'><b>runScenario</b><br>Test class: testRunner.TestRunnerParallel<br>Test method: Runs Cucumber Scenarios<br>Parameters: "Testing the online editor in the StackOperationspage no code at all", "Testing the Stack page and its functionalities in NumpyNinja app"</td>
<td></td>
<td>6</td>
<td>testRunner.TestRunnerParallel@1b919693</td></tr>
<tr>
<td title='testRunner.TestRunnerParallel.runScenario()'><b>runScenario</b><br>Test class: testRunner.TestRunnerParallel<br>Test method: Runs Cucumber Scenarios<br>Parameters: "Testing the GetStarted button", "Testing the Start Page feature"</td>
<td></td>
<td>4</td>
<td>testRunner.TestRunnerParallel@1b919693</td></tr>
<tr>
<td title='testRunner.TestRunnerParallel.runScenario()'><b>runScenario</b><br>Test class: testRunner.TestRunnerParallel<br>Test method: Runs Cucumber Scenarios<br>Parameters: "Testing click of "Graph" Get Started button at Home page SHOULD ENTER into "Graph" page AFTER sign in.", "To test the features of Home Page"</td>
<td></td>
<td>6</td>
<td>testRunner.TestRunnerParallel@1b919693</td></tr>
<tr>
<td title='testRunner.TestRunnerParallel.runScenario()'><b>runScenario</b><br>Test class: testRunner.TestRunnerParallel<br>Test method: Runs Cucumber Scenarios<br>Parameters: "Testing selection of any "Graph" topic from Data Structures drop-down WITHOUT sign in should throw a YOU ARE NOT LOGGED IN error message", "To test the features of Home Page"</td>
<td></td>
<td>6</td>
<td>testRunner.TestRunnerParallel@1b919693</td></tr>
<tr>
<td title='testRunner.TestRunnerParallel.runScenario()'><b>runScenario</b><br>Test class: testRunner.TestRunnerParallel<br>Test method: Runs Cucumber Scenarios<br>Parameters: "Testing the Queue Operations link in Queue Page", "Testing the Functionalities of Queue Page"</td>
<td></td>
<td>5</td>
<td>testRunner.TestRunnerParallel@1b919693</td></tr>
<tr>
<td title='testRunner.TestRunnerParallel.runScenario()'><b>runScenario</b><br>Test class: testRunner.TestRunnerParallel<br>Test method: Runs Cucumber Scenarios<br>Parameters: "Testing the Implementation using array Python Editor with InValid codes", "Testing the Functionalities of Queue Page"</td>
<td></td>
<td>6</td>
<td>testRunner.TestRunnerParallel@1b919693</td></tr>
<tr>
<td title='testRunner.TestRunnerParallel.runScenario()'><b>runScenario</b><br>Test class: testRunner.TestRunnerParallel<br>Test method: Runs Cucumber Scenarios<br>Parameters: "Testing the Queue Operations Python Editor with InValid codes", "Testing the Functionalities of Queue Page"</td>
<td></td>
<td>7</td>
<td>testRunner.TestRunnerParallel@1b919693</td></tr>
<tr>
<td title='testRunner.TestRunnerParallel.runScenario()'><b>runScenario</b><br>Test class: testRunner.TestRunnerParallel<br>Test method: Runs Cucumber Scenarios<br>Parameters: "Testing the click of Numpy Ninja link from "Graph" topic page moves to the Start page AFTER Sign In", "To test the features of Home Page"</td>
<td></td>
<td>7</td>
<td>testRunner.TestRunnerParallel@1b919693</td></tr>
<tr>
<td title='testRunner.TestRunnerParallel.runScenario()'><b>runScenario</b><br>Test class: testRunner.TestRunnerParallel<br>Test method: Runs Cucumber Scenarios<br>Parameters: "Testing the Try here button in the Time complexity Page", "Testing the Data Structures Intoduction Page"</td>
<td></td>
<td>7</td>
<td>testRunner.TestRunnerParallel@1b919693</td></tr>
<tr>
<td title='testRunner.TestRunnerParallel.runScenario()'><b>runScenario</b><br>Test class: testRunner.TestRunnerParallel<br>Test method: Runs Cucumber Scenarios<br>Parameters: "Testing the TryHere button in the StackImplementationspage", "Testing the Stack page and its functionalities in NumpyNinja app"</td>
<td></td>
<td>7</td>
<td>testRunner.TestRunnerParallel@1b919693</td></tr>
<tr>
<td title='testRunner.TestRunnerParallel.runScenario()'><b>runScenario</b><br>Test class: testRunner.TestRunnerParallel<br>Test method: Runs Cucumber Scenarios<br>Parameters: "Testing the DS Introduction get started button in Home Page", "Testing the Data Structures Intoduction Page"</td>
<td></td>
<td>8</td>
<td>testRunner.TestRunnerParallel@1b919693</td></tr>
<tr>
<td title='testRunner.TestRunnerParallel.runScenario()'><b>runScenario</b><br>Test class: testRunner.TestRunnerParallel<br>Test method: Runs Cucumber Scenarios<br>Parameters: "Testing the Implementation using collections.queue page Python Editor with Valid codes", "Testing the Functionalities of Queue Page"</td>
<td></td>
<td>7</td>
<td>testRunner.TestRunnerParallel@1b919693</td></tr>
<tr>
<td title='testRunner.TestRunnerParallel.runScenario()'><b>runScenario</b><br>Test class: testRunner.TestRunnerParallel<br>Test method: Runs Cucumber Scenarios<br>Parameters: "Testing selection of any "Array" topic from Data Structures drop-down WITHOUT sign in should throw a YOU ARE NOT LOGGED IN error message", "To test the features of Home Page"</td>
<td></td>
<td>5</td>
<td>testRunner.TestRunnerParallel@1b919693</td></tr>
<tr>
<td title='testRunner.TestRunnerParallel.runScenario()'><b>runScenario</b><br>Test class: testRunner.TestRunnerParallel<br>Test method: Runs Cucumber Scenarios<br>Parameters: "Testing click of "Tree" Get Started button at Home page SHOULD ENTER into "Tree" page AFTER sign in.", "To test the features of Home Page"</td>
<td></td>
<td>6</td>
<td>testRunner.TestRunnerParallel@1b919693</td></tr>
<tr>
<td title='testRunner.TestRunnerParallel.runScenario()'><b>runScenario</b><br>Test class: testRunner.TestRunnerParallel<br>Test method: Runs Cucumber Scenarios<br>Parameters: "Testing the click of Numpy Ninja link from Sign In page moves to the Start page", "To test the features of Home Page"</td>
<td></td>
<td>4</td>
<td>testRunner.TestRunnerParallel@1b919693</td></tr>
<tr>
<td title='testRunner.TestRunnerParallel.runScenario()'><b>runScenario</b><br>Test class: testRunner.TestRunnerParallel<br>Test method: Runs Cucumber Scenarios<br>Parameters: "Testing the Sign out link in the DS Introduction page", "Testing the Data Structures Intoduction Page"</td>
<td></td>
<td>6</td>
<td>testRunner.TestRunnerParallel@1b919693</td></tr>
<tr>
<td title='testRunner.TestRunnerParallel.runScenario()'><b>runScenario</b><br>Test class: testRunner.TestRunnerParallel<br>Test method: Runs Cucumber Scenarios<br>Parameters: "Testing the Try here in Implementation of Queue in Python Page", "Testing the Functionalities of Queue Page"</td>
<td></td>
<td>7</td>
<td>testRunner.TestRunnerParallel@1b919693</td></tr>
<tr>
<td title='testRunner.TestRunnerParallel.runScenario()'><b>runScenario</b><br>Test class: testRunner.TestRunnerParallel<br>Test method: Runs Cucumber Scenarios<br>Parameters: "Test to move to Register page from login page", "To test the functionality of Login"</td>
<td></td>
<td>6</td>
<td>testRunner.TestRunnerParallel@1b919693</td></tr>
<tr>
<td title='testRunner.TestRunnerParallel.runScenario()'><b>runScenario</b><br>Test class: testRunner.TestRunnerParallel<br>Test method: Runs Cucumber Scenarios<br>Parameters: "Testing the Try here in Queue Operations in Python Page", "Testing the Functionalities of Queue Page"</td>
<td></td>
<td>6</td>
<td>testRunner.TestRunnerParallel@1b919693</td></tr>
<tr>
<td title='testRunner.TestRunnerParallel.runScenario()'><b>runScenario</b><br>Test class: testRunner.TestRunnerParallel<br>Test method: Runs Cucumber Scenarios<br>Parameters: "Testing the Graph link in the Graph page", "Testing the Graph page and its functionalities in DA-ALGO app"</td>
<td></td>
<td>10</td>
<td>testRunner.TestRunnerParallel@1b919693</td></tr>
<tr>
<td title='testRunner.TestRunnerParallel.runScenario()'><b>runScenario</b><br>Test class: testRunner.TestRunnerParallel<br>Test method: Runs Cucumber Scenarios<br>Parameters: "Testing the Try Here button in the insertion page", "Testing the LinkedList page and its functionalities in NumpyNinja app"</td>
<td></td>
<td>7</td>
<td>testRunner.TestRunnerParallel@1b919693</td></tr>
<tr>
<td title='testRunner.TestRunnerParallel.runScenario()'><b>runScenario</b><br>Test class: testRunner.TestRunnerParallel<br>Test method: Runs Cucumber Scenarios<br>Parameters: "Testing the Queue Operations  Python Try Editor page without any Python codes", "Testing the Functionalities of Queue Page"</td>
<td></td>
<td>7</td>
<td>testRunner.TestRunnerParallel@1b919693</td></tr>
<tr>
<td title='testRunner.TestRunnerParallel.runScenario()'><b>runScenario</b><br>Test class: testRunner.TestRunnerParallel<br>Test method: Runs Cucumber Scenarios<br>Parameters: "Testing selection of any "Graph" topic from Data Structures drop-down AFTER sign in SHOULD ENTER into that "Graph" page", "To test the features of Home Page"</td>
<td></td>
<td>5</td>
<td>testRunner.TestRunnerParallel@1b919693</td></tr>
<tr>
<td title='testRunner.TestRunnerParallel.runScenario()'><b>runScenario</b><br>Test class: testRunner.TestRunnerParallel<br>Test method: Runs Cucumber Scenarios<br>Parameters: "Test login with invalid Username or Password", "To test the functionality of Login"</td>
<td></td>
<td>5</td>
<td>testRunner.TestRunnerParallel@1b919693</td></tr>
<tr>
<td title='testRunner.TestRunnerParallel.runScenario()'><b>runScenario</b><br>Test class: testRunner.TestRunnerParallel<br>Test method: Runs Cucumber Scenarios<br>Parameters: "Testing the Implementation using array page Python Editor with Valid codes", "Testing the Functionalities of Queue Page"</td>
<td></td>
<td>8</td>
<td>testRunner.TestRunnerParallel@1b919693</td></tr>
<tr>
<td title='testRunner.TestRunnerParallel.runScenario()'><b>runScenario</b><br>Test class: testRunner.TestRunnerParallel<br>Test method: Runs Cucumber Scenarios<br>Parameters: "Testing the TryHere button in the StackOperationspage", "Testing the Stack page and its functionalities in NumpyNinja app"</td>
<td></td>
<td>6</td>
<td>testRunner.TestRunnerParallel@1b919693</td></tr>
<tr>
<td title='testRunner.TestRunnerParallel.runScenario()'><b>runScenario</b><br>Test class: testRunner.TestRunnerParallel<br>Test method: Runs Cucumber Scenarios<br>Parameters: "Test login without entering Username or Password or both", "To test the functionality of Login"</td>
<td></td>
<td>4</td>
<td>testRunner.TestRunnerParallel@1b919693</td></tr>
<tr>
<td title='testRunner.TestRunnerParallel.runScenario()'><b>runScenario</b><br>Test class: testRunner.TestRunnerParallel<br>Test method: Runs Cucumber Scenarios<br>Parameters: "Testing click of "Graph" Get Started button at Home page should NOT ENTER into "Graph" page WITHOUT sign in .", "To test the features of Home Page"</td>
<td></td>
<td>5</td>
<td>testRunner.TestRunnerParallel@1b919693</td></tr>
<tr>
<td title='testRunner.TestRunnerParallel.runScenario()'><b>runScenario</b><br>Test class: testRunner.TestRunnerParallel<br>Test method: Runs Cucumber Scenarios<br>Parameters: "Testing the Practice Questions link in the Time Complexity Page", "Testing the Data Structures Intoduction Page"</td>
<td></td>
<td>8</td>
<td>testRunner.TestRunnerParallel@1b919693</td></tr>
<tr>
<td title='testRunner.TestRunnerParallel.runScenario()'><b>runScenario</b><br>Test class: testRunner.TestRunnerParallel<br>Test method: Runs Cucumber Scenarios<br>Parameters: "Testing the Implementation using collections.queue Python Try Editor page without any Python codes", "Testing the Functionalities of Queue Page"</td>
<td></td>
<td>9</td>
<td>testRunner.TestRunnerParallel@1b919693</td></tr>
<tr>
<td title='testRunner.TestRunnerParallel.runScenario()'><b>runScenario</b><br>Test class: testRunner.TestRunnerParallel<br>Test method: Runs Cucumber Scenarios<br>Parameters: "Testing the Queue Operations Python Editor with Valid codes", "Testing the Functionalities of Queue Page"</td>
<td></td>
<td>9</td>
<td>testRunner.TestRunnerParallel@1b919693</td></tr>
<tr>
<td title='testRunner.TestRunnerParallel.runScenario()'><b>runScenario</b><br>Test class: testRunner.TestRunnerParallel<br>Test method: Runs Cucumber Scenarios<br>Parameters: "Testing click of "Array" Get Started button at Home page SHOULD ENTER into "Array" page AFTER sign in.", "To test the features of Home Page"</td>
<td></td>
<td>6</td>
<td>testRunner.TestRunnerParallel@1b919693</td></tr>
<tr>
<td title='testRunner.TestRunnerParallel.runScenario()'><b>runScenario</b><br>Test class: testRunner.TestRunnerParallel<br>Test method: Runs Cucumber Scenarios<br>Parameters: "Testing the online editor in the insertion  pagewith invalid python code", "Testing the LinkedList page and its functionalities in NumpyNinja app"</td>
<td></td>
<td>6</td>
<td>testRunner.TestRunnerParallel@1b919693</td></tr>
<tr>
<td title='testRunner.TestRunnerParallel.runScenario()'><b>runScenario</b><br>Test class: testRunner.TestRunnerParallel<br>Test method: Runs Cucumber Scenarios<br>Parameters: "Testing the TryHere button in the StackApplicationspage", "Testing the Stack page and its functionalities in NumpyNinja app"</td>
<td></td>
<td>6</td>
<td>testRunner.TestRunnerParallel@1b919693</td></tr>
<tr>
<td title='testRunner.TestRunnerParallel.runScenario()'><b>runScenario</b><br>Test class: testRunner.TestRunnerParallel<br>Test method: Runs Cucumber Scenarios<br>Parameters: "Testing the Implementation using collections.queue PY_Editor with InValid codes", "Testing the Functionalities of Queue Page"</td>
<td></td>
<td>7</td>
<td>testRunner.TestRunnerParallel@1b919693</td></tr>
<tr>
<td title='testRunner.TestRunnerParallel.runScenario()'><b>runScenario</b><br>Test class: testRunner.TestRunnerParallel<br>Test method: Runs Cucumber Scenarios<br>Parameters: "Testing the Implementation using collections queue  link in Queue Page", "Testing the Functionalities of Queue Page"</td>
<td></td>
<td>8</td>
<td>testRunner.TestRunnerParallel@1b919693</td></tr>
<tr>
<td title='testRunner.TestRunnerParallel.runScenario()'><b>runScenario</b><br>Test class: testRunner.TestRunnerParallel<br>Test method: Runs Cucumber Scenarios<br>Parameters: "Testing the Time Complexity link in the left panel of the Time Complexity Page", "Testing the Data Structures Intoduction Page"</td>
<td></td>
<td>8</td>
<td>testRunner.TestRunnerParallel@1b919693</td></tr>
<tr>
<td title='testRunner.TestRunnerParallel.runScenario()'><b>runScenario</b><br>Test class: testRunner.TestRunnerParallel<br>Test method: Runs Cucumber Scenarios<br>Parameters: "Testing the Implementations tab in Stackpage", "Testing the Stack page and its functionalities in NumpyNinja app"</td>
<td></td>
<td>5</td>
<td>testRunner.TestRunnerParallel@1b919693</td></tr>
<tr>
<td title='testRunner.TestRunnerParallel.runScenario()'><b>runScenario</b><br>Test class: testRunner.TestRunnerParallel<br>Test method: Runs Cucumber Scenarios<br>Parameters: "Testing the DS-Python Try Editor page without any Python codes", "Testing the Data Structures Intoduction Page"</td>
<td></td>
<td>7</td>
<td>testRunner.TestRunnerParallel@1b919693</td></tr>
<tr>
<td title='testRunner.TestRunnerParallel.runScenario()'><b>runScenario</b><br>Test class: testRunner.TestRunnerParallel<br>Test method: Runs Cucumber Scenarios<br>Parameters: "Test to move to login page from register page", "To test the functionality of Register page"</td>
<td></td>
<td>5</td>
<td>testRunner.TestRunnerParallel@1b919693</td></tr>
<tr>
<td title='testRunner.TestRunnerParallel.runScenario()'><b>runScenario</b><br>Test class: testRunner.TestRunnerParallel<br>Test method: Runs Cucumber Scenarios<br>Parameters: "Verify the display of Copyright@NumpyNinja2021 at Start Page", "Testing the Start Page feature"</td>
<td></td>
<td>5</td>
<td>testRunner.TestRunnerParallel@1b919693</td></tr>
<tr>
<td title='testRunner.TestRunnerParallel.runScenario()'><b>runScenario</b><br>Test class: testRunner.TestRunnerParallel<br>Test method: Runs Cucumber Scenarios<br>Parameters: "Testing click of "Stack" Get Started button at Home page SHOULD ENTER into "Stack" page AFTER sign in.", "To test the features of Home Page"</td>
<td></td>
<td>6</td>
<td>testRunner.TestRunnerParallel@1b919693</td></tr>
<tr>
<td title='testRunner.TestRunnerParallel.runScenario()'><b>runScenario</b><br>Test class: testRunner.TestRunnerParallel<br>Test method: Runs Cucumber Scenarios<br>Parameters: "Test to register a new user without providing username or password or password confirmation details", "To test the functionality of Register page"</td>
<td></td>
<td>4</td>
<td>testRunner.TestRunnerParallel@1b919693</td></tr>
<tr>
<td title='testRunner.TestRunnerParallel.runScenario()'><b>runScenario</b><br>Test class: testRunner.TestRunnerParallel<br>Test method: Runs Cucumber Scenarios<br>Parameters: "Testing click of "Array" Get Started button at Home page should NOT ENTER into "Array" page WITHOUT sign in .", "To test the features of Home Page"</td>
<td></td>
<td>4</td>
<td>testRunner.TestRunnerParallel@1b919693</td></tr>
<tr>
<td title='testRunner.TestRunnerParallel.runScenario()'><b>runScenario</b><br>Test class: testRunner.TestRunnerParallel<br>Test method: Runs Cucumber Scenarios<br>Parameters: "Testing the online editor in the StackApplicationspage with valid python code", "Testing the Stack page and its functionalities in NumpyNinja app"</td>
<td></td>
<td>8</td>
<td>testRunner.TestRunnerParallel@1b919693</td></tr>
<tr>
<td title='testRunner.TestRunnerParallel.runScenario()'><b>runScenario</b><br>Test class: testRunner.TestRunnerParallel<br>Test method: Runs Cucumber Scenarios<br>Parameters: "Testing the online editor in the StackApplicationspage invalid python code", "Testing the Stack page and its functionalities in NumpyNinja app"</td>
<td></td>
<td>6</td>
<td>testRunner.TestRunnerParallel@1b919693</td></tr>
<tr>
<td title='testRunner.TestRunnerParallel.runScenario()'><b>runScenario</b><br>Test class: testRunner.TestRunnerParallel<br>Test method: Runs Cucumber Scenarios<br>Parameters: "Testing selection of any "Tree" topic from Data Structures drop-down WITHOUT sign in should throw a YOU ARE NOT LOGGED IN error message", "To test the features of Home Page"</td>
<td></td>
<td>6</td>
<td>testRunner.TestRunnerParallel@1b919693</td></tr>
<tr>
<td title='testRunner.TestRunnerParallel.runScenario()'><b>runScenario</b><br>Test class: testRunner.TestRunnerParallel<br>Test method: Runs Cucumber Scenarios<br>Parameters: "Testing click of "Linked List" Get Started button at Home page should NOT ENTER into "Linked List" page WITHOUT sign in .", "To test the features of Home Page"</td>
<td></td>
<td>5</td>
<td>testRunner.TestRunnerParallel@1b919693</td></tr>
<tr>
<td title='testRunner.TestRunnerParallel.runScenario()'><b>runScenario</b><br>Test class: testRunner.TestRunnerParallel<br>Test method: Runs Cucumber Scenarios<br>Parameters: "Testing the GraphRepersentations link in the Graph page", "Testing the Graph page and its functionalities in DA-ALGO app"</td>
<td></td>
<td>6</td>
<td>testRunner.TestRunnerParallel@1b919693</td></tr>
<tr>
<td title='testRunner.TestRunnerParallel.runScenario()'><b>runScenario</b><br>Test class: testRunner.TestRunnerParallel<br>Test method: Runs Cucumber Scenarios<br>Parameters: "Testing selection of any "Queue" topic from Data Structures drop-down AFTER sign in SHOULD ENTER into that "Queue" page", "To test the features of Home Page"</td>
<td></td>
<td>4</td>
<td>testRunner.TestRunnerParallel@1b919693</td></tr>
<tr>
<td title='testRunner.TestRunnerParallel.runScenario()'><b>runScenario</b><br>Test class: testRunner.TestRunnerParallel<br>Test method: Runs Cucumber Scenarios<br>Parameters: "Testing click of "Queue" Get Started button at Home page SHOULD ENTER into "Queue" page AFTER sign in.", "To test the features of Home Page"</td>
<td></td>
<td>5</td>
<td>testRunner.TestRunnerParallel@1b919693</td></tr>
<tr>
<td title='testRunner.TestRunnerParallel.runScenario()'><b>runScenario</b><br>Test class: testRunner.TestRunnerParallel<br>Test method: Runs Cucumber Scenarios<br>Parameters: "Testing the online editor in the StackImplementationspage invalid python code", "Testing the Stack page and its functionalities in NumpyNinja app"</td>
<td></td>
<td>7</td>
<td>testRunner.TestRunnerParallel@1b919693</td></tr>
<tr>
<td title='testRunner.TestRunnerParallel.runScenario()'><b>runScenario</b><br>Test class: testRunner.TestRunnerParallel<br>Test method: Runs Cucumber Scenarios<br>Parameters: "Testing the Applications tab in Stackpage", "Testing the Stack page and its functionalities in NumpyNinja app"</td>
<td></td>
<td>6</td>
<td>testRunner.TestRunnerParallel@1b919693</td></tr>
<tr>
<td title='testRunner.TestRunnerParallel.runScenario()'><b>runScenario</b><br>Test class: testRunner.TestRunnerParallel<br>Test method: Runs Cucumber Scenarios<br>Parameters: "Testing the Implementation of Queue Python Try Editor page without any Python codes", "Testing the Functionalities of Queue Page"</td>
<td></td>
<td>7</td>
<td>testRunner.TestRunnerParallel@1b919693</td></tr>
<tr>
<td title='testRunner.TestRunnerParallel.runScenario()'><b>runScenario</b><br>Test class: testRunner.TestRunnerParallel<br>Test method: Runs Cucumber Scenarios<br>Parameters: "Testing the Implementation using array Python Try Editor page without any Python codes", "Testing the Functionalities of Queue Page"</td>
<td></td>
<td>6</td>
<td>testRunner.TestRunnerParallel@1b919693</td></tr>
<tr>
<td title='testRunner.TestRunnerParallel.runScenario()'><b>runScenario</b><br>Test class: testRunner.TestRunnerParallel<br>Test method: Runs Cucumber Scenarios<br>Parameters: "Test login with valid credentials to check 'you are logged in' message at home page", "To test the functionality of Login"</td>
<td></td>
<td>5</td>
<td>testRunner.TestRunnerParallel@1b919693</td></tr>
<tr>
<td title='testRunner.TestRunnerParallel.runScenario()'><b>runScenario</b><br>Test class: testRunner.TestRunnerParallel<br>Test method: Runs Cucumber Scenarios<br>Parameters: "Testing the online editor in the insertion pagewith no code at all", "Testing the LinkedList page and its functionalities in NumpyNinja app"</td>
<td></td>
<td>7</td>
<td>testRunner.TestRunnerParallel@1b919693</td></tr>
<tr>
<td title='testRunner.TestRunnerParallel.runScenario()'><b>runScenario</b><br>Test class: testRunner.TestRunnerParallel<br>Test method: Runs Cucumber Scenarios<br>Parameters: "Test login without entering Username or Password or both", "To test the functionality of Login"</td>
<td></td>
<td>4</td>
<td>testRunner.TestRunnerParallel@1b919693</td></tr>
<tr>
<td title='testRunner.TestRunnerParallel.runScenario()'><b>runScenario</b><br>Test class: testRunner.TestRunnerParallel<br>Test method: Runs Cucumber Scenarios<br>Parameters: "Testing the online editor in the StackOperationspage with valid python code", "Testing the Stack page and its functionalities in NumpyNinja app"</td>
<td></td>
<td>11</td>
<td>testRunner.TestRunnerParallel@1b919693</td></tr>
<tr>
<td title='testRunner.TestRunnerParallel.runScenario()'><b>runScenario</b><br>Test class: testRunner.TestRunnerParallel<br>Test method: Runs Cucumber Scenarios<br>Parameters: "Testing the Practice Questions link in the LinkedList Page", "Testing the Stack page and its functionalities in NumpyNinja app"</td>
<td></td>
<td>5</td>
<td>testRunner.TestRunnerParallel@1b919693</td></tr>
<tr>
<td title='testRunner.TestRunnerParallel.runScenario()'><b>runScenario</b><br>Test class: testRunner.TestRunnerParallel<br>Test method: Runs Cucumber Scenarios<br>Parameters: "Testing the Time Complexity Link in DS-Introduction Page", "Testing the Data Structures Intoduction Page"</td>
<td></td>
<td>8</td>
<td>testRunner.TestRunnerParallel@1b919693</td></tr>
<tr>
<td title='testRunner.TestRunnerParallel.runScenario()'><b>runScenario</b><br>Test class: testRunner.TestRunnerParallel<br>Test method: Runs Cucumber Scenarios<br>Parameters: "Testing the online editor in the StackImplementationspage with valid python code", "Testing the Stack page and its functionalities in NumpyNinja app"</td>
<td></td>
<td>6</td>
<td>testRunner.TestRunnerParallel@1b919693</td></tr>
<tr>
<td title='testRunner.TestRunnerParallel.runScenario()'><b>runScenario</b><br>Test class: testRunner.TestRunnerParallel<br>Test method: Runs Cucumber Scenarios<br>Parameters: "Testing selection of any "Tree" topic from Data Structures drop-down AFTER sign in SHOULD ENTER into that "Tree" page", "To test the features of Home Page"</td>
<td></td>
<td>4</td>
<td>testRunner.TestRunnerParallel@1b919693</td></tr>
<tr>
<td title='testRunner.TestRunnerParallel.runScenario()'><b>runScenario</b><br>Test class: testRunner.TestRunnerParallel<br>Test method: Runs Cucumber Scenarios<br>Parameters: "Testing click of "DataStructure" Get Started button at Home page should NOT ENTER into "DataStructure" page WITHOUT sign in .", "To test the features of Home Page"</td>
<td></td>
<td>5</td>
<td>testRunner.TestRunnerParallel@1b919693</td></tr>
<tr>
<td title='testRunner.TestRunnerParallel.runScenario()'><b>runScenario</b><br>Test class: testRunner.TestRunnerParallel<br>Test method: Runs Cucumber Scenarios<br>Parameters: "Testing the DS-Python Try Editor page with Valid any Python codes", "Testing the Data Structures Intoduction Page"</td>
<td></td>
<td>8</td>
<td>testRunner.TestRunnerParallel@1b919693</td></tr>
<tr>
<td title='testRunner.TestRunnerParallel.runScenario()'><b>runScenario</b><br>Test class: testRunner.TestRunnerParallel<br>Test method: Runs Cucumber Scenarios<br>Parameters: "Testing click of "DataStructure" Get Started button at Home page SHOULD ENTER into "DataStructure" page AFTER sign in.", "To test the features of Home Page"</td>
<td></td>
<td>5</td>
<td>testRunner.TestRunnerParallel@1b919693</td></tr>
<tr>
<td title='testRunner.TestRunnerParallel.runScenario()'><b>runScenario</b><br>Test class: testRunner.TestRunnerParallel<br>Test method: Runs Cucumber Scenarios<br>Parameters: "Testing the Implementation using Array link from the Left panel links", "Testing the Functionalities of Queue Page"</td>
<td></td>
<td>6</td>
<td>testRunner.TestRunnerParallel@1b919693</td></tr>
<tr>
<td title='testRunner.TestRunnerParallel.runScenario()'><b>runScenario</b><br>Test class: testRunner.TestRunnerParallel<br>Test method: Runs Cucumber Scenarios<br>Parameters: "Test to register a new user without providing username or password or password confirmation details", "To test the functionality of Register page"</td>
<td></td>
<td>6</td>
<td>testRunner.TestRunnerParallel@1b919693</td></tr>
<tr>
<td title='testRunner.TestRunnerParallel.runScenario()'><b>runScenario</b><br>Test class: testRunner.TestRunnerParallel<br>Test method: Runs Cucumber Scenarios<br>Parameters: "Testing the click of Numpy Ninja link from "Stack" topic page moves to the Start page AFTER Sign In", "To test the features of Home Page"</td>
<td></td>
<td>5</td>
<td>testRunner.TestRunnerParallel@1b919693</td></tr>
<tr>
<td title='testRunner.TestRunnerParallel.runScenario()'><b>runScenario</b><br>Test class: testRunner.TestRunnerParallel<br>Test method: Runs Cucumber Scenarios<br>Parameters: "Testing the click of Numpy Ninja link from "Linked List" topic page moves to the Start page AFTER Sign In", "To test the features of Home Page"</td>
<td></td>
<td>6</td>
<td>testRunner.TestRunnerParallel@1b919693</td></tr>
<tr>
<td title='testRunner.TestRunnerParallel.runScenario()'><b>runScenario</b><br>Test class: testRunner.TestRunnerParallel<br>Test method: Runs Cucumber Scenarios<br>Parameters: "Testing click of "Stack" Get Started button at Home page should NOT ENTER into "Stack" page WITHOUT sign in .", "To test the features of Home Page"</td>
<td></td>
<td>4</td>
<td>testRunner.TestRunnerParallel@1b919693</td></tr>
<tr>
<td title='testRunner.TestRunnerParallel.runScenario()'><b>runScenario</b><br>Test class: testRunner.TestRunnerParallel<br>Test method: Runs Cucumber Scenarios<br>Parameters: "Test login with invalid Username or Password", "To test the functionality of Login"</td>
<td></td>
<td>5</td>
<td>testRunner.TestRunnerParallel@1b919693</td></tr>
<tr>
<td title='testRunner.TestRunnerParallel.runScenario()'><b>runScenario</b><br>Test class: testRunner.TestRunnerParallel<br>Test method: Runs Cucumber Scenarios<br>Parameters: "Testing selection of any "Stack" topic from Data Structures drop-down WITHOUT sign in should throw a YOU ARE NOT LOGGED IN error message", "To test the features of Home Page"</td>
<td></td>
<td>5</td>
<td>testRunner.TestRunnerParallel@1b919693</td></tr>
<tr>
<td title='testRunner.TestRunnerParallel.runScenario()'><b>runScenario</b><br>Test class: testRunner.TestRunnerParallel<br>Test method: Runs Cucumber Scenarios<br>Parameters: "Testing the click of Numpy Ninja link from Register page moves to the Start page", "To test the features of Home Page"</td>
<td></td>
<td>3</td>
<td>testRunner.TestRunnerParallel@1b919693</td></tr>
<tr>
<td title='testRunner.TestRunnerParallel.runScenario()'><b>runScenario</b><br>Test class: testRunner.TestRunnerParallel<br>Test method: Runs Cucumber Scenarios<br>Parameters: "Testing selection of any "Stack" topic from Data Structures drop-down AFTER sign in SHOULD ENTER into that "Stack" page", "To test the features of Home Page"</td>
<td></td>
<td>5</td>
<td>testRunner.TestRunnerParallel@1b919693</td></tr>
<tr>
<td title='testRunner.TestRunnerParallel.runScenario()'><b>runScenario</b><br>Test class: testRunner.TestRunnerParallel<br>Test method: Runs Cucumber Scenarios<br>Parameters: "Testing click of "Linked List" Get Started button at Home page SHOULD ENTER into "Linked List" page AFTER sign in.", "To test the features of Home Page"</td>
<td></td>
<td>5</td>
<td>testRunner.TestRunnerParallel@1b919693</td></tr>
<tr>
<td title='testRunner.TestRunnerParallel.runScenario()'><b>runScenario</b><br>Test class: testRunner.TestRunnerParallel<br>Test method: Runs Cucumber Scenarios<br>Parameters: "Testing click of "Queue" Get Started button at Home page should NOT ENTER into "Queue" page WITHOUT sign in .", "To test the features of Home Page"</td>
<td></td>
<td>4</td>
<td>testRunner.TestRunnerParallel@1b919693</td></tr>
<tr>
<td title='testRunner.TestRunnerParallel.runScenario()'><b>runScenario</b><br>Test class: testRunner.TestRunnerParallel<br>Test method: Runs Cucumber Scenarios<br>Parameters: "Test login with valid credentials to check the display of username at home page", "To test the functionality of Login"</td>
<td></td>
<td>5</td>
<td>testRunner.TestRunnerParallel@1b919693</td></tr>
<tr>
<td title='testRunner.TestRunnerParallel.runScenario()'><b>runScenario</b><br>Test class: testRunner.TestRunnerParallel<br>Test method: Runs Cucumber Scenarios<br>Parameters: "Testing the Implementation of Queue in Python link in Queue Page", "Testing the Functionalities of Queue Page"</td>
<td></td>
<td>5</td>
<td>testRunner.TestRunnerParallel@1b919693</td></tr>
<tr>
<td title='testRunner.TestRunnerParallel.runScenario()'><b>runScenario</b><br>Test class: testRunner.TestRunnerParallel<br>Test method: Runs Cucumber Scenarios<br>Parameters: "Testing the DS-Python Try Editor page with InValid any Python codes", "Testing the Data Structures Intoduction Page"</td>
<td></td>
<td>8</td>
<td>testRunner.TestRunnerParallel@1b919693</td></tr>
<tr>
<td title='testRunner.TestRunnerParallel.runScenario()'><b>runScenario</b><br>Test class: testRunner.TestRunnerParallel<br>Test method: Runs Cucumber Scenarios<br>Parameters: "Testing selection of any "Queue" topic from Data Structures drop-down WITHOUT sign in should throw a YOU ARE NOT LOGGED IN error message", "To test the features of Home Page"</td>
<td></td>
<td>6</td>
<td>testRunner.TestRunnerParallel@1b919693</td></tr>
<tr>
<td title='testRunner.TestRunnerParallel.runScenario()'><b>runScenario</b><br>Test class: testRunner.TestRunnerParallel<br>Test method: Runs Cucumber Scenarios<br>Parameters: "Testing selection of any "Array" topic from Data Structures drop-down AFTER sign in SHOULD ENTER into that "Array" page", "To test the features of Home Page"</td>
<td></td>
<td>6</td>
<td>testRunner.TestRunnerParallel@1b919693</td></tr>
<tr>
<td title='testRunner.TestRunnerParallel.runScenario()'><b>runScenario</b><br>Test class: testRunner.TestRunnerParallel<br>Test method: Runs Cucumber Scenarios<br>Parameters: "Testing the online editor in the StackImplementationspage no code at all", "Testing the Stack page and its functionalities in NumpyNinja app"</td>
<td></td>
<td>10</td>
<td>testRunner.TestRunnerParallel@1b919693</td></tr>
<tr>
<td title='testRunner.TestRunnerParallel.runScenario()'><b>runScenario</b><br>Test class: testRunner.TestRunnerParallel<br>Test method: Runs Cucumber Scenarios<br>Parameters: "Test to register a new user with an existing password", "To test the functionality of Register page"</td>
<td></td>
<td>5</td>
<td>testRunner.TestRunnerParallel@1b919693</td></tr>
<tr>
<td title='testRunner.TestRunnerParallel.runScenario()'><b>runScenario</b><br>Test class: testRunner.TestRunnerParallel<br>Test method: Runs Cucumber Scenarios<br>Parameters: "Testing the Operations tab in Stackpage", "Testing the Stack page and its functionalities in NumpyNinja app"</td>
<td></td>
<td>6</td>
<td>testRunner.TestRunnerParallel@1b919693</td></tr>
<tr>
<td title='testRunner.TestRunnerParallel.runScenario()'><b>runScenario</b><br>Test class: testRunner.TestRunnerParallel<br>Test method: Runs Cucumber Scenarios<br>Parameters: "Testing the online editor in the StackApplicationspage no code at all", "Testing the Stack page and its functionalities in NumpyNinja app"</td>
<td></td>
<td>6</td>
<td>testRunner.TestRunnerParallel@1b919693</td></tr>
<tr>
<td title='testRunner.TestRunnerParallel.runScenario()'><b>runScenario</b><br>Test class: testRunner.TestRunnerParallel<br>Test method: Runs Cucumber Scenarios<br>Parameters: "Testing selection of any "Linked List" topic from Data Structures drop-down AFTER sign in SHOULD ENTER into that "Linked List" page", "To test the features of Home Page"</td>
<td></td>
<td>9</td>
<td>testRunner.TestRunnerParallel@1b919693</td></tr>
<tr>
<td title='testRunner.TestRunnerParallel.runScenario()'><b>runScenario</b><br>Test class: testRunner.TestRunnerParallel<br>Test method: Runs Cucumber Scenarios<br>Parameters: "Testing the Implementation using collections.queue link  from the Left panel links", "Testing the Functionalities of Queue Page"</td>
<td></td>
<td>5</td>
<td>testRunner.TestRunnerParallel@1b919693</td></tr>
<tr>
<td title='testRunner.TestRunnerParallel.runScenario()'><b>runScenario</b><br>Test class: testRunner.TestRunnerParallel<br>Test method: Runs Cucumber Scenarios<br>Parameters: "Testing the Practice Questions link from the Left panel links", "Testing the Functionalities of Queue Page"</td>
<td></td>
<td>8</td>
<td>testRunner.TestRunnerParallel@1b919693</td></tr>
<tr>
<td title='testRunner.TestRunnerParallel.runScenario()'><b>runScenario</b><br>Test class: testRunner.TestRunnerParallel<br>Test method: Runs Cucumber Scenarios<br>Parameters: "Testing the click of Numpy Ninja link from "Tree" topic page moves to the Start page AFTER Sign In", "To test the features of Home Page"</td>
<td></td>
<td>6</td>
<td>testRunner.TestRunnerParallel@1b919693</td></tr>
<tr>
<td title='testRunner.TestRunnerParallel.runScenario()'><b>runScenario</b><br>Test class: testRunner.TestRunnerParallel<br>Test method: Runs Cucumber Scenarios<br>Parameters: "Testing the Implementation of Queue Python Editor with InValid codes", "Testing the Functionalities of Queue Page"</td>
<td></td>
<td>6</td>
<td>testRunner.TestRunnerParallel@1b919693</td></tr>
<tr>
<td title='testRunner.TestRunnerParallel.runScenario()'><b>runScenario</b><br>Test class: testRunner.TestRunnerParallel<br>Test method: Runs Cucumber Scenarios<br>Parameters: "Test to register a new user with different password and password confirmation details", "To test the functionality of Register page"</td>
<td></td>
<td>5</td>
<td>testRunner.TestRunnerParallel@1b919693</td></tr>
<tr>
<td title='testRunner.TestRunnerParallel.runScenario()'><b>runScenario</b><br>Test class: testRunner.TestRunnerParallel<br>Test method: Runs Cucumber Scenarios<br>Parameters: "Testing the Implementation using Array link Queue  Page", "Testing the Functionalities of Queue Page"</td>
<td></td>
<td>5</td>
<td>testRunner.TestRunnerParallel@1b919693</td></tr>
<tr>
<td title='testRunner.TestRunnerParallel.runScenario()'><b>runScenario</b><br>Test class: testRunner.TestRunnerParallel<br>Test method: Runs Cucumber Scenarios<br>Parameters: "Testing click of "Tree" Get Started button at Home page should NOT ENTER into "Tree" page WITHOUT sign in .", "To test the features of Home Page"</td>
<td></td>
<td>4</td>
<td>testRunner.TestRunnerParallel@1b919693</td></tr>
<tr>
<td title='testRunner.TestRunnerParallel.runScenario()'><b>runScenario</b><br>Test class: testRunner.TestRunnerParallel<br>Test method: Runs Cucumber Scenarios<br>Parameters: "Test login without entering Username or Password or both", "To test the functionality of Login"</td>
<td></td>
<td>4</td>
<td>testRunner.TestRunnerParallel@1b919693</td></tr>
<tr>
<td title='testRunner.TestRunnerParallel.runScenario()'><b>runScenario</b><br>Test class: testRunner.TestRunnerParallel<br>Test method: Runs Cucumber Scenarios<br>Parameters: "Testing the Try here in Implementation using collections.queue in Python Page", "Testing the Functionalities of Queue Page"</td>
<td></td>
<td>7</td>
<td>testRunner.TestRunnerParallel@1b919693</td></tr>
<tr>
<td title='testRunner.TestRunnerParallel.runScenario()'><b>runScenario</b><br>Test class: testRunner.TestRunnerParallel<br>Test method: Runs Cucumber Scenarios<br>Parameters: "Testing the online editor in the StackOperationspage invalid python code", "Testing the Stack page and its functionalities in NumpyNinja app"</td>
<td></td>
<td>6</td>
<td>testRunner.TestRunnerParallel@1b919693</td></tr>
<tr>
<td title='testRunner.TestRunnerParallel.runScenario()'><b>runScenario</b><br>Test class: testRunner.TestRunnerParallel<br>Test method: Runs Cucumber Scenarios<br>Parameters: "Testing the Insertion tab in LinkedList page", "Testing the LinkedList page and its functionalities in NumpyNinja app"</td>
<td></td>
<td>4</td>
<td>testRunner.TestRunnerParallel@1b919693</td></tr>
<tr>
<td title='testRunner.TestRunnerParallel.runScenario()'><b>runScenario</b><br>Test class: testRunner.TestRunnerParallel<br>Test method: Runs Cucumber Scenarios<br>Parameters: "Testing selection of any "Linked List" topic from Data Structures drop-down WITHOUT sign in should throw a YOU ARE NOT LOGGED IN error message", "To test the features of Home Page"</td>
<td></td>
<td>5</td>
<td>testRunner.TestRunnerParallel@1b919693</td></tr>
<tr>
<td title='testRunner.TestRunnerParallel.runScenario()'><b>runScenario</b><br>Test class: testRunner.TestRunnerParallel<br>Test method: Runs Cucumber Scenarios<br>Parameters: "Testing the online editor in the insertion page with valid python code", "Testing the LinkedList page and its functionalities in NumpyNinja app"</td>
<td></td>
<td>6</td>
<td>testRunner.TestRunnerParallel@1b919693</td></tr>
<tr>
<td title='testRunner.TestRunnerParallel.runScenario()'><b>runScenario</b><br>Test class: testRunner.TestRunnerParallel<br>Test method: Runs Cucumber Scenarios<br>Parameters: "Testing the Try here in Implementation using array in Python Page", "Testing the Functionalities of Queue Page"</td>
<td></td>
<td>6</td>
<td>testRunner.TestRunnerParallel@1b919693</td></tr>
<tr>
<td title='testRunner.TestRunnerParallel.runScenario()'><b>runScenario</b><br>Test class: testRunner.TestRunnerParallel<br>Test method: Runs Cucumber Scenarios<br>Parameters: "Test to register a new user with valid details", "To test the functionality of Register page"</td>
<td></td>
<td>6</td>
<td>testRunner.TestRunnerParallel@1b919693</td></tr>
<tr>
<td title='testRunner.TestRunnerParallel.runScenario()'><b>runScenario</b><br>Test class: testRunner.TestRunnerParallel<br>Test method: Runs Cucumber Scenarios<br>Parameters: "Test to register a new user without providing username or password or password confirmation details", "To test the functionality of Register page"</td>
<td></td>
<td>5</td>
<td>testRunner.TestRunnerParallel@1b919693</td></tr>
<tr>
<td title='testRunner.TestRunnerParallel.runScenario()'><b>runScenario</b><br>Test class: testRunner.TestRunnerParallel<br>Test method: Runs Cucumber Scenarios<br>Parameters: "Test login with invalid Username or Password", "To test the functionality of Login"</td>
<td></td>
<td>8</td>
<td>testRunner.TestRunnerParallel@1b919693</td></tr>
<tr>
<td title='testRunner.TestRunnerParallel.runScenario()'><b>runScenario</b><br>Test class: testRunner.TestRunnerParallel<br>Test method: Runs Cucumber Scenarios<br>Parameters: "Test to register a new user with valid details", "To test the functionality of Register page"</td>
<td></td>
<td>7</td>
<td>testRunner.TestRunnerParallel@1b919693</td></tr>
</table><p>
</body>
</html>