<!DOCTYPE html>

<html>
  <head>
  <meta charset='utf-8'>
  <title>TestNG reports</title>

    <link type="text/css" href="testng-reports1.css" rel="stylesheet" id="ultra" />
    <link type="text/css" href="testng-reports.css" rel="stylesheet" id="retro" disabled="false"/>
    <script type="text/javascript" src="jquery-3.6.0.min.js"></script>
    <script type="text/javascript" src="testng-reports.js"></script>
    <script type="text/javascript" src="https://www.google.com/jsapi"></script>
    <script type='text/javascript'>
      google.load('visualization', '1', {packages:['table']});
      google.setOnLoadCallback(drawTable);
      var suiteTableInitFunctions = new Array();
      var suiteTableData = new Array();
    </script>
    <!--
      <script type="text/javascript" src="jquery-ui/js/jquery-ui-1.8.16.custom.min.js"></script>
     -->
  </head>

  <body>    <div class="top-banner-root">
      <span class="top-banner-title-font">Test results</span>
      <button id="button" class="button">Switch Retro Theme</button> <!-- button -->
      <br/>
      <span class="top-banner-font-1">1 suite, 3 failed tests</span>
    </div> <!-- top-banner-root -->
    <div class="navigator-root">
      <div class="navigator-suite-header">
        <span>All suites</span>
        <a href="#" title="Collapse/expand all the suites" class="collapse-all-link">
          <img src="collapseall.gif" class="collapse-all-icon">
          </img> <!-- collapse-all-icon -->
        </a> <!-- collapse-all-link -->
      </div> <!-- navigator-suite-header -->
      <div class="suite">
        <div class="rounded-window">
          <div class="suite-header light-rounded-window-top">
            <a href="#" panel-name="suite-Default_suite" class="navigator-link">
              <span class="suite-name border-failed">Default suite</span>
            </a> <!-- navigator-link -->
          </div> <!-- suite-header light-rounded-window-top -->
          <div class="navigator-suite-content">
            <div class="suite-section-title">
              <span>Info</span>
            </div> <!-- suite-section-title -->
            <div class="suite-section-content">
              <ul>
                <li>
                  <a href="#" panel-name="test-xml-Default_suite" class="navigator-link ">
                    <span>C:\Users\anbum\AppData\Local\Temp\testng-eclipse-1834118147\testng-customsuite.xml</span>
                  </a> <!-- navigator-link  -->
                </li>
                <li>
                  <a href="#" panel-name="testlist-Default_suite" class="navigator-link ">
                    <span class="test-stats">1 test</span>
                  </a> <!-- navigator-link  -->
                </li>
                <li>
                  <a href="#" panel-name="group-Default_suite" class="navigator-link ">
                    <span>1 group</span>
                  </a> <!-- navigator-link  -->
                </li>
                <li>
                  <a href="#" panel-name="times-Default_suite" class="navigator-link ">
                    <span>Times</span>
                  </a> <!-- navigator-link  -->
                </li>
                <li>
                  <a href="#" panel-name="reporter-Default_suite" class="navigator-link ">
                    <span>Reporter output</span>
                  </a> <!-- navigator-link  -->
                </li>
                <li>
                  <a href="#" panel-name="ignored-methods-Default_suite" class="navigator-link ">
                    <span>Ignored methods</span>
                  </a> <!-- navigator-link  -->
                </li>
                <li>
                  <a href="#" panel-name="chronological-Default_suite" class="navigator-link ">
                    <span>Chronological view</span>
                  </a> <!-- navigator-link  -->
                </li>
              </ul>
            </div> <!-- suite-section-content -->
            <div class="result-section">
              <div class="suite-section-title">
                <span>Results</span>
              </div> <!-- suite-section-title -->
              <div class="suite-section-content">
                <ul>
                  <li>
                    <span class="method-stats">25 methods, 3 failed,   22 passed</span>
                  </li>
                  <li>
                    <span class="method-list-title failed">Failed methods</span>
                    <span class="show-or-hide-methods failed">
                      <a href="#" panel-name="suite-Default_suite" class="hide-methods failed suite-Default_suite"> (hide)</a> <!-- hide-methods failed suite-Default_suite -->
                      <a href="#" panel-name="suite-Default_suite" class="show-methods failed suite-Default_suite"> (show)</a> <!-- show-methods failed suite-Default_suite -->
                    </span>
                    <div class="method-list-content failed suite-Default_suite">
                      <span>
                        <img src="failed.png" width="3%"/>
                        <a href="#" panel-name="suite-Default_suite" title="testRunner.TestRunner" class="method navigator-link" hash-for-method="runScenario(&quot;Testing the Implementation of Queue Python Editor with Valid codes&quot;, &quot;Testing the Functionalities o...)">runScenario("Testing the Implementation of Queue Python Editor with Valid codes", "Testing the Functionalities o...)</a> <!-- method navigator-link -->
                      </span>
                      <br/>
                      <span>
                        <img src="failed.png" width="3%"/>
                        <a href="#" panel-name="suite-Default_suite" title="testRunner.TestRunner" class="method navigator-link" hash-for-method="runScenario(&quot;Testing the Implementation of Queue Python Try Editor page without any Python codes&quot;, &quot;Testing the ...)">runScenario("Testing the Implementation of Queue Python Try Editor page without any Python codes", "Testing the ...)</a> <!-- method navigator-link -->
                      </span>
                      <br/>
                      <span>
                        <img src="failed.png" width="3%"/>
                        <a href="#" panel-name="suite-Default_suite" title="testRunner.TestRunner" class="method navigator-link" hash-for-method="runScenario(&quot;Testing the Implementation of Queue in Python link in Queue Page&quot;, &quot;Testing the Functionalities of ...)">runScenario("Testing the Implementation of Queue in Python link in Queue Page", "Testing the Functionalities of ...)</a> <!-- method navigator-link -->
                      </span>
                      <br/>
                    </div> <!-- method-list-content failed suite-Default_suite -->
                  </li>
                  <li>
                    <span class="method-list-title passed">Passed methods</span>
                    <span class="show-or-hide-methods passed">
                      <a href="#" panel-name="suite-Default_suite" class="hide-methods passed suite-Default_suite"> (hide)</a> <!-- hide-methods passed suite-Default_suite -->
                      <a href="#" panel-name="suite-Default_suite" class="show-methods passed suite-Default_suite"> (show)</a> <!-- show-methods passed suite-Default_suite -->
                    </span>
                    <div class="method-list-content passed suite-Default_suite">
                      <span>
                        <img src="passed.png" width="3%"/>
                        <a href="#" panel-name="suite-Default_suite" title="testRunner.TestRunner" class="method navigator-link" hash-for-method="runScenario(&quot;Testing the Implementation using collections.queue link  from the Left panel links&quot;, &quot;Testing the F...)">runScenario("Testing the Implementation using collections.queue link  from the Left panel links", "Testing the F...)</a> <!-- method navigator-link -->
                      </span>
                      <br/>
                      <span>
                        <img src="passed.png" width="3%"/>
                        <a href="#" panel-name="suite-Default_suite" title="testRunner.TestRunner" class="method navigator-link" hash-for-method="runScenario(&quot;Testing the Implementation using Array link from the Left panel links&quot;, &quot;Testing the Functionalitie...)">runScenario("Testing the Implementation using Array link from the Left panel links", "Testing the Functionalitie...)</a> <!-- method navigator-link -->
                      </span>
                      <br/>
                      <span>
                        <img src="passed.png" width="3%"/>
                        <a href="#" panel-name="suite-Default_suite" title="testRunner.TestRunner" class="method navigator-link" hash-for-method="runScenario(&quot;Testing the Try here in Implementation using collections.queue in Python Page&quot;, &quot;Testing the Functi...)">runScenario("Testing the Try here in Implementation using collections.queue in Python Page", "Testing the Functi...)</a> <!-- method navigator-link -->
                      </span>
                      <br/>
                      <span>
                        <img src="passed.png" width="3%"/>
                        <a href="#" panel-name="suite-Default_suite" title="testRunner.TestRunner" class="method navigator-link" hash-for-method="runScenario(&quot;Testing the Try here in Implementation using array in Python Page&quot;, &quot;Testing the Functionalities of...)">runScenario("Testing the Try here in Implementation using array in Python Page", "Testing the Functionalities of...)</a> <!-- method navigator-link -->
                      </span>
                      <br/>
                      <span>
                        <img src="passed.png" width="3%"/>
                        <a href="#" panel-name="suite-Default_suite" title="testRunner.TestRunner" class="method navigator-link" hash-for-method="runScenario(&quot;Testing the Implementation using array Python Try Editor page without any Python codes&quot;, &quot;Testing t...)">runScenario("Testing the Implementation using array Python Try Editor page without any Python codes", "Testing t...)</a> <!-- method navigator-link -->
                      </span>
                      <br/>
                      <span>
                        <img src="passed.png" width="3%"/>
                        <a href="#" panel-name="suite-Default_suite" title="testRunner.TestRunner" class="method navigator-link" hash-for-method="runScenario(&quot;Testing the Try here in Queue Operations in Python Page&quot;, &quot;Testing the Functionalities of Queue Pag...)">runScenario("Testing the Try here in Queue Operations in Python Page", "Testing the Functionalities of Queue Pag...)</a> <!-- method navigator-link -->
                      </span>
                      <br/>
                      <span>
                        <img src="passed.png" width="3%"/>
                        <a href="#" panel-name="suite-Default_suite" title="testRunner.TestRunner" class="method navigator-link" hash-for-method="runScenario(&quot;Testing the Implementation using collections.queue Python Try Editor page without any Python codes&quot;...)">runScenario("Testing the Implementation using collections.queue Python Try Editor page without any Python codes"...)</a> <!-- method navigator-link -->
                      </span>
                      <br/>
                      <span>
                        <img src="passed.png" width="3%"/>
                        <a href="#" panel-name="suite-Default_suite" title="testRunner.TestRunner" class="method navigator-link" hash-for-method="runScenario(&quot;Testing the Implementation using collections.queue page Python Editor with Valid codes&quot;, &quot;Testing t...)">runScenario("Testing the Implementation using collections.queue page Python Editor with Valid codes", "Testing t...)</a> <!-- method navigator-link -->
                      </span>
                      <br/>
                      <span>
                        <img src="passed.png" width="3%"/>
                        <a href="#" panel-name="suite-Default_suite" title="testRunner.TestRunner" class="method navigator-link" hash-for-method="runScenario(&quot;Testing the Implementation using array Python Editor with InValid codes&quot;, &quot;Testing the Functionalit...)">runScenario("Testing the Implementation using array Python Editor with InValid codes", "Testing the Functionalit...)</a> <!-- method navigator-link -->
                      </span>
                      <br/>
                      <span>
                        <img src="passed.png" width="3%"/>
                        <a href="#" panel-name="suite-Default_suite" title="testRunner.TestRunner" class="method navigator-link" hash-for-method="runScenario(&quot;Testing the Implementation using collections.queue PY_Editor with InValid codes&quot;, &quot;Testing the Func...)">runScenario("Testing the Implementation using collections.queue PY_Editor with InValid codes", "Testing the Func...)</a> <!-- method navigator-link -->
                      </span>
                      <br/>
                      <span>
                        <img src="passed.png" width="3%"/>
                        <a href="#" panel-name="suite-Default_suite" title="testRunner.TestRunner" class="method navigator-link" hash-for-method="runScenario(&quot;Testing the Queue Operations  Python Try Editor page without any Python codes&quot;, &quot;Testing the Functi...)">runScenario("Testing the Queue Operations  Python Try Editor page without any Python codes", "Testing the Functi...)</a> <!-- method navigator-link -->
                      </span>
                      <br/>
                      <span>
                        <img src="passed.png" width="3%"/>
                        <a href="#" panel-name="suite-Default_suite" title="testRunner.TestRunner" class="method navigator-link" hash-for-method="runScenario(&quot;Testing the Queue Operations link from the Left panel links&quot;, &quot;Testing the Functionalities of Queue...)">runScenario("Testing the Queue Operations link from the Left panel links", "Testing the Functionalities of Queue...)</a> <!-- method navigator-link -->
                      </span>
                      <br/>
                      <span>
                        <img src="passed.png" width="3%"/>
                        <a href="#" panel-name="suite-Default_suite" title="testRunner.TestRunner" class="method navigator-link" hash-for-method="runScenario(&quot;Testing the Try here in Implementation of Queue in Python Page&quot;, &quot;Testing the Functionalities of Qu...)">runScenario("Testing the Try here in Implementation of Queue in Python Page", "Testing the Functionalities of Qu...)</a> <!-- method navigator-link -->
                      </span>
                      <br/>
                      <span>
                        <img src="passed.png" width="3%"/>
                        <a href="#" panel-name="suite-Default_suite" title="testRunner.TestRunner" class="method navigator-link" hash-for-method="runScenario(&quot;Testing the Implementation of Queue link from the Left panel links&quot;, &quot;Testing the Functionalities o...)">runScenario("Testing the Implementation of Queue link from the Left panel links", "Testing the Functionalities o...)</a> <!-- method navigator-link -->
                      </span>
                      <br/>
                      <span>
                        <img src="passed.png" width="3%"/>
                        <a href="#" panel-name="suite-Default_suite" title="testRunner.TestRunner" class="method navigator-link" hash-for-method="runScenario(&quot;Testing the Queue Operations link in Queue Page&quot;, &quot;Testing the Functionalities of Queue Page&quot;)">runScenario("Testing the Queue Operations link in Queue Page", "Testing the Functionalities of Queue Page")</a> <!-- method navigator-link -->
                      </span>
                      <br/>
                      <span>
                        <img src="passed.png" width="3%"/>
                        <a href="#" panel-name="suite-Default_suite" title="testRunner.TestRunner" class="method navigator-link" hash-for-method="runScenario(&quot;Testing the Implementation using array page Python Editor with Valid codes&quot;, &quot;Testing the Functiona...)">runScenario("Testing the Implementation using array page Python Editor with Valid codes", "Testing the Functiona...)</a> <!-- method navigator-link -->
                      </span>
                      <br/>
                      <span>
                        <img src="passed.png" width="3%"/>
                        <a href="#" panel-name="suite-Default_suite" title="testRunner.TestRunner" class="method navigator-link" hash-for-method="runScenario(&quot;Testing the Queue Operations Python Editor with Valid codes&quot;, &quot;Testing the Functionalities of Queue...)">runScenario("Testing the Queue Operations Python Editor with Valid codes", "Testing the Functionalities of Queue...)</a> <!-- method navigator-link -->
                      </span>
                      <br/>
                      <span>
                        <img src="passed.png" width="3%"/>
                        <a href="#" panel-name="suite-Default_suite" title="testRunner.TestRunner" class="method navigator-link" hash-for-method="runScenario(&quot;Testing the Implementation using collections queue  link in Queue Page&quot;, &quot;Testing the Functionaliti...)">runScenario("Testing the Implementation using collections queue  link in Queue Page", "Testing the Functionaliti...)</a> <!-- method navigator-link -->
                      </span>
                      <br/>
                      <span>
                        <img src="passed.png" width="3%"/>
                        <a href="#" panel-name="suite-Default_suite" title="testRunner.TestRunner" class="method navigator-link" hash-for-method="runScenario(&quot;Testing the Implementation using Array link Queue  Page&quot;, &quot;Testing the Functionalities of Queue Pag...)">runScenario("Testing the Implementation using Array link Queue  Page", "Testing the Functionalities of Queue Pag...)</a> <!-- method navigator-link -->
                      </span>
                      <br/>
                      <span>
                        <img src="passed.png" width="3%"/>
                        <a href="#" panel-name="suite-Default_suite" title="testRunner.TestRunner" class="method navigator-link" hash-for-method="runScenario(&quot;Testing the Practice Questions link from the Left panel links&quot;, &quot;Testing the Functionalities of Que...)">runScenario("Testing the Practice Questions link from the Left panel links", "Testing the Functionalities of Que...)</a> <!-- method navigator-link -->
                      </span>
                      <br/>
                      <span>
                        <img src="passed.png" width="3%"/>
                        <a href="#" panel-name="suite-Default_suite" title="testRunner.TestRunner" class="method navigator-link" hash-for-method="runScenario(&quot;Testing the Queue Operations Python Editor with InValid codes&quot;, &quot;Testing the Functionalities of Que...)">runScenario("Testing the Queue Operations Python Editor with InValid codes", "Testing the Functionalities of Que...)</a> <!-- method navigator-link -->
                      </span>
                      <br/>
                      <span>
                        <img src="passed.png" width="3%"/>
                        <a href="#" panel-name="suite-Default_suite" title="testRunner.TestRunner" class="method navigator-link" hash-for-method="runScenario(&quot;Testing the Implementation of Queue Python Editor with InValid codes&quot;, &quot;Testing the Functionalities...)">runScenario("Testing the Implementation of Queue Python Editor with InValid codes", "Testing the Functionalities...)</a> <!-- method navigator-link -->
                      </span>
                      <br/>
                    </div> <!-- method-list-content passed suite-Default_suite -->
                  </li>
                </ul>
              </div> <!-- suite-section-content -->
            </div> <!-- result-section -->
          </div> <!-- navigator-suite-content -->
        </div> <!-- rounded-window -->
      </div> <!-- suite -->
    </div> <!-- navigator-root -->
    <div class="wrapper">
      <div class="main-panel-root">
        <div panel-name="suite-Default_suite" class="panel Default_suite">
          <div class="suite-Default_suite-class-failed">
            <div class="main-panel-header rounded-window-top">
              <img src="failed.png"/>
              <span class="class-name">testRunner.TestRunner</span>
            </div> <!-- main-panel-header rounded-window-top -->
            <div class="main-panel-content rounded-window-bottom">
              <div class="method">
                <div class="method-content">
                  <a name="runScenario(&quot;Testing the Implementation of Queue Python Editor with Valid codes&quot;, &quot;Testing the Functionalities o...)">
                  </a> <!-- runScenario("Testing the Implementation of Queue Python Editor with Valid codes", "Testing the Functionalities o...) -->
                  <span class="method-name">runScenario</span>
                  <span class="parameters">("Testing the Implementation of Queue Python Editor with Valid codes","Testing the Functionalities of Queue Page")</span>
                  <div class="stack-trace">org.openqa.selenium.NoSuchWindowException: no such window: target window already closed
from unknown error: web view not found
  (Session info: chrome=127.0.6533.100)
Build info: version: &apos;4.23.0&apos;, revision: &apos;4df0a231af&apos;
System info: os.name: &apos;Windows 11&apos;, os.arch: &apos;amd64&apos;, os.version: &apos;10.0&apos;, java.version: &apos;17.0.10&apos;
Driver info: org.openqa.selenium.chrome.ChromeDriver
Command: [6d551b806a5816985e021b04b797207e, get {url=https://dsportalapp.herokuapp.com/}]
Capabilities {acceptInsecureCerts: false, browserName: chrome, browserVersion: 127.0.6533.100, chrome: {chromedriverVersion: 127.0.6533.99 (f31af5097d90..., userDataDir: C:\Users\anbum\AppData\Loca...}, fedcm:accounts: true, goog:chromeOptions: {debuggerAddress: localhost:51507}, networkConnectionEnabled: false, pageLoadStrategy: normal, platformName: windows, proxy: Proxy(), se:cdp: ws://localhost:51507/devtoo..., se:cdpVersion: 127.0.6533.100, setWindowRect: true, strictFileInteractability: false, timeouts: {implicit: 0, pageLoad: 300000, script: 30000}, unhandledPromptBehavior: dismiss and notify, webauthn:extension:credBlob: true, webauthn:extension:largeBlob: true, webauthn:extension:minPinLength: true, webauthn:extension:prf: true, webauthn:virtualAuthenticators: true}
Session ID: 6d551b806a5816985e021b04b797207e
	at java.base/jdk.internal.reflect.NativeConstructorAccessorImpl.newInstance0(Native Method)
	at java.base/jdk.internal.reflect.NativeConstructorAccessorImpl.newInstance(NativeConstructorAccessorImpl.java:77)
	at java.base/jdk.internal.reflect.DelegatingConstructorAccessorImpl.newInstance(DelegatingConstructorAccessorImpl.java:45)
	at java.base/java.lang.reflect.Constructor.newInstanceWithCaller(Constructor.java:499)
	at java.base/java.lang.reflect.Constructor.newInstance(Constructor.java:480)
	at org.openqa.selenium.remote.ErrorCodec.decode(ErrorCodec.java:167)
	at org.openqa.selenium.remote.codec.w3c.W3CHttpResponseCodec.decode(W3CHttpResponseCodec.java:138)
	at org.openqa.selenium.remote.codec.w3c.W3CHttpResponseCodec.decode(W3CHttpResponseCodec.java:50)
	at org.openqa.selenium.remote.HttpCommandExecutor.execute(HttpCommandExecutor.java:190)
	at org.openqa.selenium.remote.service.DriverCommandExecutor.invokeExecute(DriverCommandExecutor.java:216)
	at org.openqa.selenium.remote.service.DriverCommandExecutor.execute(DriverCommandExecutor.java:174)
	at org.openqa.selenium.remote.RemoteWebDriver.execute(RemoteWebDriver.java:527)
	at org.openqa.selenium.remote.RemoteWebDriver.get(RemoteWebDriver.java:302)
	at stepDefinitions.Hooks.setup(Hooks.java:33)

</div> <!-- stack-trace -->
                  <em>
(Runs Cucumber Scenarios)                  </em>
                </div> <!-- method-content -->
              </div> <!-- method -->
              <div class="method">
                <div class="method-content">
                  <a name="runScenario(&quot;Testing the Implementation of Queue Python Try Editor page without any Python codes&quot;, &quot;Testing the ...)">
                  </a> <!-- runScenario("Testing the Implementation of Queue Python Try Editor page without any Python codes", "Testing the ...) -->
                  <span class="method-name">runScenario</span>
                  <span class="parameters">("Testing the Implementation of Queue Python Try Editor page without any Python codes","Testing the Functionalities of Queue Page")</span>
                  <div class="stack-trace">org.openqa.selenium.remote.NoSuchDriverException: Unable to obtain: chromedriver, error Command failed with code: -1073741819, executed: [--browser, chrome, --language-binding, java, --output, json]

Build info: version: &apos;4.23.0&apos;, revision: &apos;4df0a231af&apos;
System info: os.name: &apos;Windows 11&apos;, os.arch: &apos;amd64&apos;, os.version: &apos;10.0&apos;, java.version: &apos;17.0.10&apos;
Driver info: driver.version: ChromeDriver
	at org.openqa.selenium.remote.service.DriverFinder.getBinaryPaths(DriverFinder.java:121)
	at org.openqa.selenium.remote.service.DriverFinder.getDriverPath(DriverFinder.java:55)
	at org.openqa.selenium.chrome.ChromeDriver.generateExecutor(ChromeDriver.java:99)
	at org.openqa.selenium.chrome.ChromeDriver.&lt;init&gt;(ChromeDriver.java:88)
	at org.openqa.selenium.chrome.ChromeDriver.&lt;init&gt;(ChromeDriver.java:83)
	at org.openqa.selenium.chrome.ChromeDriver.&lt;init&gt;(ChromeDriver.java:51)
	at Factory.BaseClass.initializeBrowser(BaseClass.java:67)
	at stepDefinitions.Hooks.setup(Hooks.java:30)
Caused by: org.openqa.selenium.WebDriverException: Command failed with code: -1073741819, executed: [--browser, chrome, --language-binding, java, --output, json]

Build info: version: &apos;4.23.0&apos;, revision: &apos;4df0a231af&apos;
System info: os.name: &apos;Windows 11&apos;, os.arch: &apos;amd64&apos;, os.version: &apos;10.0&apos;, java.version: &apos;17.0.10&apos;
Driver info: driver.version: ChromeDriver
	at org.openqa.selenium.manager.SeleniumManager.runCommand(SeleniumManager.java:170)
	at org.openqa.selenium.manager.SeleniumManager.getBinaryPaths(SeleniumManager.java:247)
	at org.openqa.selenium.remote.service.DriverFinder.getBinaryPaths(DriverFinder.java:102)
	at org.openqa.selenium.remote.service.DriverFinder.getDriverPath(DriverFinder.java:55)
	at org.openqa.selenium.chrome.ChromeDriver.generateExecutor(ChromeDriver.java:99)
	at org.openqa.selenium.chrome.ChromeDriver.&lt;init&gt;(ChromeDriver.java:88)
	at org.openqa.selenium.chrome.ChromeDriver.&lt;init&gt;(ChromeDriver.java:83)
	at org.openqa.selenium.chrome.ChromeDriver.&lt;init&gt;(ChromeDriver.java:51)
	at Factory.BaseClass.initializeBrowser(BaseClass.java:67)
	at stepDefinitions.Hooks.setup(Hooks.java:30)
	at java.base/jdk.internal.reflect.NativeMethodAccessorImpl.invoke0(Native Method)
	at java.base/jdk.internal.reflect.NativeMethodAccessorImpl.invoke(NativeMethodAccessorImpl.java:77)
	at java.base/jdk.internal.reflect.DelegatingMethodAccessorImpl.invoke(DelegatingMethodAccessorImpl.java:43)
	at java.base/java.lang.reflect.Method.invoke(Method.java:568)
	at io.cucumber.java.Invoker.doInvoke(Invoker.java:66)
	at io.cucumber.java.Invoker.invoke(Invoker.java:24)
	at io.cucumber.java.AbstractGlueDefinition.invokeMethod(AbstractGlueDefinition.java:47)
	at io.cucumber.java.JavaHookDefinition.execute(JavaHookDefinition.java:64)
	at io.cucumber.core.runner.CoreHookDefinition.execute(CoreHookDefinition.java:46)
	at io.cucumber.core.runner.HookDefinitionMatch.runStep(HookDefinitionMatch.java:21)
	at io.cucumber.core.runner.ExecutionMode$1.execute(ExecutionMode.java:10)
	at io.cucumber.core.runner.TestStep.executeStep(TestStep.java:81)
	at io.cucumber.core.runner.TestStep.run(TestStep.java:53)
	at io.cucumber.core.runner.TestCase.run(TestCase.java:78)
	at io.cucumber.core.runner.Runner.runPickle(Runner.java:75)
	at io.cucumber.testng.TestNGCucumberRunner.lambda$runScenario$1(TestNGCucumberRunner.java:132)
	at io.cucumber.core.runtime.CucumberExecutionContext.lambda$runTestCase$5(CucumberExecutionContext.java:136)
	at io.cucumber.core.runtime.RethrowingThrowableCollector.executeAndThrow(RethrowingThrowableCollector.java:23)
	at io.cucumber.core.runtime.CucumberExecutionContext.runTestCase(CucumberExecutionContext.java:136)
	at io.cucumber.testng.TestNGCucumberRunner.runScenario(TestNGCucumberRunner.java:129)
	at io.cucumber.testng.AbstractTestNGCucumberTests.runScenario(AbstractTestNGCucumberTests.java:35)
	at java.base/jdk.internal.reflect.NativeMethodAccessorImpl.invoke0(Native Method)
	at java.base/jdk.internal.reflect.NativeMethodAccessorImpl.invoke(NativeMethodAccessorImpl.java:77)
	at java.base/jdk.internal.reflect.DelegatingMethodAccessorImpl.invoke(DelegatingMethodAccessorImpl.java:43)
	at java.base/java.lang.reflect.Method.invoke(Method.java:568)
	at org.testng.internal.invokers.MethodInvocationHelper.invokeMethod(MethodInvocationHelper.java:141)
	at org.testng.internal.invokers.TestInvoker.invokeMethod(TestInvoker.java:686)
	at org.testng.internal.invokers.TestInvoker.invokeTestMethod(TestInvoker.java:230)
	at org.testng.internal.invokers.MethodRunner.runInSequence(MethodRunner.java:63)
	at org.testng.internal.invokers.TestInvoker$MethodInvocationAgent.invoke(TestInvoker.java:992)
	at org.testng.internal.invokers.TestInvoker.invokeTestMethods(TestInvoker.java:203)
	at org.testng.internal.invokers.TestMethodWorker.invokeTestMethods(TestMethodWorker.java:154)
	at org.testng.internal.invokers.TestMethodWorker.run(TestMethodWorker.java:134)
	at java.base/java.util.ArrayList.forEach(ArrayList.java:1511)
	at org.testng.TestRunner.privateRun(TestRunner.java:739)
	at org.testng.TestRunner.run(TestRunner.java:614)
	at org.testng.SuiteRunner.runTest(SuiteRunner.java:421)
	at org.testng.SuiteRunner.runSequentially(SuiteRunner.java:413)
	at org.testng.SuiteRunner.privateRun(SuiteRunner.java:373)
	at org.testng.SuiteRunner.run(SuiteRunner.java:312)
	at org.testng.SuiteRunnerWorker.runSuite(SuiteRunnerWorker.java:52)
	at org.testng.SuiteRunnerWorker.run(SuiteRunnerWorker.java:95)
	at org.testng.TestNG.runSuitesSequentially(TestNG.java:1274)
	at org.testng.TestNG.runSuitesLocally(TestNG.java:1208)
	at org.testng.TestNG.runSuites(TestNG.java:1112)
	at org.testng.TestNG.run(TestNG.java:1079)
	at org.testng.remote.AbstractRemoteTestNG.run(AbstractRemoteTestNG.java:115)
	at org.testng.remote.RemoteTestNG.initAndRun(RemoteTestNG.java:293)
	at org.testng.remote.RemoteTestNG.main(RemoteTestNG.java:91)

</div> <!-- stack-trace -->
                  <em>
(Runs Cucumber Scenarios)                  </em>
                </div> <!-- method-content -->
              </div> <!-- method -->
              <div class="method">
                <div class="method-content">
                  <a name="runScenario(&quot;Testing the Implementation of Queue in Python link in Queue Page&quot;, &quot;Testing the Functionalities of ...)">
                  </a> <!-- runScenario("Testing the Implementation of Queue in Python link in Queue Page", "Testing the Functionalities of ...) -->
                  <span class="method-name">runScenario</span>
                  <span class="parameters">("Testing the Implementation of Queue in Python link in Queue Page","Testing the Functionalities of Queue Page")</span>
                  <div class="stack-trace">org.openqa.selenium.remote.NoSuchDriverException: Unable to obtain: chromedriver, error Failed to run command: [--browser, chrome, --language-binding, java, --output, json]
Build info: version: &apos;4.23.0&apos;, revision: &apos;4df0a231af&apos;
System info: os.name: &apos;Windows 11&apos;, os.arch: &apos;amd64&apos;, os.version: &apos;10.0&apos;, java.version: &apos;17.0.10&apos;
Driver info: driver.version: ChromeDriver
	at org.openqa.selenium.remote.service.DriverFinder.getBinaryPaths(DriverFinder.java:121)
	at org.openqa.selenium.remote.service.DriverFinder.getDriverPath(DriverFinder.java:55)
	at org.openqa.selenium.chrome.ChromeDriver.generateExecutor(ChromeDriver.java:99)
	at org.openqa.selenium.chrome.ChromeDriver.&lt;init&gt;(ChromeDriver.java:88)
	at org.openqa.selenium.chrome.ChromeDriver.&lt;init&gt;(ChromeDriver.java:83)
	at org.openqa.selenium.chrome.ChromeDriver.&lt;init&gt;(ChromeDriver.java:51)
	at Factory.BaseClass.initializeBrowser(BaseClass.java:67)
	at stepDefinitions.Hooks.setup(Hooks.java:30)
Caused by: org.openqa.selenium.WebDriverException: Failed to run command: [--browser, chrome, --language-binding, java, --output, json]
Build info: version: &apos;4.23.0&apos;, revision: &apos;4df0a231af&apos;
System info: os.name: &apos;Windows 11&apos;, os.arch: &apos;amd64&apos;, os.version: &apos;10.0&apos;, java.version: &apos;17.0.10&apos;
Driver info: driver.version: ChromeDriver
	at org.openqa.selenium.manager.SeleniumManager.runCommand(SeleniumManager.java:148)
	at org.openqa.selenium.manager.SeleniumManager.getBinaryPaths(SeleniumManager.java:247)
	at org.openqa.selenium.remote.service.DriverFinder.getBinaryPaths(DriverFinder.java:102)
	at org.openqa.selenium.remote.service.DriverFinder.getDriverPath(DriverFinder.java:55)
	at org.openqa.selenium.chrome.ChromeDriver.generateExecutor(ChromeDriver.java:99)
	at org.openqa.selenium.chrome.ChromeDriver.&lt;init&gt;(ChromeDriver.java:88)
	at org.openqa.selenium.chrome.ChromeDriver.&lt;init&gt;(ChromeDriver.java:83)
	at org.openqa.selenium.chrome.ChromeDriver.&lt;init&gt;(ChromeDriver.java:51)
	at Factory.BaseClass.initializeBrowser(BaseClass.java:67)
	at stepDefinitions.Hooks.setup(Hooks.java:30)
	at java.base/jdk.internal.reflect.NativeMethodAccessorImpl.invoke0(Native Method)
	at java.base/jdk.internal.reflect.NativeMethodAccessorImpl.invoke(NativeMethodAccessorImpl.java:77)
	at java.base/jdk.internal.reflect.DelegatingMethodAccessorImpl.invoke(DelegatingMethodAccessorImpl.java:43)
	at java.base/java.lang.reflect.Method.invoke(Method.java:568)
	at io.cucumber.java.Invoker.doInvoke(Invoker.java:66)
	at io.cucumber.java.Invoker.invoke(Invoker.java:24)
	at io.cucumber.java.AbstractGlueDefinition.invokeMethod(AbstractGlueDefinition.java:47)
	at io.cucumber.java.JavaHookDefinition.execute(JavaHookDefinition.java:64)
	at io.cucumber.core.runner.CoreHookDefinition.execute(CoreHookDefinition.java:46)
	at io.cucumber.core.runner.HookDefinitionMatch.runStep(HookDefinitionMatch.java:21)
	at io.cucumber.core.runner.ExecutionMode$1.execute(ExecutionMode.java:10)
	at io.cucumber.core.runner.TestStep.executeStep(TestStep.java:81)
	at io.cucumber.core.runner.TestStep.run(TestStep.java:53)
	at io.cucumber.core.runner.TestCase.run(TestCase.java:78)
	at io.cucumber.core.runner.Runner.runPickle(Runner.java:75)
	at io.cucumber.testng.TestNGCucumberRunner.lambda$runScenario$1(TestNGCucumberRunner.java:132)
	at io.cucumber.core.runtime.CucumberExecutionContext.lambda$runTestCase$5(CucumberExecutionContext.java:136)
	at io.cucumber.core.runtime.RethrowingThrowableCollector.executeAndThrow(RethrowingThrowableCollector.java:23)
	at io.cucumber.core.runtime.CucumberExecutionContext.runTestCase(CucumberExecutionContext.java:136)
	at io.cucumber.testng.TestNGCucumberRunner.runScenario(TestNGCucumberRunner.java:129)
	at io.cucumber.testng.AbstractTestNGCucumberTests.runScenario(AbstractTestNGCucumberTests.java:35)
	at java.base/jdk.internal.reflect.NativeMethodAccessorImpl.invoke0(Native Method)
	at java.base/jdk.internal.reflect.NativeMethodAccessorImpl.invoke(NativeMethodAccessorImpl.java:77)
	at java.base/jdk.internal.reflect.DelegatingMethodAccessorImpl.invoke(DelegatingMethodAccessorImpl.java:43)
	at java.base/java.lang.reflect.Method.invoke(Method.java:568)
	at org.testng.internal.invokers.MethodInvocationHelper.invokeMethod(MethodInvocationHelper.java:141)
	at org.testng.internal.invokers.TestInvoker.invokeMethod(TestInvoker.java:686)
	at org.testng.internal.invokers.TestInvoker.invokeTestMethod(TestInvoker.java:230)
	at org.testng.internal.invokers.MethodRunner.runInSequence(MethodRunner.java:63)
	at org.testng.internal.invokers.TestInvoker$MethodInvocationAgent.invoke(TestInvoker.java:992)
	at org.testng.internal.invokers.TestInvoker.invokeTestMethods(TestInvoker.java:203)
	at org.testng.internal.invokers.TestMethodWorker.invokeTestMethods(TestMethodWorker.java:154)
	at org.testng.internal.invokers.TestMethodWorker.run(TestMethodWorker.java:134)
	at java.base/java.util.ArrayList.forEach(ArrayList.java:1511)
	at org.testng.TestRunner.privateRun(TestRunner.java:739)
	at org.testng.TestRunner.run(TestRunner.java:614)
	at org.testng.SuiteRunner.runTest(SuiteRunner.java:421)
	at org.testng.SuiteRunner.runSequentially(SuiteRunner.java:413)
	at org.testng.SuiteRunner.privateRun(SuiteRunner.java:373)
	at org.testng.SuiteRunner.run(SuiteRunner.java:312)
	at org.testng.SuiteRunnerWorker.runSuite(SuiteRunnerWorker.java:52)
	at org.testng.SuiteRunnerWorker.run(SuiteRunnerWorker.java:95)
	at org.testng.TestNG.runSuitesSequentially(TestNG.java:1274)
	at org.testng.TestNG.runSuitesLocally(TestNG.java:1208)
	at org.testng.TestNG.runSuites(TestNG.java:1112)
	at org.testng.TestNG.run(TestNG.java:1079)
	at org.testng.remote.AbstractRemoteTestNG.run(AbstractRemoteTestNG.java:115)
	at org.testng.remote.RemoteTestNG.initAndRun(RemoteTestNG.java:293)
	at org.testng.remote.RemoteTestNG.main(RemoteTestNG.java:91)
Caused by: java.io.UncheckedIOException: java.io.IOException: Cannot run program &quot;C:\Users\anbum\.cache\selenium\manager\0.4.23\selenium-manager.exe&quot;: CreateProcess error=5, Access is denied
	at org.openqa.selenium.os.ExternalProcess$Builder.start(ExternalProcess.java:194)
	at org.openqa.selenium.manager.SeleniumManager.runCommand(SeleniumManager.java:139)
	... 58 more
Caused by: java.io.IOException: Cannot run program &quot;C:\Users\anbum\.cache\selenium\manager\0.4.23\selenium-manager.exe&quot;: CreateProcess error=5, Access is denied
	at java.base/java.lang.ProcessBuilder.start(ProcessBuilder.java:1143)
	at java.base/java.lang.ProcessBuilder.start(ProcessBuilder.java:1073)
	at org.openqa.selenium.os.ExternalProcess$Builder.start(ExternalProcess.java:192)
	... 59 more
Caused by: java.io.IOException: CreateProcess error=5, Access is denied
	at java.base/java.lang.ProcessImpl.create(Native Method)
	at java.base/java.lang.ProcessImpl.&lt;init&gt;(ProcessImpl.java:499)
	at java.base/java.lang.ProcessImpl.start(ProcessImpl.java:158)
	at java.base/java.lang.ProcessBuilder.start(ProcessBuilder.java:1110)
	... 61 more

</div> <!-- stack-trace -->
                  <em>
(Runs Cucumber Scenarios)                  </em>
                </div> <!-- method-content -->
              </div> <!-- method -->
            </div> <!-- main-panel-content rounded-window-bottom -->
          </div> <!-- suite-Default_suite-class-failed -->
          <div class="suite-Default_suite-class-passed">
            <div class="main-panel-header rounded-window-top">
              <img src="passed.png"/>
              <span class="class-name">testRunner.TestRunner</span>
            </div> <!-- main-panel-header rounded-window-top -->
            <div class="main-panel-content rounded-window-bottom">
              <div class="method">
                <div class="method-content">
                  <a name="runScenario(&quot;Testing the Implementation using collections.queue link  from the Left panel links&quot;, &quot;Testing the F...)">
                  </a> <!-- runScenario("Testing the Implementation using collections.queue link  from the Left panel links", "Testing the F...) -->
                  <span class="method-name">runScenario</span>
                  <span class="parameters">("Testing the Implementation using collections.queue link  from the Left panel links","Testing the Functionalities of Queue Page")</span>
                  <em>
(Runs Cucumber Scenarios)                  </em>
                </div> <!-- method-content -->
              </div> <!-- method -->
              <div class="method">
                <div class="method-content">
                  <a name="runScenario(&quot;Testing the Implementation using Array link from the Left panel links&quot;, &quot;Testing the Functionalitie...)">
                  </a> <!-- runScenario("Testing the Implementation using Array link from the Left panel links", "Testing the Functionalitie...) -->
                  <span class="method-name">runScenario</span>
                  <span class="parameters">("Testing the Implementation using Array link from the Left panel links","Testing the Functionalities of Queue Page")</span>
                  <em>
(Runs Cucumber Scenarios)                  </em>
                </div> <!-- method-content -->
              </div> <!-- method -->
              <div class="method">
                <div class="method-content">
                  <a name="runScenario(&quot;Testing the Try here in Implementation using collections.queue in Python Page&quot;, &quot;Testing the Functi...)">
                  </a> <!-- runScenario("Testing the Try here in Implementation using collections.queue in Python Page", "Testing the Functi...) -->
                  <span class="method-name">runScenario</span>
                  <span class="parameters">("Testing the Try here in Implementation using collections.queue in Python Page","Testing the Functionalities of Queue Page")</span>
                  <em>
(Runs Cucumber Scenarios)                  </em>
                </div> <!-- method-content -->
              </div> <!-- method -->
              <div class="method">
                <div class="method-content">
                  <a name="runScenario(&quot;Testing the Try here in Implementation using array in Python Page&quot;, &quot;Testing the Functionalities of...)">
                  </a> <!-- runScenario("Testing the Try here in Implementation using array in Python Page", "Testing the Functionalities of...) -->
                  <span class="method-name">runScenario</span>
                  <span class="parameters">("Testing the Try here in Implementation using array in Python Page","Testing the Functionalities of Queue Page")</span>
                  <em>
(Runs Cucumber Scenarios)                  </em>
                </div> <!-- method-content -->
              </div> <!-- method -->
              <div class="method">
                <div class="method-content">
                  <a name="runScenario(&quot;Testing the Implementation using array Python Try Editor page without any Python codes&quot;, &quot;Testing t...)">
                  </a> <!-- runScenario("Testing the Implementation using array Python Try Editor page without any Python codes", "Testing t...) -->
                  <span class="method-name">runScenario</span>
                  <span class="parameters">("Testing the Implementation using array Python Try Editor page without any Python codes","Testing the Functionalities of Queue Page")</span>
                  <em>
(Runs Cucumber Scenarios)                  </em>
                </div> <!-- method-content -->
              </div> <!-- method -->
              <div class="method">
                <div class="method-content">
                  <a name="runScenario(&quot;Testing the Try here in Queue Operations in Python Page&quot;, &quot;Testing the Functionalities of Queue Pag...)">
                  </a> <!-- runScenario("Testing the Try here in Queue Operations in Python Page", "Testing the Functionalities of Queue Pag...) -->
                  <span class="method-name">runScenario</span>
                  <span class="parameters">("Testing the Try here in Queue Operations in Python Page","Testing the Functionalities of Queue Page")</span>
                  <em>
(Runs Cucumber Scenarios)                  </em>
                </div> <!-- method-content -->
              </div> <!-- method -->
              <div class="method">
                <div class="method-content">
                  <a name="runScenario(&quot;Testing the Implementation using collections.queue Python Try Editor page without any Python codes&quot;...)">
                  </a> <!-- runScenario("Testing the Implementation using collections.queue Python Try Editor page without any Python codes"...) -->
                  <span class="method-name">runScenario</span>
                  <span class="parameters">("Testing the Implementation using collections.queue Python Try Editor page without any Python codes","Testing the Functionalities of Queue Page")</span>
                  <em>
(Runs Cucumber Scenarios)                  </em>
                </div> <!-- method-content -->
              </div> <!-- method -->
              <div class="method">
                <div class="method-content">
                  <a name="runScenario(&quot;Testing the Implementation using collections.queue page Python Editor with Valid codes&quot;, &quot;Testing t...)">
                  </a> <!-- runScenario("Testing the Implementation using collections.queue page Python Editor with Valid codes", "Testing t...) -->
                  <span class="method-name">runScenario</span>
                  <span class="parameters">("Testing the Implementation using collections.queue page Python Editor with Valid codes","Testing the Functionalities of Queue Page")</span>
                  <em>
(Runs Cucumber Scenarios)                  </em>
                </div> <!-- method-content -->
              </div> <!-- method -->
              <div class="method">
                <div class="method-content">
                  <a name="runScenario(&quot;Testing the Implementation using array Python Editor with InValid codes&quot;, &quot;Testing the Functionalit...)">
                  </a> <!-- runScenario("Testing the Implementation using array Python Editor with InValid codes", "Testing the Functionalit...) -->
                  <span class="method-name">runScenario</span>
                  <span class="parameters">("Testing the Implementation using array Python Editor with InValid codes","Testing the Functionalities of Queue Page")</span>
                  <em>
(Runs Cucumber Scenarios)                  </em>
                </div> <!-- method-content -->
              </div> <!-- method -->
              <div class="method">
                <div class="method-content">
                  <a name="runScenario(&quot;Testing the Implementation using collections.queue PY_Editor with InValid codes&quot;, &quot;Testing the Func...)">
                  </a> <!-- runScenario("Testing the Implementation using collections.queue PY_Editor with InValid codes", "Testing the Func...) -->
                  <span class="method-name">runScenario</span>
                  <span class="parameters">("Testing the Implementation using collections.queue PY_Editor with InValid codes","Testing the Functionalities of Queue Page")</span>
                  <em>
(Runs Cucumber Scenarios)                  </em>
                </div> <!-- method-content -->
              </div> <!-- method -->
              <div class="method">
                <div class="method-content">
                  <a name="runScenario(&quot;Testing the Queue Operations  Python Try Editor page without any Python codes&quot;, &quot;Testing the Functi...)">
                  </a> <!-- runScenario("Testing the Queue Operations  Python Try Editor page without any Python codes", "Testing the Functi...) -->
                  <span class="method-name">runScenario</span>
                  <span class="parameters">("Testing the Queue Operations  Python Try Editor page without any Python codes","Testing the Functionalities of Queue Page")</span>
                  <em>
(Runs Cucumber Scenarios)                  </em>
                </div> <!-- method-content -->
              </div> <!-- method -->
              <div class="method">
                <div class="method-content">
                  <a name="runScenario(&quot;Testing the Queue Operations link from the Left panel links&quot;, &quot;Testing the Functionalities of Queue...)">
                  </a> <!-- runScenario("Testing the Queue Operations link from the Left panel links", "Testing the Functionalities of Queue...) -->
                  <span class="method-name">runScenario</span>
                  <span class="parameters">("Testing the Queue Operations link from the Left panel links","Testing the Functionalities of Queue Page")</span>
                  <em>
(Runs Cucumber Scenarios)                  </em>
                </div> <!-- method-content -->
              </div> <!-- method -->
              <div class="method">
                <div class="method-content">
                  <a name="runScenario(&quot;Testing the Try here in Implementation of Queue in Python Page&quot;, &quot;Testing the Functionalities of Qu...)">
                  </a> <!-- runScenario("Testing the Try here in Implementation of Queue in Python Page", "Testing the Functionalities of Qu...) -->
                  <span class="method-name">runScenario</span>
                  <span class="parameters">("Testing the Try here in Implementation of Queue in Python Page","Testing the Functionalities of Queue Page")</span>
                  <em>
(Runs Cucumber Scenarios)                  </em>
                </div> <!-- method-content -->
              </div> <!-- method -->
              <div class="method">
                <div class="method-content">
                  <a name="runScenario(&quot;Testing the Implementation of Queue link from the Left panel links&quot;, &quot;Testing the Functionalities o...)">
                  </a> <!-- runScenario("Testing the Implementation of Queue link from the Left panel links", "Testing the Functionalities o...) -->
                  <span class="method-name">runScenario</span>
                  <span class="parameters">("Testing the Implementation of Queue link from the Left panel links","Testing the Functionalities of Queue Page")</span>
                  <em>
(Runs Cucumber Scenarios)                  </em>
                </div> <!-- method-content -->
              </div> <!-- method -->
              <div class="method">
                <div class="method-content">
                  <a name="runScenario(&quot;Testing the Queue Operations link in Queue Page&quot;, &quot;Testing the Functionalities of Queue Page&quot;)">
                  </a> <!-- runScenario("Testing the Queue Operations link in Queue Page", "Testing the Functionalities of Queue Page") -->
                  <span class="method-name">runScenario</span>
                  <span class="parameters">("Testing the Queue Operations link in Queue Page","Testing the Functionalities of Queue Page")</span>
                  <em>
(Runs Cucumber Scenarios)                  </em>
                </div> <!-- method-content -->
              </div> <!-- method -->
              <div class="method">
                <div class="method-content">
                  <a name="runScenario(&quot;Testing the Implementation using array page Python Editor with Valid codes&quot;, &quot;Testing the Functiona...)">
                  </a> <!-- runScenario("Testing the Implementation using array page Python Editor with Valid codes", "Testing the Functiona...) -->
                  <span class="method-name">runScenario</span>
                  <span class="parameters">("Testing the Implementation using array page Python Editor with Valid codes","Testing the Functionalities of Queue Page")</span>
                  <em>
(Runs Cucumber Scenarios)                  </em>
                </div> <!-- method-content -->
              </div> <!-- method -->
              <div class="method">
                <div class="method-content">
                  <a name="runScenario(&quot;Testing the Queue Operations Python Editor with Valid codes&quot;, &quot;Testing the Functionalities of Queue...)">
                  </a> <!-- runScenario("Testing the Queue Operations Python Editor with Valid codes", "Testing the Functionalities of Queue...) -->
                  <span class="method-name">runScenario</span>
                  <span class="parameters">("Testing the Queue Operations Python Editor with Valid codes","Testing the Functionalities of Queue Page")</span>
                  <em>
(Runs Cucumber Scenarios)                  </em>
                </div> <!-- method-content -->
              </div> <!-- method -->
              <div class="method">
                <div class="method-content">
                  <a name="runScenario(&quot;Testing the Implementation using collections queue  link in Queue Page&quot;, &quot;Testing the Functionaliti...)">
                  </a> <!-- runScenario("Testing the Implementation using collections queue  link in Queue Page", "Testing the Functionaliti...) -->
                  <span class="method-name">runScenario</span>
                  <span class="parameters">("Testing the Implementation using collections queue  link in Queue Page","Testing the Functionalities of Queue Page")</span>
                  <em>
(Runs Cucumber Scenarios)                  </em>
                </div> <!-- method-content -->
              </div> <!-- method -->
              <div class="method">
                <div class="method-content">
                  <a name="runScenario(&quot;Testing the Implementation using Array link Queue  Page&quot;, &quot;Testing the Functionalities of Queue Pag...)">
                  </a> <!-- runScenario("Testing the Implementation using Array link Queue  Page", "Testing the Functionalities of Queue Pag...) -->
                  <span class="method-name">runScenario</span>
                  <span class="parameters">("Testing the Implementation using Array link Queue  Page","Testing the Functionalities of Queue Page")</span>
                  <em>
(Runs Cucumber Scenarios)                  </em>
                </div> <!-- method-content -->
              </div> <!-- method -->
              <div class="method">
                <div class="method-content">
                  <a name="runScenario(&quot;Testing the Practice Questions link from the Left panel links&quot;, &quot;Testing the Functionalities of Que...)">
                  </a> <!-- runScenario("Testing the Practice Questions link from the Left panel links", "Testing the Functionalities of Que...) -->
                  <span class="method-name">runScenario</span>
                  <span class="parameters">("Testing the Practice Questions link from the Left panel links","Testing the Functionalities of Queue Page")</span>
                  <em>
(Runs Cucumber Scenarios)                  </em>
                </div> <!-- method-content -->
              </div> <!-- method -->
              <div class="method">
                <div class="method-content">
                  <a name="runScenario(&quot;Testing the Queue Operations Python Editor with InValid codes&quot;, &quot;Testing the Functionalities of Que...)">
                  </a> <!-- runScenario("Testing the Queue Operations Python Editor with InValid codes", "Testing the Functionalities of Que...) -->
                  <span class="method-name">runScenario</span>
                  <span class="parameters">("Testing the Queue Operations Python Editor with InValid codes","Testing the Functionalities of Queue Page")</span>
                  <em>
(Runs Cucumber Scenarios)                  </em>
                </div> <!-- method-content -->
              </div> <!-- method -->
              <div class="method">
                <div class="method-content">
                  <a name="runScenario(&quot;Testing the Implementation of Queue Python Editor with InValid codes&quot;, &quot;Testing the Functionalities...)">
                  </a> <!-- runScenario("Testing the Implementation of Queue Python Editor with InValid codes", "Testing the Functionalities...) -->
                  <span class="method-name">runScenario</span>
                  <span class="parameters">("Testing the Implementation of Queue Python Editor with InValid codes","Testing the Functionalities of Queue Page")</span>
                  <em>
(Runs Cucumber Scenarios)                  </em>
                </div> <!-- method-content -->
              </div> <!-- method -->
            </div> <!-- main-panel-content rounded-window-bottom -->
          </div> <!-- suite-Default_suite-class-passed -->
        </div> <!-- panel Default_suite -->
        <div panel-name="test-xml-Default_suite" class="panel">
          <div class="main-panel-header rounded-window-top">
            <span class="header-content">C:\Users\anbum\AppData\Local\Temp\testng-eclipse-1834118147\testng-customsuite.xml</span>
          </div> <!-- main-panel-header rounded-window-top -->
          <div class="main-panel-content rounded-window-bottom">
            <pre>
&lt;?xml version=&quot;1.0&quot; encoding=&quot;UTF-8&quot;?&gt;
&lt;!DOCTYPE suite SYSTEM &quot;https://testng.org/testng-1.0.dtd&quot;&gt;
&lt;suite name=&quot;Default suite&quot; guice-stage=&quot;DEVELOPMENT&quot;&gt;
  &lt;test thread-count=&quot;5&quot; name=&quot;Default test&quot; verbose=&quot;2&quot;&gt;
    &lt;classes&gt;
      &lt;class name=&quot;testRunner.TestRunner&quot;/&gt;
    &lt;/classes&gt;
  &lt;/test&gt; &lt;!-- Default test --&gt;
&lt;/suite&gt; &lt;!-- Default suite --&gt;
            </pre>
          </div> <!-- main-panel-content rounded-window-bottom -->
        </div> <!-- panel -->
        <div panel-name="testlist-Default_suite" class="panel">
          <div class="main-panel-header rounded-window-top">
            <span class="header-content">Tests for Default suite</span>
          </div> <!-- main-panel-header rounded-window-top -->
          <div class="main-panel-content rounded-window-bottom">
            <ul>
              <li>
                <span class="test-name">Default test (1 class)</span>
              </li>
            </ul>
          </div> <!-- main-panel-content rounded-window-bottom -->
        </div> <!-- panel -->
        <div panel-name="group-Default_suite" class="panel">
          <div class="main-panel-header rounded-window-top">
            <span class="header-content">Groups for Default suite</span>
          </div> <!-- main-panel-header rounded-window-top -->
          <div class="main-panel-content rounded-window-bottom">
            <div class="test-group">
              <span class="test-group-name">cucumber</span>
              <br/>
              <div class="method-in-group">
                <span class="method-in-group-name">runScenario</span>
                <br/>
              </div> <!-- method-in-group -->
            </div> <!-- test-group -->
          </div> <!-- main-panel-content rounded-window-bottom -->
        </div> <!-- panel -->
        <div panel-name="times-Default_suite" class="panel">
          <div class="main-panel-header rounded-window-top">
            <span class="header-content">Times for Default suite</span>
          </div> <!-- main-panel-header rounded-window-top -->
          <div class="main-panel-content rounded-window-bottom">
            <div class="times-div">
              <script type="text/javascript">
suiteTableInitFunctions.push('tableData_Default_suite');
function tableData_Default_suite() {
var data = new google.visualization.DataTable();
data.addColumn('number', 'Number');
data.addColumn('string', 'Method');
data.addColumn('string', 'Class');
data.addColumn('number', 'Time (ms)');
data.addRows(25);
data.setCell(0, 0, 0)
data.setCell(0, 1, 'runScenario')
data.setCell(0, 2, 'testRunner.TestRunner')
data.setCell(0, 3, 79200);
data.setCell(1, 0, 1)
data.setCell(1, 1, 'runScenario')
data.setCell(1, 2, 'testRunner.TestRunner')
data.setCell(1, 3, 12789);
data.setCell(2, 0, 2)
data.setCell(2, 1, 'runScenario')
data.setCell(2, 2, 'testRunner.TestRunner')
data.setCell(2, 3, 9922);
data.setCell(3, 0, 3)
data.setCell(3, 1, 'runScenario')
data.setCell(3, 2, 'testRunner.TestRunner')
data.setCell(3, 3, 9848);
data.setCell(4, 0, 4)
data.setCell(4, 1, 'runScenario')
data.setCell(4, 2, 'testRunner.TestRunner')
data.setCell(4, 3, 9519);
data.setCell(5, 0, 5)
data.setCell(5, 1, 'runScenario')
data.setCell(5, 2, 'testRunner.TestRunner')
data.setCell(5, 3, 8933);
data.setCell(6, 0, 6)
data.setCell(6, 1, 'runScenario')
data.setCell(6, 2, 'testRunner.TestRunner')
data.setCell(6, 3, 8497);
data.setCell(7, 0, 7)
data.setCell(7, 1, 'runScenario')
data.setCell(7, 2, 'testRunner.TestRunner')
data.setCell(7, 3, 8395);
data.setCell(8, 0, 8)
data.setCell(8, 1, 'runScenario')
data.setCell(8, 2, 'testRunner.TestRunner')
data.setCell(8, 3, 7749);
data.setCell(9, 0, 9)
data.setCell(9, 1, 'runScenario')
data.setCell(9, 2, 'testRunner.TestRunner')
data.setCell(9, 3, 7139);
data.setCell(10, 0, 10)
data.setCell(10, 1, 'runScenario')
data.setCell(10, 2, 'testRunner.TestRunner')
data.setCell(10, 3, 6599);
data.setCell(11, 0, 11)
data.setCell(11, 1, 'runScenario')
data.setCell(11, 2, 'testRunner.TestRunner')
data.setCell(11, 3, 6571);
data.setCell(12, 0, 12)
data.setCell(12, 1, 'runScenario')
data.setCell(12, 2, 'testRunner.TestRunner')
data.setCell(12, 3, 6514);
data.setCell(13, 0, 13)
data.setCell(13, 1, 'runScenario')
data.setCell(13, 2, 'testRunner.TestRunner')
data.setCell(13, 3, 6457);
data.setCell(14, 0, 14)
data.setCell(14, 1, 'runScenario')
data.setCell(14, 2, 'testRunner.TestRunner')
data.setCell(14, 3, 6087);
data.setCell(15, 0, 15)
data.setCell(15, 1, 'runScenario')
data.setCell(15, 2, 'testRunner.TestRunner')
data.setCell(15, 3, 6020);
data.setCell(16, 0, 16)
data.setCell(16, 1, 'runScenario')
data.setCell(16, 2, 'testRunner.TestRunner')
data.setCell(16, 3, 5983);
data.setCell(17, 0, 17)
data.setCell(17, 1, 'runScenario')
data.setCell(17, 2, 'testRunner.TestRunner')
data.setCell(17, 3, 5960);
data.setCell(18, 0, 18)
data.setCell(18, 1, 'runScenario')
data.setCell(18, 2, 'testRunner.TestRunner')
data.setCell(18, 3, 5898);
data.setCell(19, 0, 19)
data.setCell(19, 1, 'runScenario')
data.setCell(19, 2, 'testRunner.TestRunner')
data.setCell(19, 3, 5802);
data.setCell(20, 0, 20)
data.setCell(20, 1, 'runScenario')
data.setCell(20, 2, 'testRunner.TestRunner')
data.setCell(20, 3, 5649);
data.setCell(21, 0, 21)
data.setCell(21, 1, 'runScenario')
data.setCell(21, 2, 'testRunner.TestRunner')
data.setCell(21, 3, 5636);
data.setCell(22, 0, 22)
data.setCell(22, 1, 'runScenario')
data.setCell(22, 2, 'testRunner.TestRunner')
data.setCell(22, 3, 5593);
data.setCell(23, 0, 23)
data.setCell(23, 1, 'runScenario')
data.setCell(23, 2, 'testRunner.TestRunner')
data.setCell(23, 3, 5405);
data.setCell(24, 0, 24)
data.setCell(24, 1, 'runScenario')
data.setCell(24, 2, 'testRunner.TestRunner')
data.setCell(24, 3, 2214);
window.suiteTableData['Default_suite']= { tableData: data, tableDiv: 'times-div-Default_suite'}
return data;
}
              </script>
              <span class="suite-total-time">Total running time: 4 minutes</span>
              <div id="times-div-Default_suite">
              </div> <!-- times-div-Default_suite -->
            </div> <!-- times-div -->
          </div> <!-- main-panel-content rounded-window-bottom -->
        </div> <!-- panel -->
        <div panel-name="reporter-Default_suite" class="panel">
          <div class="main-panel-header rounded-window-top">
            <span class="header-content">Reporter output for Default suite</span>
          </div> <!-- main-panel-header rounded-window-top -->
          <div class="main-panel-content rounded-window-bottom">
          </div> <!-- main-panel-content rounded-window-bottom -->
        </div> <!-- panel -->
        <div panel-name="ignored-methods-Default_suite" class="panel">
          <div class="main-panel-header rounded-window-top">
            <span class="header-content">0 ignored methods</span>
          </div> <!-- main-panel-header rounded-window-top -->
          <div class="main-panel-content rounded-window-bottom">
          </div> <!-- main-panel-content rounded-window-bottom -->
        </div> <!-- panel -->
        <div panel-name="chronological-Default_suite" class="panel">
          <div class="main-panel-header rounded-window-top">
            <span class="header-content">Methods in chronological order</span>
          </div> <!-- main-panel-header rounded-window-top -->
          <div class="main-panel-content rounded-window-bottom">
            <div class="chronological-class">
              <div class="chronological-class-name">testRunner.TestRunner</div> <!-- chronological-class-name -->
              <div class="configuration-class before">
                <span class="method-name">setUpClass(org.testng.TestRunner@650a0b50)</span>
                <span class="method-start">0 ms</span>
              </div> <!-- configuration-class before -->
              <div class="test-method">
                <img src="failed.png">
                </img>
                <span class="method-name">runScenario("Testing the Implementation of Queue in Python link in Queue Page", "Testing the Functionalities of ...)</span>
                <span class="method-start">1526 ms</span>
              </div> <!-- test-method -->
              <div class="test-method">
                <span class="method-name">runScenario("Testing the Implementation using collections queue  link in Queue Page", "Testing the Functionaliti...)</span>
                <span class="method-start">3772 ms</span>
              </div> <!-- test-method -->
              <div class="test-method">
                <span class="method-name">runScenario("Testing the Implementation using Array link Queue  Page", "Testing the Functionalities of Queue Pag...)</span>
                <span class="method-start">16562 ms</span>
              </div> <!-- test-method -->
              <div class="test-method">
                <span class="method-name">runScenario("Testing the Queue Operations link in Queue Page", "Testing the Functionalities of Queue Page")</span>
                <span class="method-start">26411 ms</span>
              </div> <!-- test-method -->
              <div class="test-method">
                <span class="method-name">runScenario("Testing the Implementation of Queue link from the Left panel links", "Testing the Functionalities o...)</span>
                <span class="method-start">34808 ms</span>
              </div> <!-- test-method -->
              <div class="test-method">
                <span class="method-name">runScenario("Testing the Implementation using collections.queue link  from the Left panel links", "Testing the F...)</span>
                <span class="method-start">42559 ms</span>
              </div> <!-- test-method -->
              <div class="test-method">
                <span class="method-name">runScenario("Testing the Implementation using Array link from the Left panel links", "Testing the Functionalitie...)</span>
                <span class="method-start">49159 ms</span>
              </div> <!-- test-method -->
              <div class="test-method">
                <span class="method-name">runScenario("Testing the Queue Operations link from the Left panel links", "Testing the Functionalities of Queue...)</span>
                <span class="method-start">55120 ms</span>
              </div> <!-- test-method -->
              <div class="test-method">
                <span class="method-name">runScenario("Testing the Practice Questions link from the Left panel links", "Testing the Functionalities of Que...)</span>
                <span class="method-start">61578 ms</span>
              </div> <!-- test-method -->
              <div class="test-method">
                <span class="method-name">runScenario("Testing the Try here in Implementation of Queue in Python Page", "Testing the Functionalities of Qu...)</span>
                <span class="method-start">67228 ms</span>
              </div> <!-- test-method -->
              <div class="test-method">
                <img src="failed.png">
                </img>
                <span class="method-name">runScenario("Testing the Implementation of Queue Python Editor with Valid codes", "Testing the Functionalities o...)</span>
                <span class="method-start">73800 ms</span>
              </div> <!-- test-method -->
              <div class="test-method">
                <img src="failed.png">
                </img>
                <span class="method-name">runScenario("Testing the Implementation of Queue Python Try Editor page without any Python codes", "Testing the ...)</span>
                <span class="method-start">153001 ms</span>
              </div> <!-- test-method -->
              <div class="test-method">
                <span class="method-name">runScenario("Testing the Implementation of Queue Python Editor with InValid codes", "Testing the Functionalities...)</span>
                <span class="method-start">159091 ms</span>
              </div> <!-- test-method -->
              <div class="test-method">
                <span class="method-name">runScenario("Testing the Try here in Implementation using collections.queue in Python Page", "Testing the Functi...)</span>
                <span class="method-start">168026 ms</span>
              </div> <!-- test-method -->
              <div class="test-method">
                <span class="method-name">runScenario("Testing the Implementation using collections.queue page Python Editor with Valid codes", "Testing t...)</span>
                <span class="method-start">176524 ms</span>
              </div> <!-- test-method -->
              <div class="test-method">
                <span class="method-name">runScenario("Testing the Implementation using collections.queue Python Try Editor page without any Python codes"...)</span>
                <span class="method-start">186045 ms</span>
              </div> <!-- test-method -->
              <div class="test-method">
                <span class="method-name">runScenario("Testing the Implementation using collections.queue PY_Editor with InValid codes", "Testing the Func...)</span>
                <span class="method-start">193185 ms</span>
              </div> <!-- test-method -->
              <div class="test-method">
                <span class="method-name">runScenario("Testing the Try here in Implementation using array in Python Page", "Testing the Functionalities of...)</span>
                <span class="method-start">203108 ms</span>
              </div> <!-- test-method -->
              <div class="test-method">
                <span class="method-name">runScenario("Testing the Implementation using array page Python Editor with Valid codes", "Testing the Functiona...)</span>
                <span class="method-start">208912 ms</span>
              </div> <!-- test-method -->
              <div class="test-method">
                <span class="method-name">runScenario("Testing the Implementation using array Python Try Editor page without any Python codes", "Testing t...)</span>
                <span class="method-start">215427 ms</span>
              </div> <!-- test-method -->
              <div class="test-method">
                <span class="method-name">runScenario("Testing the Implementation using array Python Editor with InValid codes", "Testing the Functionalit...)</span>
                <span class="method-start">221064 ms</span>
              </div> <!-- test-method -->
              <div class="test-method">
                <span class="method-name">runScenario("Testing the Try here in Queue Operations in Python Page", "Testing the Functionalities of Queue Pag...)</span>
                <span class="method-start">226963 ms</span>
              </div> <!-- test-method -->
              <div class="test-method">
                <span class="method-name">runScenario("Testing the Queue Operations Python Editor with Valid codes", "Testing the Functionalities of Queue...)</span>
                <span class="method-start">232369 ms</span>
              </div> <!-- test-method -->
              <div class="test-method">
                <span class="method-name">runScenario("Testing the Queue Operations  Python Try Editor page without any Python codes", "Testing the Functi...)</span>
                <span class="method-start">238390 ms</span>
              </div> <!-- test-method -->
              <div class="test-method">
                <span class="method-name">runScenario("Testing the Queue Operations Python Editor with InValid codes", "Testing the Functionalities of Que...)</span>
                <span class="method-start">243985 ms</span>
              </div> <!-- test-method -->
              <div class="configuration-class after">
                <span class="method-name">tearDownClass</span>
                <span class="method-start">249972 ms</span>
              </div> <!-- configuration-class after -->
          </div> <!-- main-panel-content rounded-window-bottom -->
        </div> <!-- panel -->
      </div> <!-- main-panel-root -->
    </div> <!-- wrapper -->
  </body>
<script type="text/javascript" src="testng-reports2.js"></script>
</html>
