<?xml version="1.0" encoding="UTF-8"?>
<!-- Generated by org.testng.reporters.JUnitReportReporter -->
<testsuite hostname="LAPTOP-E1NRTU5J" failures="4" tests="12" name="testRunner.TestRunner" time="52.321" errors="0" timestamp="2024-08-10T18:59:07 CDT" skipped="0">
  <testcase classname="testRunner.TestRunner" name="runScenario" time="4.504">
    <failure message="expected [true] but found [false]" type="java.lang.AssertionError">
      <![CDATA[java.lang.AssertionError: expected [true] but found [false]
at org.testng.Assert.fail(Assert.java:111)
at org.testng.Assert.failNotEquals(Assert.java:1578)
at org.testng.Assert.assertTrue(Assert.java:57)
at org.testng.Assert.assertTrue(Assert.java:67)
at stepDefinitions.RegisterSteps.error_message_stating_password_setting_rules_should_be_displayed(RegisterSteps.java:216)
at ✽.Error message stating password setting rules should be displayed(file:///C:/Users/jayau/OneDrive/Desktop/GIT-NumpyNinja/NN_DS_ALO_SDET-WARRIORS/./FeatureFiles/Register.feature:36)
]]>
    </failure>
  </testcase> <!-- runScenario -->
  <testcase classname="testRunner.TestRunner" name="runScenario" time="4.087"/>
  <testcase classname="testRunner.TestRunner" name="runScenario" time="3.561"/>
  <testcase classname="testRunner.TestRunner" name="runScenario" time="3.737"/>
  <testcase classname="testRunner.TestRunner" name="runScenario" time="3.795"/>
  <testcase classname="testRunner.TestRunner" name="runScenario" time="4.218">
    <failure message="expected [true] but found [false]" type="java.lang.AssertionError">
      <![CDATA[java.lang.AssertionError: expected [true] but found [false]
at org.testng.Assert.fail(Assert.java:111)
at org.testng.Assert.failNotEquals(Assert.java:1578)
at org.testng.Assert.assertTrue(Assert.java:57)
at org.testng.Assert.assertTrue(Assert.java:67)
at stepDefinitions.RegisterSteps.error_message_stating_username_already_exists_should_be_displayed(RegisterSteps.java:187)
at ✽.Error message stating username already exists should be displayed(file:///C:/Users/jayau/OneDrive/Desktop/GIT-NumpyNinja/NN_DS_ALO_SDET-WARRIORS/./FeatureFiles/Register.feature:30)
]]>
    </failure>
  </testcase> <!-- runScenario -->
  <testcase classname="testRunner.TestRunner" name="runScenario" time="3.884">
    <failure message="expected [true] but found [false]" type="java.lang.AssertionError">
      <![CDATA[java.lang.AssertionError: expected [true] but found [false]
at org.testng.Assert.fail(Assert.java:111)
at org.testng.Assert.failNotEquals(Assert.java:1578)
at org.testng.Assert.assertTrue(Assert.java:57)
at org.testng.Assert.assertTrue(Assert.java:67)
at stepDefinitions.RegisterSteps.error_message_stating_password_setting_rules_should_be_displayed(RegisterSteps.java:216)
at ✽.Error message stating password setting rules should be displayed(file:///C:/Users/jayau/OneDrive/Desktop/GIT-NumpyNinja/NN_DS_ALO_SDET-WARRIORS/./FeatureFiles/Register.feature:36)
]]>
    </failure>
  </testcase> <!-- runScenario -->
  <testcase classname="testRunner.TestRunner" name="runScenario" time="4.307"/>
  <testcase classname="testRunner.TestRunner" name="runScenario" time="4.138">
    <failure message="expected [true] but found [false]" type="java.lang.AssertionError">
      <![CDATA[java.lang.AssertionError: expected [true] but found [false]
at org.testng.Assert.fail(Assert.java:111)
at org.testng.Assert.failNotEquals(Assert.java:1578)
at org.testng.Assert.assertTrue(Assert.java:57)
at org.testng.Assert.assertTrue(Assert.java:67)
at stepDefinitions.RegisterSteps.error_message_stating_password_setting_rules_should_be_displayed(RegisterSteps.java:216)
at ✽.Error message stating password setting rules should be displayed(file:///C:/Users/jayau/OneDrive/Desktop/GIT-NumpyNinja/NN_DS_ALO_SDET-WARRIORS/./FeatureFiles/Register.feature:36)
]]>
    </failure>
  </testcase> <!-- runScenario -->
  <testcase classname="testRunner.TestRunner" name="runScenario" time="3.817"/>
  <testcase classname="testRunner.TestRunner" name="runScenario" time="8.530"/>
  <testcase classname="testRunner.TestRunner" name="runScenario" time="3.743"/>
</testsuite> <!-- testRunner.TestRunner -->
